<INFO> 1-May-2019::16:37:08.424 QSNYDER-M-C5UP ncs[6319]: ncs embedded apps in early_phase0:
	[]
<INFO> 1-May-2019::16:37:09.012 QSNYDER-M-C5UP ncs[6319]: ncs mmap_schema, started
<INFO> 1-May-2019::16:37:09.046 QSNYDER-M-C5UP ncs[6319]: ncs mmap_schema not supported on platform
<INFO> 1-May-2019::16:37:09.057 QSNYDER-M-C5UP ncs[6319]: ncs embedded apps in phase0:
	[]
<DEBUG> 1-May-2019::16:37:09.212 QSNYDER-M-C5UP ncs[6319]: devel-cdb Using delayed CDB journal compaction (automatic mode)
<INFO> 1-May-2019::16:37:09.479 QSNYDER-M-C5UP ncs[6319]: devel-cdb init files found in /Users/qsnyder/ncs-471/var/ncs/cdb: aaa_init.xml, ncs_defaults.xml, sls_defaults.xml, tailf-ncs-alarms_init.xml
<INFO> 1-May-2019::16:37:09.479 QSNYDER-M-C5UP ncs[6319]: devel-cdb init files found in ./ncs-cdb: 
<INFO> 1-May-2019::16:37:09.479 QSNYDER-M-C5UP ncs[6319]: devel-cdb init files found in ./state/packages-in-use/1/cisco-ios/load-dir: 
<INFO> 1-May-2019::16:37:09.578 QSNYDER-M-C5UP ncs[6319]: ncs 6325

<INFO> 1-May-2019::16:37:09.617 QSNYDER-M-C5UP ncs[6319]: ncs Starting java-vm with options:

<INFO> 1-May-2019::16:37:09.617 QSNYDER-M-C5UP ncs[6319]: ncs ' -classpath ./state/packages-in-use/1/cisco-ios/shared-jar/*:./state/packages-in-use/1/cisco-ios/private-jar/*:/Users/qsnyder/ncs-471/java/jar/* -Dport=4569 -Djava.awt.headless=true -Djava.security.egd=file:/dev/./urandom -Dfile.encoding=UTF-8'

<INFO> 1-May-2019::16:37:09.875 QSNYDER-M-C5UP ncs[6319]: ncs log4j:WARN No appenders could be found for logger (com.tailf.cdb.Cdb).

<INFO> 1-May-2019::16:37:09.875 QSNYDER-M-C5UP ncs[6319]: ncs log4j:WARN Please initialize the log4j system properly.

<INFO> 1-May-2019::16:37:09.875 QSNYDER-M-C5UP ncs[6319]: ncs log4j:WARN See http://logging.apache.org/log4j/1.2/faq.html#noconfig for more info.

<DEBUG> 1-May-2019::16:37:10.195 QSNYDER-M-C5UP ncs[6319]: devel-cdb connect from cdb-upgrade-sock
<DEBUG> 1-May-2019::16:37:10.200 QSNYDER-M-C5UP ncs[6319]: devel-cdb new session on running for cdb-upgrade-sock
<DEBUG> 1-May-2019::16:37:10.206 QSNYDER-M-C5UP ncs[6319]: devel-cdb client cdb-upgrade-sock closed
<DEBUG> 1-May-2019::16:37:10.240 QSNYDER-M-C5UP ncs[6319]: ncs commit progress db=running usid=5 thandle=-2: entering validate phase for running...
<DEBUG> 1-May-2019::16:37:10.247 QSNYDER-M-C5UP ncs[6319]: ncs commit progress db=running usid=5 thandle=-2: validate: grabbing transaction lock...
<DEBUG> 1-May-2019::16:37:10.247 QSNYDER-M-C5UP ncs[6319]: ncs commit progress db=running usid=5 thandle=-2: validate: grabbing transaction lock ok
<DEBUG> 1-May-2019::16:37:10.247 QSNYDER-M-C5UP ncs[6319]: ncs commit progress db=running usid=5 thandle=-2: validate: mark inactive...
<DEBUG> 1-May-2019::16:37:10.257 QSNYDER-M-C5UP ncs[6319]: ncs commit progress db=running usid=5 thandle=-2: validate: mark inactive ok
<DEBUG> 1-May-2019::16:37:10.263 QSNYDER-M-C5UP ncs[6319]: ncs commit progress db=running usid=5 thandle=-2: validate: pre validate...
<DEBUG> 1-May-2019::16:37:10.264 QSNYDER-M-C5UP ncs[6319]: ncs commit progress db=running usid=5 thandle=-2: validate: pre validate ok
<DEBUG> 1-May-2019::16:37:10.266 QSNYDER-M-C5UP ncs[6319]: ncs commit progress db=running usid=5 thandle=-2: validate: run validation over the change set...
<DEBUG> 1-May-2019::16:37:10.287 QSNYDER-M-C5UP ncs[6319]: ncs commit progress db=running usid=5 thandle=-2: validate: validation over the change set done
<DEBUG> 1-May-2019::16:37:10.287 QSNYDER-M-C5UP ncs[6319]: ncs commit progress db=running usid=5 thandle=-2: validate: run dependency-triggered validation...
<DEBUG> 1-May-2019::16:37:10.294 QSNYDER-M-C5UP ncs[6319]: ncs commit progress db=running usid=5 thandle=-2: validate: dependency-triggered validation done
<DEBUG> 1-May-2019::16:37:10.294 QSNYDER-M-C5UP ncs[6319]: ncs commit progress db=running usid=5 thandle=-2: validate: check configuration policies...
<DEBUG> 1-May-2019::16:37:10.294 QSNYDER-M-C5UP ncs[6319]: ncs commit progress db=running usid=5 thandle=-2: validate: configuration policies done
<DEBUG> 1-May-2019::16:37:10.294 QSNYDER-M-C5UP ncs[6319]: ncs commit progress db=running usid=5 thandle=-2: entering write-start phase for running...
<DEBUG> 1-May-2019::16:37:10.294 QSNYDER-M-C5UP ncs[6319]: ncs commit progress db=running usid=5 thandle=-2: cdb: write-start
<DEBUG> 1-May-2019::16:37:10.299 QSNYDER-M-C5UP ncs[6319]: ncs commit progress db=running usid=5 thandle=-2: entering prepare phase for running...
<DEBUG> 1-May-2019::16:37:10.299 QSNYDER-M-C5UP ncs[6319]: ncs commit progress db=running usid=5 thandle=-2: cdb: prepare
<DEBUG> 1-May-2019::16:37:10.299 QSNYDER-M-C5UP ncs[6319]: ncs commit progress db=running usid=5 thandle=-2: entering commit phase for running...
<DEBUG> 1-May-2019::16:37:10.299 QSNYDER-M-C5UP ncs[6319]: ncs commit progress db=running usid=5 thandle=-2: cdb: commit
<INFO> 1-May-2019::16:37:10.300 QSNYDER-M-C5UP ncs[6319]: ncs embedded apps in phase1:
	[]
<DEBUG> 1-May-2019::16:37:10.301 QSNYDER-M-C5UP ncs[6319]: devel-cdb Delaying CDB journal compaction
<DEBUG> 1-May-2019::16:37:10.472 QSNYDER-M-C5UP ncs[6319]: devel-c New daemon connected (name: ncs-internal-device-mgr, daemon id: 0)
<DEBUG> 1-May-2019::16:37:10.472 QSNYDER-M-C5UP ncs[6319]: devel-c New worker connected (daemon id: 0 worker id: 1)
<DEBUG> 1-May-2019::16:37:10.541 QSNYDER-M-C5UP ncs[6319]: devel-c New daemon connected (name: snmp-config-transform, daemon id: 1)
<DEBUG> 1-May-2019::16:37:10.541 QSNYDER-M-C5UP ncs[6319]: devel-c New worker connected (daemon id: 1 worker id: 4)
<DEBUG> 1-May-2019::16:37:10.542 QSNYDER-M-C5UP ncs[6319]: devel-cdb connect from snmp-config-transform
<DEBUG> 1-May-2019::16:37:10.542 QSNYDER-M-C5UP ncs[6319]: devel-cdb client snmp-config-transform has pid 6336/6
<DEBUG> 1-May-2019::16:37:10.542 QSNYDER-M-C5UP ncs[6319]: devel-cdb inactive client snmp-config-transform closed
<DEBUG> 1-May-2019::16:37:10.542 QSNYDER-M-C5UP ncs[6319]: devel-c New daemon connected (name: snmp-config-hook, daemon id: 2)
<DEBUG> 1-May-2019::16:37:10.543 QSNYDER-M-C5UP ncs[6319]: devel-c New worker connected (daemon id: 2 worker id: 7)
<DEBUG> 1-May-2019::16:37:10.573 QSNYDER-M-C5UP ncs[6319]: devel-c New daemon connected (name: ncs-internal-template-variable, daemon id: 3)
<DEBUG> 1-May-2019::16:37:10.573 QSNYDER-M-C5UP ncs[6319]: devel-c New worker connected (daemon id: 3 worker id: 1)
<DEBUG> 1-May-2019::16:37:10.583 QSNYDER-M-C5UP ncs[6319]: devel-c New daemon connected (name: ncs-internal-service-mux, daemon id: 4)
<DEBUG> 1-May-2019::16:37:10.583 QSNYDER-M-C5UP ncs[6319]: devel-c New worker connected (daemon id: 4 worker id: 1)
<DEBUG> 1-May-2019::16:37:10.601 QSNYDER-M-C5UP ncs[6319]: devel-c New daemon connected (name: ncs-internal-service-mux-completion, daemon id: 5)
<DEBUG> 1-May-2019::16:37:10.602 QSNYDER-M-C5UP ncs[6319]: devel-c New worker connected (daemon id: 5 worker id: 1)
<DEBUG> 1-May-2019::16:37:10.636 QSNYDER-M-C5UP ncs[6319]: devel-cdb Loaded AAA data from CDB
<INFO> 1-May-2019::16:37:10.672 QSNYDER-M-C5UP ncs[6319]: ncs embedded apps in phase1_delayed:
	[]
<DEBUG> 1-May-2019::16:37:10.685 QSNYDER-M-C5UP ncs[6319]: ncs commit progress db=running usid=23 thandle=13: entering validate phase for running...
<DEBUG> 1-May-2019::16:37:10.685 QSNYDER-M-C5UP ncs[6319]: ncs commit progress db=running usid=23 thandle=13: validate: run pre-trans-lock service callbacks...
<DEBUG> 1-May-2019::16:37:10.685 QSNYDER-M-C5UP ncs[6319]: ncs commit progress db=running usid=23 thandle=13: validate: run transforms and transaction hooks...
<DEBUG> 1-May-2019::16:37:10.685 QSNYDER-M-C5UP ncs[6319]: ncs commit progress db=running usid=23 thandle=13: validate: run transforms and transaction hooks done
<DEBUG> 1-May-2019::16:37:10.685 QSNYDER-M-C5UP ncs[6319]: ncs commit progress db=running usid=23 thandle=13: validate: pre-trans-lock service callbacks done
<DEBUG> 1-May-2019::16:37:10.685 QSNYDER-M-C5UP ncs[6319]: devel-c new_usess db request daemon id: 4
<DEBUG> 1-May-2019::16:37:10.685 QSNYDER-M-C5UP ncs[6319]: ncs commit progress db=running usid=23 thandle=13: validate: grabbing transaction lock...
<DEBUG> 1-May-2019::16:37:10.685 QSNYDER-M-C5UP ncs[6319]: devel-c db reply daemon id: 4
<DEBUG> 1-May-2019::16:37:10.686 QSNYDER-M-C5UP ncs[6319]: devel-c new_trans request daemon id: 4 thandle: 13
<DEBUG> 1-May-2019::16:37:10.686 QSNYDER-M-C5UP ncs[6319]: devel-c new_trans succeeded daemon id: 4 session id: 13 worker id: 1
<DEBUG> 1-May-2019::16:37:10.686 QSNYDER-M-C5UP ncs[6319]: devel-c new_usess db request daemon id: 0
<DEBUG> 1-May-2019::16:37:10.686 QSNYDER-M-C5UP ncs[6319]: devel-c db reply daemon id: 0
<DEBUG> 1-May-2019::16:37:10.686 QSNYDER-M-C5UP ncs[6319]: devel-c new_trans request daemon id: 0 thandle: 13
<DEBUG> 1-May-2019::16:37:10.686 QSNYDER-M-C5UP ncs[6319]: devel-c new_trans succeeded daemon id: 0 session id: 13 worker id: 1
<DEBUG> 1-May-2019::16:37:10.686 QSNYDER-M-C5UP ncs[6319]: devel-c trans_lock request daemon id: 4 session id: 13
<DEBUG> 1-May-2019::16:37:10.686 QSNYDER-M-C5UP ncs[6319]: devel-c trans_lock succeeded daemon id: 4 session id: 13
<DEBUG> 1-May-2019::16:37:10.686 QSNYDER-M-C5UP ncs[6319]: ncs commit progress db=running usid=23 thandle=13: validate: grabbing transaction lock ok
<DEBUG> 1-May-2019::16:37:10.686 QSNYDER-M-C5UP ncs[6319]: ncs commit progress db=running usid=23 thandle=13: validate: creating rollback file...
<DEBUG> 1-May-2019::16:37:10.688 QSNYDER-M-C5UP ncs[6319]: ncs commit progress db=running usid=23 thandle=13: validate: creating rollback file ok
<DEBUG> 1-May-2019::16:37:10.688 QSNYDER-M-C5UP ncs[6319]: ncs commit progress db=running usid=23 thandle=13: validate: run transforms and transaction hooks...
<DEBUG> 1-May-2019::16:37:10.688 QSNYDER-M-C5UP ncs[6319]: ncs commit progress db=running usid=23 thandle=13: validate: run transforms and transaction hooks done
<DEBUG> 1-May-2019::16:37:10.688 QSNYDER-M-C5UP ncs[6319]: ncs commit progress db=running usid=23 thandle=13: validate: mark inactive...
<DEBUG> 1-May-2019::16:37:10.688 QSNYDER-M-C5UP ncs[6319]: ncs commit progress db=running usid=23 thandle=13: validate: mark inactive ok
<DEBUG> 1-May-2019::16:37:10.688 QSNYDER-M-C5UP ncs[6319]: ncs commit progress db=running usid=23 thandle=13: validate: pre validate...
<DEBUG> 1-May-2019::16:37:10.688 QSNYDER-M-C5UP ncs[6319]: ncs commit progress db=running usid=23 thandle=13: validate: pre validate ok
<DEBUG> 1-May-2019::16:37:10.688 QSNYDER-M-C5UP ncs[6319]: ncs commit progress db=running usid=23 thandle=13: validate: run validation over the change set...
<DEBUG> 1-May-2019::16:37:10.688 QSNYDER-M-C5UP ncs[6319]: ncs commit progress db=running usid=23 thandle=13: validate: validation over the change set done
<DEBUG> 1-May-2019::16:37:10.688 QSNYDER-M-C5UP ncs[6319]: ncs commit progress db=running usid=23 thandle=13: validate: run dependency-triggered validation...
<DEBUG> 1-May-2019::16:37:10.689 QSNYDER-M-C5UP ncs[6319]: ncs commit progress db=running usid=23 thandle=13: validate: dependency-triggered validation done
<DEBUG> 1-May-2019::16:37:10.689 QSNYDER-M-C5UP ncs[6319]: ncs commit progress db=running usid=23 thandle=13: validate: check configuration policies...
<DEBUG> 1-May-2019::16:37:10.689 QSNYDER-M-C5UP ncs[6319]: ncs commit progress db=running usid=23 thandle=13: validate: configuration policies done
<DEBUG> 1-May-2019::16:37:10.689 QSNYDER-M-C5UP ncs[6319]: ncs commit progress db=running usid=23 thandle=13: entering write-start phase for running...
<DEBUG> 1-May-2019::16:37:10.689 QSNYDER-M-C5UP ncs[6319]: ncs commit progress db=running usid=23 thandle=13: cdb: write-start
<DEBUG> 1-May-2019::16:37:10.689 QSNYDER-M-C5UP ncs[6319]: ncs commit progress db=running usid=23 thandle=13: entering prepare phase for running...
<DEBUG> 1-May-2019::16:37:10.689 QSNYDER-M-C5UP ncs[6319]: ncs commit progress db=running usid=23 thandle=13: cdb: prepare
<DEBUG> 1-May-2019::16:37:10.689 QSNYDER-M-C5UP ncs[6319]: devel-c prepare request daemon id: 0 session id: 13
<DEBUG> 1-May-2019::16:37:10.689 QSNYDER-M-C5UP ncs[6319]: ncs commit progress db=running usid=23 thandle=13: ncs-internal-device-mgr: prepare
<DEBUG> 1-May-2019::16:37:10.706 QSNYDER-M-C5UP ncs[6319]: devel-c prepare succeeded daemon id: 0 session id: 13
<DEBUG> 1-May-2019::16:37:10.706 QSNYDER-M-C5UP ncs[6319]: ncs commit progress db=running usid=23 thandle=13: entering commit phase for running...
<DEBUG> 1-May-2019::16:37:10.706 QSNYDER-M-C5UP ncs[6319]: ncs commit progress db=running usid=23 thandle=13: cdb: commit
<DEBUG> 1-May-2019::16:37:10.707 QSNYDER-M-C5UP ncs[6319]: ncs commit progress db=running usid=23 thandle=13: ncs-internal-service-mux: commit
<DEBUG> 1-May-2019::16:37:10.707 QSNYDER-M-C5UP ncs[6319]: devel-c commit request daemon id: 4 session id: 13
<DEBUG> 1-May-2019::16:37:10.707 QSNYDER-M-C5UP ncs[6319]: ncs commit progress db=running usid=23 thandle=13: ncs-internal-device-mgr: commit
<DEBUG> 1-May-2019::16:37:10.707 QSNYDER-M-C5UP ncs[6319]: devel-c commit succeeded daemon id: 4 session id: 13
<DEBUG> 1-May-2019::16:37:10.708 QSNYDER-M-C5UP ncs[6319]: devel-c commit request daemon id: 0 session id: 13
<DEBUG> 1-May-2019::16:37:10.720 QSNYDER-M-C5UP ncs[6319]: ncs Unlock all devices held by process
<DEBUG> 1-May-2019::16:37:10.720 QSNYDER-M-C5UP ncs[6319]: devel-c commit succeeded daemon id: 0 session id: 13
<DEBUG> 1-May-2019::16:37:10.720 QSNYDER-M-C5UP ncs[6319]: devel-c close_trans request daemon id: 4 session id: 13
<DEBUG> 1-May-2019::16:37:10.720 QSNYDER-M-C5UP ncs[6319]: devel-c close_trans succeeded daemon id: 4 session id: 13
<DEBUG> 1-May-2019::16:37:10.720 QSNYDER-M-C5UP ncs[6319]: devel-c close_trans request daemon id: 0 session id: 13
<DEBUG> 1-May-2019::16:37:10.720 QSNYDER-M-C5UP ncs[6319]: devel-c close_trans succeeded daemon id: 0 session id: 13
<DEBUG> 1-May-2019::16:37:10.720 QSNYDER-M-C5UP ncs[6319]: devel-c close_usess db request daemon id: 4
<DEBUG> 1-May-2019::16:37:10.721 QSNYDER-M-C5UP ncs[6319]: devel-c db reply daemon id: 4
<DEBUG> 1-May-2019::16:37:10.721 QSNYDER-M-C5UP ncs[6319]: devel-c close_usess db request daemon id: 0
<DEBUG> 1-May-2019::16:37:10.721 QSNYDER-M-C5UP ncs[6319]: devel-c db reply daemon id: 0
<DEBUG> 1-May-2019::16:37:10.722 QSNYDER-M-C5UP ncs[6319]: devel-c new_usess db request daemon id: 1
<DEBUG> 1-May-2019::16:37:10.722 QSNYDER-M-C5UP ncs[6319]: devel-c db reply daemon id: 1
<DEBUG> 1-May-2019::16:37:10.722 QSNYDER-M-C5UP ncs[6319]: devel-c new_trans request daemon id: 1 thandle: 16
<DEBUG> 1-May-2019::16:37:10.722 QSNYDER-M-C5UP ncs[6319]: devel-c new_trans succeeded daemon id: 1 session id: 16 worker id: 4
<DEBUG> 1-May-2019::16:37:10.722 QSNYDER-M-C5UP ncs[6319]: devel-c get_elem request for callpoint agent path /snmp:snmp/agent/enabled
<DEBUG> 1-May-2019::16:37:10.723 QSNYDER-M-C5UP ncs[6319]: devel-c get_elem succeeded for callpoint agent path /snmp:snmp/agent/enabled
<DEBUG> 1-May-2019::16:37:10.723 QSNYDER-M-C5UP ncs[6319]: devel-c get_elem request for callpoint agent path /snmp:snmp/agent/enabled
<DEBUG> 1-May-2019::16:37:10.723 QSNYDER-M-C5UP ncs[6319]: devel-c get_elem succeeded for callpoint agent path /snmp:snmp/agent/enabled
<DEBUG> 1-May-2019::16:37:10.723 QSNYDER-M-C5UP ncs[6319]: devel-c get_elem request for callpoint agent path /snmp:snmp/agent/ip
<DEBUG> 1-May-2019::16:37:10.723 QSNYDER-M-C5UP ncs[6319]: devel-c get_elem succeeded for callpoint agent path /snmp:snmp/agent/ip
<DEBUG> 1-May-2019::16:37:10.723 QSNYDER-M-C5UP ncs[6319]: devel-c get_elem request for callpoint agent path /snmp:snmp/agent/ip
<DEBUG> 1-May-2019::16:37:10.724 QSNYDER-M-C5UP ncs[6319]: devel-c get_elem succeeded for callpoint agent path /snmp:snmp/agent/ip
<DEBUG> 1-May-2019::16:37:10.724 QSNYDER-M-C5UP ncs[6319]: devel-c get_elem request for callpoint agent path /snmp:snmp/agent/udp-port
<DEBUG> 1-May-2019::16:37:10.724 QSNYDER-M-C5UP ncs[6319]: devel-c get_elem succeeded for callpoint agent path /snmp:snmp/agent/udp-port
<DEBUG> 1-May-2019::16:37:10.724 QSNYDER-M-C5UP ncs[6319]: devel-c get_elem request for callpoint agent path /snmp:snmp/agent/udp-port
<DEBUG> 1-May-2019::16:37:10.724 QSNYDER-M-C5UP ncs[6319]: devel-c get_elem succeeded for callpoint agent path /snmp:snmp/agent/udp-port
<DEBUG> 1-May-2019::16:37:10.724 QSNYDER-M-C5UP ncs[6319]: devel-c exists request for callpoint agent path /snmp:snmp/agent/version/v1
<DEBUG> 1-May-2019::16:37:10.725 QSNYDER-M-C5UP ncs[6319]: devel-c exists succeeded for callpoint agent path /snmp:snmp/agent/version/v1
<DEBUG> 1-May-2019::16:37:10.725 QSNYDER-M-C5UP ncs[6319]: devel-c exists request for callpoint agent path /snmp:snmp/agent/version/v2c
<DEBUG> 1-May-2019::16:37:10.725 QSNYDER-M-C5UP ncs[6319]: devel-c exists succeeded for callpoint agent path /snmp:snmp/agent/version/v2c
<DEBUG> 1-May-2019::16:37:10.725 QSNYDER-M-C5UP ncs[6319]: devel-c exists request for callpoint agent path /snmp:snmp/agent/version/v3
<DEBUG> 1-May-2019::16:37:10.726 QSNYDER-M-C5UP ncs[6319]: devel-c exists succeeded for callpoint agent path /snmp:snmp/agent/version/v3
<DEBUG> 1-May-2019::16:37:10.726 QSNYDER-M-C5UP ncs[6319]: devel-c get_elem request for callpoint agent path /snmp:snmp/agent/max-message-size
<DEBUG> 1-May-2019::16:37:10.726 QSNYDER-M-C5UP ncs[6319]: devel-c get_elem succeeded for callpoint agent path /snmp:snmp/agent/max-message-size
<DEBUG> 1-May-2019::16:37:10.726 QSNYDER-M-C5UP ncs[6319]: devel-c get_elem request for callpoint agent path /snmp:snmp/agent/max-message-size
<DEBUG> 1-May-2019::16:37:10.727 QSNYDER-M-C5UP ncs[6319]: devel-c get_elem succeeded for callpoint agent path /snmp:snmp/agent/max-message-size
<DEBUG> 1-May-2019::16:37:10.727 QSNYDER-M-C5UP ncs[6319]: devel-c get_elem request for callpoint agent path /snmp:snmp/system/contact
<DEBUG> 1-May-2019::16:37:10.727 QSNYDER-M-C5UP ncs[6319]: devel-c get_elem succeeded for callpoint agent path /snmp:snmp/system/contact
<DEBUG> 1-May-2019::16:37:10.727 QSNYDER-M-C5UP ncs[6319]: devel-c get_elem request for callpoint agent path /snmp:snmp/system/contact
<DEBUG> 1-May-2019::16:37:10.728 QSNYDER-M-C5UP ncs[6319]: devel-c get_elem succeeded for callpoint agent path /snmp:snmp/system/contact
<DEBUG> 1-May-2019::16:37:10.728 QSNYDER-M-C5UP ncs[6319]: devel-c get_elem request for callpoint agent path /snmp:snmp/system/name
<DEBUG> 1-May-2019::16:37:10.728 QSNYDER-M-C5UP ncs[6319]: devel-c get_elem succeeded for callpoint agent path /snmp:snmp/system/name
<DEBUG> 1-May-2019::16:37:10.728 QSNYDER-M-C5UP ncs[6319]: devel-c get_elem request for callpoint agent path /snmp:snmp/system/name
<DEBUG> 1-May-2019::16:37:10.729 QSNYDER-M-C5UP ncs[6319]: devel-c get_elem succeeded for callpoint agent path /snmp:snmp/system/name
<DEBUG> 1-May-2019::16:37:10.729 QSNYDER-M-C5UP ncs[6319]: devel-c get_elem request for callpoint agent path /snmp:snmp/system/location
<DEBUG> 1-May-2019::16:37:10.729 QSNYDER-M-C5UP ncs[6319]: devel-c get_elem succeeded for callpoint agent path /snmp:snmp/system/location
<DEBUG> 1-May-2019::16:37:10.729 QSNYDER-M-C5UP ncs[6319]: devel-c get_elem request for callpoint agent path /snmp:snmp/system/location
<DEBUG> 1-May-2019::16:37:10.730 QSNYDER-M-C5UP ncs[6319]: devel-c get_elem succeeded for callpoint agent path /snmp:snmp/system/location
<DEBUG> 1-May-2019::16:37:10.730 QSNYDER-M-C5UP ncs[6319]: devel-c get_elem request for callpoint usm path /snmp:snmp/usm/local/user{initial}/name
<DEBUG> 1-May-2019::16:37:10.731 QSNYDER-M-C5UP ncs[6319]: devel-c get_elem succeeded for callpoint usm path /snmp:snmp/usm/local/user{initial}/name
<DEBUG> 1-May-2019::16:37:10.731 QSNYDER-M-C5UP ncs[6319]: devel-c get_case request for callpoint usm path /snmp:snmp/usm/local/user{initial}/auth
<DEBUG> 1-May-2019::16:37:10.732 QSNYDER-M-C5UP ncs[6319]: devel-c get_case succeeded for callpoint usm path /snmp:snmp/usm/local/user{initial}/auth
<DEBUG> 1-May-2019::16:37:10.733 QSNYDER-M-C5UP ncs[6319]: devel-c get_case request for callpoint usm path /snmp:snmp/usm/local/user{initial}/priv
<DEBUG> 1-May-2019::16:37:10.733 QSNYDER-M-C5UP ncs[6319]: devel-c get_case succeeded for callpoint usm path /snmp:snmp/usm/local/user{initial}/priv
<DEBUG> 1-May-2019::16:37:10.734 QSNYDER-M-C5UP ncs[6319]: devel-c get_elem request for callpoint target path /snmp:snmp/target{monitor}/name
<DEBUG> 1-May-2019::16:37:10.734 QSNYDER-M-C5UP ncs[6319]: devel-c get_elem succeeded for callpoint target path /snmp:snmp/target{monitor}/name
<DEBUG> 1-May-2019::16:37:10.735 QSNYDER-M-C5UP ncs[6319]: devel-c get_elem request for callpoint target path /snmp:snmp/target{monitor}/udp-port
<DEBUG> 1-May-2019::16:37:10.735 QSNYDER-M-C5UP ncs[6319]: devel-c get_elem succeeded for callpoint target path /snmp:snmp/target{monitor}/udp-port
<DEBUG> 1-May-2019::16:37:10.735 QSNYDER-M-C5UP ncs[6319]: devel-c get_elem request for callpoint target path /snmp:snmp/target{monitor}/name
<DEBUG> 1-May-2019::16:37:10.736 QSNYDER-M-C5UP ncs[6319]: devel-c get_elem succeeded for callpoint target path /snmp:snmp/target{monitor}/name
<DEBUG> 1-May-2019::16:37:10.736 QSNYDER-M-C5UP ncs[6319]: devel-c get_elem request for callpoint target path /snmp:snmp/target{monitor}/timeout
<DEBUG> 1-May-2019::16:37:10.736 QSNYDER-M-C5UP ncs[6319]: devel-c get_elem succeeded for callpoint target path /snmp:snmp/target{monitor}/timeout
<DEBUG> 1-May-2019::16:37:10.737 QSNYDER-M-C5UP ncs[6319]: devel-c get_elem request for callpoint target path /snmp:snmp/target{monitor}/name
<DEBUG> 1-May-2019::16:37:10.737 QSNYDER-M-C5UP ncs[6319]: devel-c get_elem succeeded for callpoint target path /snmp:snmp/target{monitor}/name
<DEBUG> 1-May-2019::16:37:10.737 QSNYDER-M-C5UP ncs[6319]: devel-c get_elem request for callpoint target path /snmp:snmp/target{monitor}/retries
<DEBUG> 1-May-2019::16:37:10.738 QSNYDER-M-C5UP ncs[6319]: devel-c get_elem succeeded for callpoint target path /snmp:snmp/target{monitor}/retries
<DEBUG> 1-May-2019::16:37:10.738 QSNYDER-M-C5UP ncs[6319]: devel-c get_elem request for callpoint target path /snmp:snmp/target{monitor}/name
<DEBUG> 1-May-2019::16:37:10.739 QSNYDER-M-C5UP ncs[6319]: devel-c get_elem succeeded for callpoint target path /snmp:snmp/target{monitor}/name
<DEBUG> 1-May-2019::16:37:10.739 QSNYDER-M-C5UP ncs[6319]: devel-c get_case request for callpoint target path /snmp:snmp/target{monitor}
<DEBUG> 1-May-2019::16:37:10.739 QSNYDER-M-C5UP ncs[6319]: devel-c get_case succeeded for callpoint target path /snmp:snmp/target{monitor}
<DEBUG> 1-May-2019::16:37:10.740 QSNYDER-M-C5UP ncs[6319]: devel-c get_elem request for callpoint community path /snmp:snmp/community{public}/index
<DEBUG> 1-May-2019::16:37:10.740 QSNYDER-M-C5UP ncs[6319]: devel-c get_elem succeeded for callpoint community path /snmp:snmp/community{public}/index
<DEBUG> 1-May-2019::16:37:10.740 QSNYDER-M-C5UP ncs[6319]: devel-c new_usess db request daemon id: 2
<DEBUG> 1-May-2019::16:37:10.741 QSNYDER-M-C5UP ncs[6319]: devel-c db reply daemon id: 2
<DEBUG> 1-May-2019::16:37:10.741 QSNYDER-M-C5UP ncs[6319]: devel-c new_trans request daemon id: 2 thandle: 16
<DEBUG> 1-May-2019::16:37:10.741 QSNYDER-M-C5UP ncs[6319]: devel-c new_trans succeeded daemon id: 2 session id: 16 worker id: 7
<DEBUG> 1-May-2019::16:37:10.741 QSNYDER-M-C5UP ncs[6319]: devel-c create request for callpoint 'community-hook' path /snmp:snmp/community{public}
<DEBUG> 1-May-2019::16:37:10.742 QSNYDER-M-C5UP ncs[6319]: devel-c create succeeded for callpoint 'community-hook' path /snmp:snmp/community{public}
<DEBUG> 1-May-2019::16:37:10.742 QSNYDER-M-C5UP ncs[6319]: devel-c get_elem request for callpoint community path /snmp:snmp/community{public}/sec-name
<DEBUG> 1-May-2019::16:37:10.742 QSNYDER-M-C5UP ncs[6319]: devel-c get_elem succeeded for callpoint community path /snmp:snmp/community{public}/sec-name
<DEBUG> 1-May-2019::16:37:10.743 QSNYDER-M-C5UP ncs[6319]: devel-c get_elem request for callpoint notify path /snmp:snmp/notify{foo}/name
<DEBUG> 1-May-2019::16:37:10.743 QSNYDER-M-C5UP ncs[6319]: devel-c get_elem succeeded for callpoint notify path /snmp:snmp/notify{foo}/name
<DEBUG> 1-May-2019::16:37:10.743 QSNYDER-M-C5UP ncs[6319]: devel-c get_elem request for callpoint notify path /snmp:snmp/notify{foo}/type
<DEBUG> 1-May-2019::16:37:10.744 QSNYDER-M-C5UP ncs[6319]: devel-c get_elem succeeded for callpoint notify path /snmp:snmp/notify{foo}/type
<DEBUG> 1-May-2019::16:37:10.744 QSNYDER-M-C5UP ncs[6319]: devel-c get_elem request for callpoint notify path /snmp:snmp/notify{foo}/name
<DEBUG> 1-May-2019::16:37:10.744 QSNYDER-M-C5UP ncs[6319]: devel-c get_elem succeeded for callpoint notify path /snmp:snmp/notify{foo}/name
<DEBUG> 1-May-2019::16:37:10.744 QSNYDER-M-C5UP ncs[6319]: devel-c get_elem request for callpoint vacm_group path /snmp:snmp/vacm/group{initial}/name
<DEBUG> 1-May-2019::16:37:10.744 QSNYDER-M-C5UP ncs[6319]: devel-c get_elem succeeded for callpoint vacm_group path /snmp:snmp/vacm/group{initial}/name
<DEBUG> 1-May-2019::16:37:10.746 QSNYDER-M-C5UP ncs[6319]: devel-c get_elem request for callpoint vacm_group path /snmp:snmp/vacm/group{public}/name
<DEBUG> 1-May-2019::16:37:10.746 QSNYDER-M-C5UP ncs[6319]: devel-c get_elem succeeded for callpoint vacm_group path /snmp:snmp/vacm/group{public}/name
<DEBUG> 1-May-2019::16:37:10.747 QSNYDER-M-C5UP ncs[6319]: devel-c get_elem request for callpoint vacm_view path /snmp:snmp/vacm/view{internet}/name
<DEBUG> 1-May-2019::16:37:10.747 QSNYDER-M-C5UP ncs[6319]: devel-c get_elem succeeded for callpoint vacm_view path /snmp:snmp/vacm/view{internet}/name
<DEBUG> 1-May-2019::16:37:10.747 QSNYDER-M-C5UP ncs[6319]: devel-c get_case request for callpoint vacm_view path /snmp:snmp/vacm/view{internet}/subtree{1.3.6.1}
<DEBUG> 1-May-2019::16:37:10.748 QSNYDER-M-C5UP ncs[6319]: devel-c get_case succeeded for callpoint vacm_view path /snmp:snmp/vacm/view{internet}/subtree{1.3.6.1}
<DEBUG> 1-May-2019::16:37:10.748 QSNYDER-M-C5UP ncs[6319]: devel-c get_elem request for callpoint vacm_view path /snmp:snmp/vacm/view{restricted}/name
<DEBUG> 1-May-2019::16:37:10.748 QSNYDER-M-C5UP ncs[6319]: devel-c get_elem succeeded for callpoint vacm_view path /snmp:snmp/vacm/view{restricted}/name
<DEBUG> 1-May-2019::16:37:10.749 QSNYDER-M-C5UP ncs[6319]: devel-c get_case request for callpoint vacm_view path /snmp:snmp/vacm/view{restricted}/subtree{1.3.6.1.6.3.11.2.1}
<DEBUG> 1-May-2019::16:37:10.749 QSNYDER-M-C5UP ncs[6319]: devel-c get_case succeeded for callpoint vacm_view path /snmp:snmp/vacm/view{restricted}/subtree{1.3.6.1.6.3.11.2.1}
<DEBUG> 1-May-2019::16:37:10.749 QSNYDER-M-C5UP ncs[6319]: devel-c get_case request for callpoint vacm_view path /snmp:snmp/vacm/view{restricted}/subtree{1.3.6.1.6.3.15.1.1}
<DEBUG> 1-May-2019::16:37:10.750 QSNYDER-M-C5UP ncs[6319]: devel-c get_case succeeded for callpoint vacm_view path /snmp:snmp/vacm/view{restricted}/subtree{1.3.6.1.6.3.15.1.1}
<DEBUG> 1-May-2019::16:37:10.750 QSNYDER-M-C5UP ncs[6319]: ncs commit progress db=running usid=24 thandle=16: entering validate phase for running...
<DEBUG> 1-May-2019::16:37:10.750 QSNYDER-M-C5UP ncs[6319]: ncs commit progress db=running usid=24 thandle=16: validate: run pre-trans-lock service callbacks...
<DEBUG> 1-May-2019::16:37:10.751 QSNYDER-M-C5UP ncs[6319]: ncs commit progress db=running usid=24 thandle=16: validate: run transforms and transaction hooks...
<DEBUG> 1-May-2019::16:37:10.751 QSNYDER-M-C5UP ncs[6319]: devel-c new_usess db request daemon id: 4
<DEBUG> 1-May-2019::16:37:10.751 QSNYDER-M-C5UP ncs[6319]: ncs commit progress db=running usid=24 thandle=16: validate: run transforms and transaction hooks done
<DEBUG> 1-May-2019::16:37:10.751 QSNYDER-M-C5UP ncs[6319]: devel-c db reply daemon id: 4
<DEBUG> 1-May-2019::16:37:10.751 QSNYDER-M-C5UP ncs[6319]: ncs commit progress db=running usid=24 thandle=16: validate: pre-trans-lock service callbacks done
<DEBUG> 1-May-2019::16:37:10.751 QSNYDER-M-C5UP ncs[6319]: devel-c new_trans request daemon id: 4 thandle: 16
<DEBUG> 1-May-2019::16:37:10.751 QSNYDER-M-C5UP ncs[6319]: ncs commit progress db=running usid=24 thandle=16: validate: grabbing transaction lock...
<DEBUG> 1-May-2019::16:37:10.751 QSNYDER-M-C5UP ncs[6319]: devel-c new_trans succeeded daemon id: 4 session id: 16 worker id: 1
<DEBUG> 1-May-2019::16:37:10.751 QSNYDER-M-C5UP ncs[6319]: devel-c new_usess db request daemon id: 0
<DEBUG> 1-May-2019::16:37:10.751 QSNYDER-M-C5UP ncs[6319]: devel-c db reply daemon id: 0
<DEBUG> 1-May-2019::16:37:10.751 QSNYDER-M-C5UP ncs[6319]: devel-c new_trans request daemon id: 0 thandle: 16
<DEBUG> 1-May-2019::16:37:10.751 QSNYDER-M-C5UP ncs[6319]: devel-c new_trans succeeded daemon id: 0 session id: 16 worker id: 1
<DEBUG> 1-May-2019::16:37:10.752 QSNYDER-M-C5UP ncs[6319]: devel-c trans_lock request daemon id: 4 session id: 16
<DEBUG> 1-May-2019::16:37:10.752 QSNYDER-M-C5UP ncs[6319]: devel-c trans_lock succeeded daemon id: 4 session id: 16
<DEBUG> 1-May-2019::16:37:10.752 QSNYDER-M-C5UP ncs[6319]: ncs commit progress db=running usid=24 thandle=16: validate: grabbing transaction lock ok
<DEBUG> 1-May-2019::16:37:10.752 QSNYDER-M-C5UP ncs[6319]: ncs commit progress db=running usid=24 thandle=16: validate: creating rollback file...
<DEBUG> 1-May-2019::16:37:10.753 QSNYDER-M-C5UP ncs[6319]: devel-c new_trans request daemon id: 1 thandle: 17
<DEBUG> 1-May-2019::16:37:10.754 QSNYDER-M-C5UP ncs[6319]: devel-c new_trans succeeded daemon id: 1 session id: 17 worker id: 4
<DEBUG> 1-May-2019::16:37:10.754 QSNYDER-M-C5UP ncs[6319]: devel-c get_elem request for callpoint agent path /snmp:snmp/agent/enabled
<DEBUG> 1-May-2019::16:37:10.754 QSNYDER-M-C5UP ncs[6319]: devel-c get_elem succeeded for callpoint agent path /snmp:snmp/agent/enabled
<DEBUG> 1-May-2019::16:37:10.754 QSNYDER-M-C5UP ncs[6319]: devel-c get_elem request for callpoint agent path /snmp:snmp/agent/enabled
<DEBUG> 1-May-2019::16:37:10.755 QSNYDER-M-C5UP ncs[6319]: devel-c get_elem succeeded for callpoint agent path /snmp:snmp/agent/enabled
<DEBUG> 1-May-2019::16:37:10.755 QSNYDER-M-C5UP ncs[6319]: devel-c get_elem request for callpoint agent path /snmp:snmp/agent/enabled
<DEBUG> 1-May-2019::16:37:10.755 QSNYDER-M-C5UP ncs[6319]: devel-c get_elem succeeded for callpoint agent path /snmp:snmp/agent/enabled
<DEBUG> 1-May-2019::16:37:10.757 QSNYDER-M-C5UP ncs[6319]: devel-c close_trans request daemon id: 1 session id: 17
<DEBUG> 1-May-2019::16:37:10.757 QSNYDER-M-C5UP ncs[6319]: devel-c close_trans succeeded daemon id: 1 session id: 17
<DEBUG> 1-May-2019::16:37:10.757 QSNYDER-M-C5UP ncs[6319]: ncs commit progress db=running usid=24 thandle=16: validate: creating rollback file ok
<DEBUG> 1-May-2019::16:37:10.757 QSNYDER-M-C5UP ncs[6319]: ncs commit progress db=running usid=24 thandle=16: validate: run transforms and transaction hooks...
<DEBUG> 1-May-2019::16:37:10.758 QSNYDER-M-C5UP ncs[6319]: devel-c create request for callpoint agent path /snmp:snmp/agent/engine-id
<DEBUG> 1-May-2019::16:37:10.759 QSNYDER-M-C5UP ncs[6319]: devel-c create succeeded for callpoint agent path /snmp:snmp/agent/engine-id
<DEBUG> 1-May-2019::16:37:10.759 QSNYDER-M-C5UP ncs[6319]: devel-c set_elem request for callpoint agent path /snmp:snmp/agent/engine-id/enterprise-number
<DEBUG> 1-May-2019::16:37:10.761 QSNYDER-M-C5UP ncs[6319]: devel-c set_elem succeeded for callpoint agent path /snmp:snmp/agent/engine-id/enterprise-number
<DEBUG> 1-May-2019::16:37:10.761 QSNYDER-M-C5UP ncs[6319]: devel-c set_elem request for callpoint agent path /snmp:snmp/agent/engine-id/from-text
<DEBUG> 1-May-2019::16:37:10.762 QSNYDER-M-C5UP ncs[6319]: devel-c set_elem succeeded for callpoint agent path /snmp:snmp/agent/engine-id/from-text
<DEBUG> 1-May-2019::16:37:10.762 QSNYDER-M-C5UP ncs[6319]: devel-c set_elem request for callpoint agent path /snmp:snmp/agent/enabled
<DEBUG> 1-May-2019::16:37:10.763 QSNYDER-M-C5UP ncs[6319]: devel-c set_elem succeeded for callpoint agent path /snmp:snmp/agent/enabled
<DEBUG> 1-May-2019::16:37:10.763 QSNYDER-M-C5UP ncs[6319]: devel-c create request for callpoint agent path /snmp:snmp/agent/version/v1
<DEBUG> 1-May-2019::16:37:10.764 QSNYDER-M-C5UP ncs[6319]: devel-c create succeeded for callpoint agent path /snmp:snmp/agent/version/v1
<DEBUG> 1-May-2019::16:37:10.764 QSNYDER-M-C5UP ncs[6319]: devel-c create request for callpoint agent path /snmp:snmp/agent/version/v2c
<DEBUG> 1-May-2019::16:37:10.765 QSNYDER-M-C5UP ncs[6319]: devel-c create succeeded for callpoint agent path /snmp:snmp/agent/version/v2c
<DEBUG> 1-May-2019::16:37:10.765 QSNYDER-M-C5UP ncs[6319]: devel-c create request for callpoint agent path /snmp:snmp/agent/version/v3
<DEBUG> 1-May-2019::16:37:10.765 QSNYDER-M-C5UP ncs[6319]: devel-c create succeeded for callpoint agent path /snmp:snmp/agent/version/v3
<DEBUG> 1-May-2019::16:37:10.766 QSNYDER-M-C5UP ncs[6319]: devel-c create request for callpoint usm path /snmp:snmp/usm/local/user{initial}
<DEBUG> 1-May-2019::16:37:10.768 QSNYDER-M-C5UP ncs[6319]: devel-c create succeeded for callpoint usm path /snmp:snmp/usm/local/user{initial}
<DEBUG> 1-May-2019::16:37:10.768 QSNYDER-M-C5UP ncs[6319]: devel-c create request for callpoint usm path /snmp:snmp/usm/local/user{initial}/auth
<DEBUG> 1-May-2019::16:37:10.768 QSNYDER-M-C5UP ncs[6319]: devel-c create succeeded for callpoint usm path /snmp:snmp/usm/local/user{initial}/auth
<DEBUG> 1-May-2019::16:37:10.768 QSNYDER-M-C5UP ncs[6319]: devel-c set_case request for callpoint usm path /snmp:snmp/usm/local/user{initial}/auth
<DEBUG> 1-May-2019::16:37:10.769 QSNYDER-M-C5UP ncs[6319]: devel-c set_case succeeded for callpoint usm path /snmp:snmp/usm/local/user{initial}/auth
<DEBUG> 1-May-2019::16:37:10.769 QSNYDER-M-C5UP ncs[6319]: devel-c create request for callpoint usm path /snmp:snmp/usm/local/user{initial}/auth/sha
<DEBUG> 1-May-2019::16:37:10.770 QSNYDER-M-C5UP ncs[6319]: devel-c create succeeded for callpoint usm path /snmp:snmp/usm/local/user{initial}/auth/sha
<DEBUG> 1-May-2019::16:37:10.770 QSNYDER-M-C5UP ncs[6319]: devel-c set_case request for callpoint usm path /snmp:snmp/usm/local/user{initial}/auth/sha
<DEBUG> 1-May-2019::16:37:10.770 QSNYDER-M-C5UP ncs[6319]: devel-c set_case succeeded for callpoint usm path /snmp:snmp/usm/local/user{initial}/auth/sha
<DEBUG> 1-May-2019::16:37:10.770 QSNYDER-M-C5UP ncs[6319]: devel-c set_elem request for callpoint usm path /snmp:snmp/usm/local/user{initial}/auth/sha/password
<DEBUG> 1-May-2019::16:37:10.796 QSNYDER-M-C5UP ncs[6319]: devel-c set_elem succeeded for callpoint usm path /snmp:snmp/usm/local/user{initial}/auth/sha/password
<DEBUG> 1-May-2019::16:37:10.796 QSNYDER-M-C5UP ncs[6319]: devel-c create request for callpoint usm path /snmp:snmp/usm/local/user{initial}/priv
<DEBUG> 1-May-2019::16:37:10.797 QSNYDER-M-C5UP ncs[6319]: devel-c create succeeded for callpoint usm path /snmp:snmp/usm/local/user{initial}/priv
<DEBUG> 1-May-2019::16:37:10.797 QSNYDER-M-C5UP ncs[6319]: devel-c set_case request for callpoint usm path /snmp:snmp/usm/local/user{initial}/priv
<DEBUG> 1-May-2019::16:37:10.798 QSNYDER-M-C5UP ncs[6319]: devel-c set_case succeeded for callpoint usm path /snmp:snmp/usm/local/user{initial}/priv
<DEBUG> 1-May-2019::16:37:10.798 QSNYDER-M-C5UP ncs[6319]: devel-c create request for callpoint usm path /snmp:snmp/usm/local/user{initial}/priv/des
<DEBUG> 1-May-2019::16:37:10.798 QSNYDER-M-C5UP ncs[6319]: devel-c create succeeded for callpoint usm path /snmp:snmp/usm/local/user{initial}/priv/des
<DEBUG> 1-May-2019::16:37:10.798 QSNYDER-M-C5UP ncs[6319]: devel-c set_case request for callpoint usm path /snmp:snmp/usm/local/user{initial}/priv/des
<DEBUG> 1-May-2019::16:37:10.799 QSNYDER-M-C5UP ncs[6319]: devel-c set_case succeeded for callpoint usm path /snmp:snmp/usm/local/user{initial}/priv/des
<DEBUG> 1-May-2019::16:37:10.799 QSNYDER-M-C5UP ncs[6319]: devel-c set_elem request for callpoint usm path /snmp:snmp/usm/local/user{initial}/priv/des/password
<DEBUG> 1-May-2019::16:37:10.825 QSNYDER-M-C5UP ncs[6319]: devel-c set_elem succeeded for callpoint usm path /snmp:snmp/usm/local/user{initial}/priv/des/password
<DEBUG> 1-May-2019::16:37:10.826 QSNYDER-M-C5UP ncs[6319]: devel-c create request for callpoint target path /snmp:snmp/target{monitor}
<DEBUG> 1-May-2019::16:37:10.827 QSNYDER-M-C5UP ncs[6319]: devel-c create succeeded for callpoint target path /snmp:snmp/target{monitor}
<DEBUG> 1-May-2019::16:37:10.827 QSNYDER-M-C5UP ncs[6319]: devel-c set_case request for callpoint target path /snmp:snmp/target{monitor}
<DEBUG> 1-May-2019::16:37:10.829 QSNYDER-M-C5UP ncs[6319]: devel-c set_case succeeded for callpoint target path /snmp:snmp/target{monitor}
<DEBUG> 1-May-2019::16:37:10.829 QSNYDER-M-C5UP ncs[6319]: devel-c set_elem request for callpoint target path /snmp:snmp/target{monitor}/ip
<DEBUG> 1-May-2019::16:37:10.830 QSNYDER-M-C5UP ncs[6319]: devel-c set_elem succeeded for callpoint target path /snmp:snmp/target{monitor}/ip
<DEBUG> 1-May-2019::16:37:10.830 QSNYDER-M-C5UP ncs[6319]: devel-c set_elem request for callpoint target path /snmp:snmp/target{monitor}/udp-port
<DEBUG> 1-May-2019::16:37:10.831 QSNYDER-M-C5UP ncs[6319]: devel-c set_elem succeeded for callpoint target path /snmp:snmp/target{monitor}/udp-port
<DEBUG> 1-May-2019::16:37:10.831 QSNYDER-M-C5UP ncs[6319]: devel-c get_elem request for callpoint target path /snmp:snmp/target{monitor}/tag
<DEBUG> 1-May-2019::16:37:10.831 QSNYDER-M-C5UP ncs[6319]: devel-c get_elem succeeded for callpoint target path /snmp:snmp/target{monitor}/tag
<DEBUG> 1-May-2019::16:37:10.832 QSNYDER-M-C5UP ncs[6319]: devel-c set_elem request for callpoint target path /snmp:snmp/target{monitor}/timeout
<DEBUG> 1-May-2019::16:37:10.832 QSNYDER-M-C5UP ncs[6319]: devel-c set_elem succeeded for callpoint target path /snmp:snmp/target{monitor}/timeout
<DEBUG> 1-May-2019::16:37:10.832 QSNYDER-M-C5UP ncs[6319]: devel-c set_elem request for callpoint target path /snmp:snmp/target{monitor}/retries
<DEBUG> 1-May-2019::16:37:10.833 QSNYDER-M-C5UP ncs[6319]: devel-c set_elem succeeded for callpoint target path /snmp:snmp/target{monitor}/retries
<DEBUG> 1-May-2019::16:37:10.833 QSNYDER-M-C5UP ncs[6319]: devel-c set_elem request for callpoint target path /snmp:snmp/target{monitor}/v2c/sec-name
<DEBUG> 1-May-2019::16:37:10.834 QSNYDER-M-C5UP ncs[6319]: devel-c set_elem succeeded for callpoint target path /snmp:snmp/target{monitor}/v2c/sec-name
<DEBUG> 1-May-2019::16:37:10.834 QSNYDER-M-C5UP ncs[6319]: devel-c create request for callpoint community path /snmp:snmp/community{public}
<DEBUG> 1-May-2019::16:37:10.835 QSNYDER-M-C5UP ncs[6319]: devel-c create succeeded for callpoint community path /snmp:snmp/community{public}
<DEBUG> 1-May-2019::16:37:10.835 QSNYDER-M-C5UP ncs[6319]: devel-c set_elem request for callpoint community path /snmp:snmp/community{public}/sec-name
<DEBUG> 1-May-2019::16:37:10.836 QSNYDER-M-C5UP ncs[6319]: devel-c set_elem succeeded for callpoint community path /snmp:snmp/community{public}/sec-name
<DEBUG> 1-May-2019::16:37:10.836 QSNYDER-M-C5UP ncs[6319]: devel-c create request for callpoint notify path /snmp:snmp/notify{foo}
<DEBUG> 1-May-2019::16:37:10.836 QSNYDER-M-C5UP ncs[6319]: devel-c create succeeded for callpoint notify path /snmp:snmp/notify{foo}
<DEBUG> 1-May-2019::16:37:10.837 QSNYDER-M-C5UP ncs[6319]: devel-c set_elem request for callpoint notify path /snmp:snmp/notify{foo}/tag
<DEBUG> 1-May-2019::16:37:10.837 QSNYDER-M-C5UP ncs[6319]: devel-c set_elem succeeded for callpoint notify path /snmp:snmp/notify{foo}/tag
<DEBUG> 1-May-2019::16:37:10.837 QSNYDER-M-C5UP ncs[6319]: devel-c set_elem request for callpoint notify path /snmp:snmp/notify{foo}/type
<DEBUG> 1-May-2019::16:37:10.837 QSNYDER-M-C5UP ncs[6319]: devel-c set_elem succeeded for callpoint notify path /snmp:snmp/notify{foo}/type
<DEBUG> 1-May-2019::16:37:10.837 QSNYDER-M-C5UP ncs[6319]: devel-c create request for callpoint vacm_group path /snmp:snmp/vacm/group{initial}
<DEBUG> 1-May-2019::16:37:10.838 QSNYDER-M-C5UP ncs[6319]: devel-c create succeeded for callpoint vacm_group path /snmp:snmp/vacm/group{initial}
<DEBUG> 1-May-2019::16:37:10.838 QSNYDER-M-C5UP ncs[6319]: devel-c create request for callpoint vacm_group path /snmp:snmp/vacm/group{initial}/member{initial}
<DEBUG> 1-May-2019::16:37:10.838 QSNYDER-M-C5UP ncs[6319]: devel-c create succeeded for callpoint vacm_group path /snmp:snmp/vacm/group{initial}/member{initial}
<DEBUG> 1-May-2019::16:37:10.838 QSNYDER-M-C5UP ncs[6319]: devel-c get_elem request for callpoint vacm_group path /snmp:snmp/vacm/group{initial}/member{initial}/sec-model
<DEBUG> 1-May-2019::16:37:10.838 QSNYDER-M-C5UP ncs[6319]: devel-c get_elem succeeded for callpoint vacm_group path /snmp:snmp/vacm/group{initial}/member{initial}/sec-model
<DEBUG> 1-May-2019::16:37:10.838 QSNYDER-M-C5UP ncs[6319]: devel-c create request for callpoint vacm_group path /snmp:snmp/vacm/group{initial}/access{usm no-auth-no-priv}
<DEBUG> 1-May-2019::16:37:10.839 QSNYDER-M-C5UP ncs[6319]: devel-c create succeeded for callpoint vacm_group path /snmp:snmp/vacm/group{initial}/access{usm no-auth-no-priv}
<DEBUG> 1-May-2019::16:37:10.839 QSNYDER-M-C5UP ncs[6319]: devel-c set_elem request for callpoint vacm_group path /snmp:snmp/vacm/group{initial}/access{usm no-auth-no-priv}/read-view
<DEBUG> 1-May-2019::16:37:10.839 QSNYDER-M-C5UP ncs[6319]: devel-c set_elem succeeded for callpoint vacm_group path /snmp:snmp/vacm/group{initial}/access{usm no-auth-no-priv}/read-view
<DEBUG> 1-May-2019::16:37:10.840 QSNYDER-M-C5UP ncs[6319]: devel-c set_elem request for callpoint vacm_group path /snmp:snmp/vacm/group{initial}/access{usm no-auth-no-priv}/notify-view
<DEBUG> 1-May-2019::16:37:10.840 QSNYDER-M-C5UP ncs[6319]: devel-c set_elem succeeded for callpoint vacm_group path /snmp:snmp/vacm/group{initial}/access{usm no-auth-no-priv}/notify-view
<DEBUG> 1-May-2019::16:37:10.840 QSNYDER-M-C5UP ncs[6319]: devel-c create request for callpoint vacm_group path /snmp:snmp/vacm/group{initial}/access{usm auth-no-priv}
<DEBUG> 1-May-2019::16:37:10.841 QSNYDER-M-C5UP ncs[6319]: devel-c create succeeded for callpoint vacm_group path /snmp:snmp/vacm/group{initial}/access{usm auth-no-priv}
<DEBUG> 1-May-2019::16:37:10.841 QSNYDER-M-C5UP ncs[6319]: devel-c set_elem request for callpoint vacm_group path /snmp:snmp/vacm/group{initial}/access{usm auth-no-priv}/read-view
<DEBUG> 1-May-2019::16:37:10.841 QSNYDER-M-C5UP ncs[6319]: devel-c set_elem succeeded for callpoint vacm_group path /snmp:snmp/vacm/group{initial}/access{usm auth-no-priv}/read-view
<DEBUG> 1-May-2019::16:37:10.842 QSNYDER-M-C5UP ncs[6319]: devel-c set_elem request for callpoint vacm_group path /snmp:snmp/vacm/group{initial}/access{usm auth-no-priv}/notify-view
<DEBUG> 1-May-2019::16:37:10.842 QSNYDER-M-C5UP ncs[6319]: devel-c set_elem succeeded for callpoint vacm_group path /snmp:snmp/vacm/group{initial}/access{usm auth-no-priv}/notify-view
<DEBUG> 1-May-2019::16:37:10.842 QSNYDER-M-C5UP ncs[6319]: devel-c create request for callpoint vacm_group path /snmp:snmp/vacm/group{initial}/access{usm auth-priv}
<DEBUG> 1-May-2019::16:37:10.843 QSNYDER-M-C5UP ncs[6319]: devel-c create succeeded for callpoint vacm_group path /snmp:snmp/vacm/group{initial}/access{usm auth-priv}
<DEBUG> 1-May-2019::16:37:10.843 QSNYDER-M-C5UP ncs[6319]: devel-c set_elem request for callpoint vacm_group path /snmp:snmp/vacm/group{initial}/access{usm auth-priv}/read-view
<DEBUG> 1-May-2019::16:37:10.843 QSNYDER-M-C5UP ncs[6319]: devel-c set_elem succeeded for callpoint vacm_group path /snmp:snmp/vacm/group{initial}/access{usm auth-priv}/read-view
<DEBUG> 1-May-2019::16:37:10.843 QSNYDER-M-C5UP ncs[6319]: devel-c set_elem request for callpoint vacm_group path /snmp:snmp/vacm/group{initial}/access{usm auth-priv}/notify-view
<DEBUG> 1-May-2019::16:37:10.844 QSNYDER-M-C5UP ncs[6319]: devel-c set_elem succeeded for callpoint vacm_group path /snmp:snmp/vacm/group{initial}/access{usm auth-priv}/notify-view
<DEBUG> 1-May-2019::16:37:10.844 QSNYDER-M-C5UP ncs[6319]: devel-c create request for callpoint vacm_group path /snmp:snmp/vacm/group{public}
<DEBUG> 1-May-2019::16:37:10.844 QSNYDER-M-C5UP ncs[6319]: devel-c create succeeded for callpoint vacm_group path /snmp:snmp/vacm/group{public}
<DEBUG> 1-May-2019::16:37:10.844 QSNYDER-M-C5UP ncs[6319]: devel-c create request for callpoint vacm_group path /snmp:snmp/vacm/group{public}/member{public}
<DEBUG> 1-May-2019::16:37:10.845 QSNYDER-M-C5UP ncs[6319]: devel-c create succeeded for callpoint vacm_group path /snmp:snmp/vacm/group{public}/member{public}
<DEBUG> 1-May-2019::16:37:10.845 QSNYDER-M-C5UP ncs[6319]: devel-c get_elem request for callpoint vacm_group path /snmp:snmp/vacm/group{public}/member{public}/sec-model
<DEBUG> 1-May-2019::16:37:10.845 QSNYDER-M-C5UP ncs[6319]: devel-c get_elem succeeded for callpoint vacm_group path /snmp:snmp/vacm/group{public}/member{public}/sec-model
<DEBUG> 1-May-2019::16:37:10.845 QSNYDER-M-C5UP ncs[6319]: devel-c create request for callpoint vacm_group path /snmp:snmp/vacm/group{public}/access{any no-auth-no-priv}
<DEBUG> 1-May-2019::16:37:10.846 QSNYDER-M-C5UP ncs[6319]: devel-c create succeeded for callpoint vacm_group path /snmp:snmp/vacm/group{public}/access{any no-auth-no-priv}
<DEBUG> 1-May-2019::16:37:10.846 QSNYDER-M-C5UP ncs[6319]: devel-c set_elem request for callpoint vacm_group path /snmp:snmp/vacm/group{public}/access{any no-auth-no-priv}/read-view
<DEBUG> 1-May-2019::16:37:10.846 QSNYDER-M-C5UP ncs[6319]: devel-c set_elem succeeded for callpoint vacm_group path /snmp:snmp/vacm/group{public}/access{any no-auth-no-priv}/read-view
<DEBUG> 1-May-2019::16:37:10.846 QSNYDER-M-C5UP ncs[6319]: devel-c set_elem request for callpoint vacm_group path /snmp:snmp/vacm/group{public}/access{any no-auth-no-priv}/notify-view
<DEBUG> 1-May-2019::16:37:10.847 QSNYDER-M-C5UP ncs[6319]: devel-c set_elem succeeded for callpoint vacm_group path /snmp:snmp/vacm/group{public}/access{any no-auth-no-priv}/notify-view
<DEBUG> 1-May-2019::16:37:10.847 QSNYDER-M-C5UP ncs[6319]: devel-c create request for callpoint vacm_view path /snmp:snmp/vacm/view{internet}
<DEBUG> 1-May-2019::16:37:10.847 QSNYDER-M-C5UP ncs[6319]: devel-c create succeeded for callpoint vacm_view path /snmp:snmp/vacm/view{internet}
<DEBUG> 1-May-2019::16:37:10.847 QSNYDER-M-C5UP ncs[6319]: devel-c create request for callpoint vacm_view path /snmp:snmp/vacm/view{internet}/subtree{1.3.6.1}
<DEBUG> 1-May-2019::16:37:10.848 QSNYDER-M-C5UP ncs[6319]: devel-c create succeeded for callpoint vacm_view path /snmp:snmp/vacm/view{internet}/subtree{1.3.6.1}
<DEBUG> 1-May-2019::16:37:10.848 QSNYDER-M-C5UP ncs[6319]: devel-c set_case request for callpoint vacm_view path /snmp:snmp/vacm/view{internet}/subtree{1.3.6.1}
<DEBUG> 1-May-2019::16:37:10.848 QSNYDER-M-C5UP ncs[6319]: devel-c set_case succeeded for callpoint vacm_view path /snmp:snmp/vacm/view{internet}/subtree{1.3.6.1}
<DEBUG> 1-May-2019::16:37:10.848 QSNYDER-M-C5UP ncs[6319]: devel-c create request for callpoint vacm_view path /snmp:snmp/vacm/view{internet}/subtree{1.3.6.1}/included
<DEBUG> 1-May-2019::16:37:10.848 QSNYDER-M-C5UP ncs[6319]: devel-c create succeeded for callpoint vacm_view path /snmp:snmp/vacm/view{internet}/subtree{1.3.6.1}/included
<DEBUG> 1-May-2019::16:37:10.848 QSNYDER-M-C5UP ncs[6319]: devel-c create request for callpoint vacm_view path /snmp:snmp/vacm/view{restricted}
<DEBUG> 1-May-2019::16:37:10.848 QSNYDER-M-C5UP ncs[6319]: devel-c create succeeded for callpoint vacm_view path /snmp:snmp/vacm/view{restricted}
<DEBUG> 1-May-2019::16:37:10.848 QSNYDER-M-C5UP ncs[6319]: devel-c create request for callpoint vacm_view path /snmp:snmp/vacm/view{restricted}/subtree{1.3.6.1.6.3.11.2.1}
<DEBUG> 1-May-2019::16:37:10.849 QSNYDER-M-C5UP ncs[6319]: devel-c create succeeded for callpoint vacm_view path /snmp:snmp/vacm/view{restricted}/subtree{1.3.6.1.6.3.11.2.1}
<DEBUG> 1-May-2019::16:37:10.849 QSNYDER-M-C5UP ncs[6319]: devel-c set_case request for callpoint vacm_view path /snmp:snmp/vacm/view{restricted}/subtree{1.3.6.1.6.3.11.2.1}
<DEBUG> 1-May-2019::16:37:10.850 QSNYDER-M-C5UP ncs[6319]: devel-c set_case succeeded for callpoint vacm_view path /snmp:snmp/vacm/view{restricted}/subtree{1.3.6.1.6.3.11.2.1}
<DEBUG> 1-May-2019::16:37:10.850 QSNYDER-M-C5UP ncs[6319]: devel-c create request for callpoint vacm_view path /snmp:snmp/vacm/view{restricted}/subtree{1.3.6.1.6.3.11.2.1}/included
<DEBUG> 1-May-2019::16:37:10.850 QSNYDER-M-C5UP ncs[6319]: devel-c create succeeded for callpoint vacm_view path /snmp:snmp/vacm/view{restricted}/subtree{1.3.6.1.6.3.11.2.1}/included
<DEBUG> 1-May-2019::16:37:10.850 QSNYDER-M-C5UP ncs[6319]: devel-c create request for callpoint vacm_view path /snmp:snmp/vacm/view{restricted}/subtree{1.3.6.1.6.3.15.1.1}
<DEBUG> 1-May-2019::16:37:10.850 QSNYDER-M-C5UP ncs[6319]: devel-c create succeeded for callpoint vacm_view path /snmp:snmp/vacm/view{restricted}/subtree{1.3.6.1.6.3.15.1.1}
<DEBUG> 1-May-2019::16:37:10.851 QSNYDER-M-C5UP ncs[6319]: devel-c set_case request for callpoint vacm_view path /snmp:snmp/vacm/view{restricted}/subtree{1.3.6.1.6.3.15.1.1}
<DEBUG> 1-May-2019::16:37:10.851 QSNYDER-M-C5UP ncs[6319]: devel-c set_case succeeded for callpoint vacm_view path /snmp:snmp/vacm/view{restricted}/subtree{1.3.6.1.6.3.15.1.1}
<DEBUG> 1-May-2019::16:37:10.851 QSNYDER-M-C5UP ncs[6319]: devel-c create request for callpoint vacm_view path /snmp:snmp/vacm/view{restricted}/subtree{1.3.6.1.6.3.15.1.1}/included
<DEBUG> 1-May-2019::16:37:10.851 QSNYDER-M-C5UP ncs[6319]: devel-c create succeeded for callpoint vacm_view path /snmp:snmp/vacm/view{restricted}/subtree{1.3.6.1.6.3.15.1.1}/included
<DEBUG> 1-May-2019::16:37:10.852 QSNYDER-M-C5UP ncs[6319]: devel-c set_elem request for callpoint vacm_group path /snmp:snmp/vacm/group{initial}/member{initial}/sec-model
<DEBUG> 1-May-2019::16:37:10.853 QSNYDER-M-C5UP ncs[6319]: devel-c set_elem succeeded for callpoint vacm_group path /snmp:snmp/vacm/group{initial}/member{initial}/sec-model
<DEBUG> 1-May-2019::16:37:10.853 QSNYDER-M-C5UP ncs[6319]: devel-c set_elem request for callpoint vacm_group path /snmp:snmp/vacm/group{public}/member{public}/sec-model
<DEBUG> 1-May-2019::16:37:10.854 QSNYDER-M-C5UP ncs[6319]: devel-c set_elem succeeded for callpoint vacm_group path /snmp:snmp/vacm/group{public}/member{public}/sec-model
<DEBUG> 1-May-2019::16:37:10.854 QSNYDER-M-C5UP ncs[6319]: devel-c set_elem request for callpoint target path /snmp:snmp/target{monitor}/tag
<DEBUG> 1-May-2019::16:37:10.854 QSNYDER-M-C5UP ncs[6319]: devel-c set_elem succeeded for callpoint target path /snmp:snmp/target{monitor}/tag
<DEBUG> 1-May-2019::16:37:10.854 QSNYDER-M-C5UP ncs[6319]: ncs commit progress db=running usid=24 thandle=16: validate: run transforms and transaction hooks done
<DEBUG> 1-May-2019::16:37:10.854 QSNYDER-M-C5UP ncs[6319]: ncs commit progress db=running usid=24 thandle=16: validate: mark inactive...
<DEBUG> 1-May-2019::16:37:10.855 QSNYDER-M-C5UP ncs[6319]: devel-c get_elem request for callpoint agent path /snmp:snmp/agent/enabled
<DEBUG> 1-May-2019::16:37:10.855 QSNYDER-M-C5UP ncs[6319]: devel-c get_elem succeeded for callpoint agent path /snmp:snmp/agent/enabled
<DEBUG> 1-May-2019::16:37:10.856 QSNYDER-M-C5UP ncs[6319]: ncs commit progress db=running usid=24 thandle=16: validate: mark inactive ok
<DEBUG> 1-May-2019::16:37:10.857 QSNYDER-M-C5UP ncs[6319]: ncs commit progress db=running usid=24 thandle=16: validate: pre validate...
<DEBUG> 1-May-2019::16:37:10.858 QSNYDER-M-C5UP ncs[6319]: ncs commit progress db=running usid=24 thandle=16: validate: pre validate ok
<DEBUG> 1-May-2019::16:37:10.858 QSNYDER-M-C5UP ncs[6319]: ncs commit progress db=running usid=24 thandle=16: validate: run validation over the change set...
<DEBUG> 1-May-2019::16:37:10.859 QSNYDER-M-C5UP ncs[6319]: ncs commit progress db=running usid=24 thandle=16: snmp-config-transform: validate
<DEBUG> 1-May-2019::16:37:10.859 QSNYDER-M-C5UP ncs[6319]: devel-c new_validate request daemon id: 1 thandle: 16
<DEBUG> 1-May-2019::16:37:10.859 QSNYDER-M-C5UP ncs[6319]: devel-c new_validate succeeded daemon id: 1 session id: 16 worker id: 4
<DEBUG> 1-May-2019::16:37:10.859 QSNYDER-M-C5UP ncs[6319]: ncs commit progress db=running usid=24 thandle=16: snmp-config-transform: validate: vacm-group
<DEBUG> 1-May-2019::16:37:10.859 QSNYDER-M-C5UP ncs[6319]: devel-c validate request for path /snmp:snmp/vacm/group
<DEBUG> 1-May-2019::16:37:10.860 QSNYDER-M-C5UP ncs[6319]: devel-c validate succeeded for path /snmp:snmp/vacm/group
<DEBUG> 1-May-2019::16:37:10.866 QSNYDER-M-C5UP ncs[6319]: devel-c get_next request for callpoint community path /snmp:snmp/community
<DEBUG> 1-May-2019::16:37:10.866 QSNYDER-M-C5UP ncs[6319]: devel-c get_next succeeded for callpoint community path /snmp:snmp/community
<DEBUG> 1-May-2019::16:37:10.867 QSNYDER-M-C5UP ncs[6319]: ncs commit progress db=running usid=24 thandle=16: validate: validation over the change set done
<DEBUG> 1-May-2019::16:37:10.867 QSNYDER-M-C5UP ncs[6319]: ncs commit progress db=running usid=24 thandle=16: validate: run dependency-triggered validation...
<DEBUG> 1-May-2019::16:37:10.867 QSNYDER-M-C5UP ncs[6319]: devel-c get_next request for callpoint target path /snmp:snmp/target
<DEBUG> 1-May-2019::16:37:10.867 QSNYDER-M-C5UP ncs[6319]: devel-c get_next succeeded for callpoint target path /snmp:snmp/target
<DEBUG> 1-May-2019::16:37:10.868 QSNYDER-M-C5UP ncs[6319]: devel-c get_next request for callpoint target path /snmp:snmp/target
<DEBUG> 1-May-2019::16:37:10.868 QSNYDER-M-C5UP ncs[6319]: devel-c get_next succeeded for callpoint target path /snmp:snmp/target
<DEBUG> 1-May-2019::16:37:10.868 QSNYDER-M-C5UP ncs[6319]: devel-c get_next request for callpoint community path /snmp:snmp/community
<DEBUG> 1-May-2019::16:37:10.868 QSNYDER-M-C5UP ncs[6319]: devel-c get_next succeeded for callpoint community path /snmp:snmp/community
<DEBUG> 1-May-2019::16:37:10.868 QSNYDER-M-C5UP ncs[6319]: devel-c get_next request for callpoint community path /snmp:snmp/community
<DEBUG> 1-May-2019::16:37:10.869 QSNYDER-M-C5UP ncs[6319]: devel-c get_next succeeded for callpoint community path /snmp:snmp/community
<DEBUG> 1-May-2019::16:37:10.869 QSNYDER-M-C5UP ncs[6319]: devel-c get_next request for callpoint notify path /snmp:snmp/notify
<DEBUG> 1-May-2019::16:37:10.869 QSNYDER-M-C5UP ncs[6319]: devel-c get_next succeeded for callpoint notify path /snmp:snmp/notify
<DEBUG> 1-May-2019::16:37:10.869 QSNYDER-M-C5UP ncs[6319]: devel-c get_elem request for callpoint notify path /snmp:snmp/notify{foo}/type
<DEBUG> 1-May-2019::16:37:10.869 QSNYDER-M-C5UP ncs[6319]: devel-c get_elem succeeded for callpoint notify path /snmp:snmp/notify{foo}/type
<DEBUG> 1-May-2019::16:37:10.870 QSNYDER-M-C5UP ncs[6319]: devel-c get_next request for callpoint notify path /snmp:snmp/notify
<DEBUG> 1-May-2019::16:37:10.870 QSNYDER-M-C5UP ncs[6319]: devel-c get_next succeeded for callpoint notify path /snmp:snmp/notify
<DEBUG> 1-May-2019::16:37:10.870 QSNYDER-M-C5UP ncs[6319]: ncs commit progress db=running usid=24 thandle=16: validate: dependency-triggered validation done
<DEBUG> 1-May-2019::16:37:10.870 QSNYDER-M-C5UP ncs[6319]: ncs commit progress db=running usid=24 thandle=16: validate: check configuration policies...
<DEBUG> 1-May-2019::16:37:10.870 QSNYDER-M-C5UP ncs[6319]: ncs commit progress db=running usid=24 thandle=16: validate: configuration policies done
<DEBUG> 1-May-2019::16:37:10.870 QSNYDER-M-C5UP ncs[6319]: ncs commit progress db=running usid=24 thandle=16: entering write-start phase for running...
<DEBUG> 1-May-2019::16:37:10.870 QSNYDER-M-C5UP ncs[6319]: ncs commit progress db=running usid=24 thandle=16: cdb: write-start
<DEBUG> 1-May-2019::16:37:10.873 QSNYDER-M-C5UP ncs[6319]: ncs commit progress db=running usid=24 thandle=16: entering prepare phase for running...
<DEBUG> 1-May-2019::16:37:10.873 QSNYDER-M-C5UP ncs[6319]: ncs commit progress db=running usid=24 thandle=16: cdb: prepare
<DEBUG> 1-May-2019::16:37:10.873 QSNYDER-M-C5UP ncs[6319]: devel-c prepare request daemon id: 0 session id: 16
<DEBUG> 1-May-2019::16:37:10.874 QSNYDER-M-C5UP ncs[6319]: ncs commit progress db=running usid=24 thandle=16: ncs-internal-device-mgr: prepare
<DEBUG> 1-May-2019::16:37:10.874 QSNYDER-M-C5UP ncs[6319]: devel-c prepare succeeded daemon id: 0 session id: 16
<DEBUG> 1-May-2019::16:37:10.874 QSNYDER-M-C5UP ncs[6319]: devel-c close_validate request daemon id: 1 session id: 16
<DEBUG> 1-May-2019::16:37:10.875 QSNYDER-M-C5UP ncs[6319]: devel-c close_validate succeeded daemon id: 1 session id: 16
<DEBUG> 1-May-2019::16:37:10.875 QSNYDER-M-C5UP ncs[6319]: ncs commit progress db=running usid=24 thandle=16: entering commit phase for running...
<DEBUG> 1-May-2019::16:37:10.875 QSNYDER-M-C5UP ncs[6319]: ncs commit progress db=running usid=24 thandle=16: cdb: commit
<DEBUG> 1-May-2019::16:37:10.880 QSNYDER-M-C5UP ncs[6319]: ncs commit progress db=running usid=24 thandle=16: ncs-internal-service-mux: commit
<DEBUG> 1-May-2019::16:37:10.880 QSNYDER-M-C5UP ncs[6319]: ncs commit progress db=running usid=24 thandle=16: ncs-internal-device-mgr: commit
<DEBUG> 1-May-2019::16:37:10.880 QSNYDER-M-C5UP ncs[6319]: devel-c commit request daemon id: 4 session id: 16
<DEBUG> 1-May-2019::16:37:10.880 QSNYDER-M-C5UP ncs[6319]: devel-c commit succeeded daemon id: 4 session id: 16
<DEBUG> 1-May-2019::16:37:10.881 QSNYDER-M-C5UP ncs[6319]: devel-c commit request daemon id: 0 session id: 16
<DEBUG> 1-May-2019::16:37:10.881 QSNYDER-M-C5UP ncs[6319]: ncs Unlock all devices held by process
<DEBUG> 1-May-2019::16:37:10.881 QSNYDER-M-C5UP ncs[6319]: devel-c commit succeeded daemon id: 0 session id: 16
<DEBUG> 1-May-2019::16:37:10.881 QSNYDER-M-C5UP ncs[6319]: devel-c close_trans request daemon id: 4 session id: 16
<DEBUG> 1-May-2019::16:37:10.881 QSNYDER-M-C5UP ncs[6319]: devel-c close_trans succeeded daemon id: 4 session id: 16
<DEBUG> 1-May-2019::16:37:10.881 QSNYDER-M-C5UP ncs[6319]: devel-c close_trans request daemon id: 0 session id: 16
<DEBUG> 1-May-2019::16:37:10.882 QSNYDER-M-C5UP ncs[6319]: devel-c close_trans succeeded daemon id: 0 session id: 16
<DEBUG> 1-May-2019::16:37:10.882 QSNYDER-M-C5UP ncs[6319]: devel-c close_trans request daemon id: 2 session id: 16
<DEBUG> 1-May-2019::16:37:10.882 QSNYDER-M-C5UP ncs[6319]: devel-c close_trans succeeded daemon id: 2 session id: 16
<DEBUG> 1-May-2019::16:37:10.882 QSNYDER-M-C5UP ncs[6319]: devel-c close_trans request daemon id: 1 session id: 16
<DEBUG> 1-May-2019::16:37:10.882 QSNYDER-M-C5UP ncs[6319]: devel-c close_trans succeeded daemon id: 1 session id: 16
<DEBUG> 1-May-2019::16:37:10.882 QSNYDER-M-C5UP ncs[6319]: devel-c close_usess db request daemon id: 4
<DEBUG> 1-May-2019::16:37:10.882 QSNYDER-M-C5UP ncs[6319]: devel-c db reply daemon id: 4
<DEBUG> 1-May-2019::16:37:10.882 QSNYDER-M-C5UP ncs[6319]: devel-c close_usess db request daemon id: 2
<DEBUG> 1-May-2019::16:37:10.883 QSNYDER-M-C5UP ncs[6319]: devel-c db reply daemon id: 2
<DEBUG> 1-May-2019::16:37:10.883 QSNYDER-M-C5UP ncs[6319]: devel-c close_usess db request daemon id: 1
<DEBUG> 1-May-2019::16:37:10.883 QSNYDER-M-C5UP ncs[6319]: devel-c db reply daemon id: 1
<DEBUG> 1-May-2019::16:37:10.883 QSNYDER-M-C5UP ncs[6319]: devel-c close_usess db request daemon id: 0
<DEBUG> 1-May-2019::16:37:10.883 QSNYDER-M-C5UP ncs[6319]: devel-c db reply daemon id: 0
<DEBUG> 1-May-2019::16:37:10.887 QSNYDER-M-C5UP ncs[6319]: devel-cdb connect from econfd <0.318.0>
<DEBUG> 1-May-2019::16:37:10.887 QSNYDER-M-C5UP ncs[6319]: devel-cdb new session on running for econfd <0.318.0>
<DEBUG> 1-May-2019::16:37:10.888 QSNYDER-M-C5UP ncs[6319]: devel-cdb client econfd <0.318.0> closed
<DEBUG> 1-May-2019::16:37:10.888 QSNYDER-M-C5UP ncs[6319]: devel-cdb connect from econfd <0.318.0>
<DEBUG> 1-May-2019::16:37:10.888 QSNYDER-M-C5UP ncs[6319]: devel-cdb new session on operational for econfd <0.318.0>
<DEBUG> 1-May-2019::16:37:10.888 QSNYDER-M-C5UP ncs[6319]: devel-cdb client econfd <0.318.0> closed
<DEBUG> 1-May-2019::16:37:10.888 QSNYDER-M-C5UP ncs[6319]: devel-cdb connect from econfd <0.540.0>
<DEBUG> 1-May-2019::16:37:10.888 QSNYDER-M-C5UP ncs[6319]: devel-cdb new subscriber session for econfd <0.540.0>
<INFO> 1-May-2019::16:37:10.890 QSNYDER-M-C5UP ncs[6319]: ncs embedded apps in phase2:
	[]
<INFO> 1-May-2019::16:37:11.128 QSNYDER-M-C5UP ncs[6319]: devel-snmpa loaded snmp mib: /Users/qsnyder/ncs-471/lib/ncs/lib/snmp/snmp/priv/mibs/SNMPv2-MIB
<INFO> 1-May-2019::16:37:11.129 QSNYDER-M-C5UP ncs[6319]: devel-snmpa loaded snmp mib: /Users/qsnyder/ncs-471/lib/ncs/lib/snmp/snmp/priv/mibs/SNMP-FRAMEWORK-MIB
<INFO> 1-May-2019::16:37:11.129 QSNYDER-M-C5UP ncs[6319]: devel-snmpa loaded snmp mib: /Users/qsnyder/ncs-471/lib/ncs/lib/snmp/snmp/priv/mibs/SNMP-MPD-MIB
<INFO> 1-May-2019::16:37:11.177 QSNYDER-M-C5UP ncs[6319]: devel-snmpa setting snmpEngineID: 80:00:7E:D9:04:74:65:73:74:69:6E:67
<DEBUG> 1-May-2019::16:37:11.219 QSNYDER-M-C5UP ncs[6319]: devel-snmpa no view for view type: write
<DEBUG> 1-May-2019::16:37:11.219 QSNYDER-M-C5UP ncs[6319]: devel-snmpa no access entry and view name found: view type: write, group name: public, context name: , sec model: SNMPv1(1), sec level: noAuthNoPriv(1)
<DEBUG> 1-May-2019::16:37:11.220 QSNYDER-M-C5UP ncs[6319]: devel-snmpa no view for view type: write
<DEBUG> 1-May-2019::16:37:11.220 QSNYDER-M-C5UP ncs[6319]: devel-snmpa no access entry and view name found: view type: write, group name: public, context name: , sec model: SNMPv2c(2), sec level: noAuthNoPriv(1)
<DEBUG> 1-May-2019::16:37:11.244 QSNYDER-M-C5UP ncs[6319]: devel-cdb connect from NCSLOGGER-subscr
<INFO> 1-May-2019::16:37:11.247 QSNYDER-M-C5UP ncs[6319]: devel-snmpa loaded snmp mib: /Users/qsnyder/ncs-471/etc/ncs/snmp/IANA-ITU-ALARM-TC-MIB.bin
<INFO> 1-May-2019::16:37:11.248 QSNYDER-M-C5UP ncs[6319]: devel-snmpa loaded snmp mib: /Users/qsnyder/ncs-471/etc/ncs/snmp/ITU-ALARM-TC-MIB.bin
<DEBUG> 1-May-2019::16:37:11.253 QSNYDER-M-C5UP ncs[6319]: devel-cdb new subscriber session for NCSLOGGER-subscr
<INFO> 1-May-2019::16:37:11.254 QSNYDER-M-C5UP ncs[6319]: devel-snmpa loaded snmp mib: /Users/qsnyder/ncs-471/etc/ncs/snmp/TAILF-ALARM-MIB.bin
<INFO> 1-May-2019::16:37:11.255 QSNYDER-M-C5UP ncs[6319]: devel-snmpa loaded snmp mib: /Users/qsnyder/ncs-471/etc/ncs/snmp/TAILF-ALARM-TC-MIB.bin
<INFO> 1-May-2019::16:37:11.256 QSNYDER-M-C5UP ncs[6319]: devel-snmpa loaded snmp mib: /Users/qsnyder/ncs-471/etc/ncs/snmp/TAILF-TOP-MIB.bin
<INFO> 1-May-2019::16:37:11.257 QSNYDER-M-C5UP ncs[6319]: devel-snmpa loaded snmp mib: /Users/qsnyder/ncs-471/lib/ncs/lib/snmp/snmp/priv/mibs/SNMP-COMMUNITY-MIB.bin
<INFO> 1-May-2019::16:37:11.259 QSNYDER-M-C5UP ncs[6319]: devel-snmpa loaded snmp mib: /Users/qsnyder/ncs-471/lib/ncs/lib/snmp/snmp/priv/mibs/SNMP-TARGET-MIB.bin
<INFO> 1-May-2019::16:37:11.260 QSNYDER-M-C5UP ncs[6319]: devel-snmpa loaded snmp mib: /Users/qsnyder/ncs-471/lib/ncs/lib/snmp/snmp/priv/mibs/SNMP-NOTIFICATION-MIB.bin
<INFO> 1-May-2019::16:37:11.261 QSNYDER-M-C5UP ncs[6319]: devel-snmpa loaded snmp mib: /Users/qsnyder/ncs-471/lib/ncs/lib/snmp/snmp/priv/mibs/SNMP-USER-BASED-SM-MIB.bin
<INFO> 1-May-2019::16:37:11.262 QSNYDER-M-C5UP ncs[6319]: devel-snmpa loaded snmp mib: /Users/qsnyder/ncs-471/lib/ncs/lib/snmp/snmp/priv/mibs/SNMP-VIEW-BASED-ACM-MIB.bin
<INFO> 1-May-2019::16:37:11.262 QSNYDER-M-C5UP ncs[6319]: devel-snmpa snmp agent started
<DEBUG> 1-May-2019::16:37:11.286 QSNYDER-M-C5UP ncs[6319]: devel-cdb connect from ncsMain-alCdb
<DEBUG> 1-May-2019::16:37:11.588 QSNYDER-M-C5UP ncs[6319]: devel-cdb connect from econfd <0.659.0>
<DEBUG> 1-May-2019::16:37:11.588 QSNYDER-M-C5UP ncs[6319]: devel-cdb new subscriber session for econfd <0.659.0>
<DEBUG> 1-May-2019::16:37:11.600 QSNYDER-M-C5UP ncs[6319]: ncs commit progress db=running usid=6 thandle=27: entering validate phase for running...
<DEBUG> 1-May-2019::16:37:11.600 QSNYDER-M-C5UP ncs[6319]: ncs commit progress db=running usid=6 thandle=27: validate: run pre-trans-lock service callbacks...
<DEBUG> 1-May-2019::16:37:11.600 QSNYDER-M-C5UP ncs[6319]: ncs commit progress db=running usid=6 thandle=27: validate: run transforms and transaction hooks...
<DEBUG> 1-May-2019::16:37:11.601 QSNYDER-M-C5UP ncs[6319]: ncs commit progress db=running usid=6 thandle=27: validate: run transforms and transaction hooks done
<DEBUG> 1-May-2019::16:37:11.601 QSNYDER-M-C5UP ncs[6319]: ncs commit progress db=running usid=6 thandle=27: validate: pre-trans-lock service callbacks done
<DEBUG> 1-May-2019::16:37:11.601 QSNYDER-M-C5UP ncs[6319]: ncs commit progress db=running usid=6 thandle=27: validate: grabbing transaction lock...
<DEBUG> 1-May-2019::16:37:11.601 QSNYDER-M-C5UP ncs[6319]: devel-c new_usess db request daemon id: 4
<DEBUG> 1-May-2019::16:37:11.601 QSNYDER-M-C5UP ncs[6319]: devel-c db reply daemon id: 4
<DEBUG> 1-May-2019::16:37:11.601 QSNYDER-M-C5UP ncs[6319]: devel-c new_trans request daemon id: 4 thandle: 27
<DEBUG> 1-May-2019::16:37:11.601 QSNYDER-M-C5UP ncs[6319]: devel-c new_trans succeeded daemon id: 4 session id: 27 worker id: 1
<DEBUG> 1-May-2019::16:37:11.601 QSNYDER-M-C5UP ncs[6319]: devel-c new_usess db request daemon id: 0
<DEBUG> 1-May-2019::16:37:11.601 QSNYDER-M-C5UP ncs[6319]: devel-c db reply daemon id: 0
<DEBUG> 1-May-2019::16:37:11.601 QSNYDER-M-C5UP ncs[6319]: devel-c new_trans request daemon id: 0 thandle: 27
<DEBUG> 1-May-2019::16:37:11.601 QSNYDER-M-C5UP ncs[6319]: devel-c new_trans succeeded daemon id: 0 session id: 27 worker id: 1
<DEBUG> 1-May-2019::16:37:11.602 QSNYDER-M-C5UP ncs[6319]: devel-c trans_lock request daemon id: 4 session id: 27
<DEBUG> 1-May-2019::16:37:11.602 QSNYDER-M-C5UP ncs[6319]: devel-c trans_lock succeeded daemon id: 4 session id: 27
<DEBUG> 1-May-2019::16:37:11.602 QSNYDER-M-C5UP ncs[6319]: ncs commit progress db=running usid=6 thandle=27: validate: grabbing transaction lock ok
<DEBUG> 1-May-2019::16:37:11.602 QSNYDER-M-C5UP ncs[6319]: ncs commit progress db=running usid=6 thandle=27: validate: creating rollback file...
<DEBUG> 1-May-2019::16:37:11.604 QSNYDER-M-C5UP ncs[6319]: ncs commit progress db=running usid=6 thandle=27: validate: creating rollback file ok
<DEBUG> 1-May-2019::16:37:11.604 QSNYDER-M-C5UP ncs[6319]: ncs commit progress db=running usid=6 thandle=27: validate: run transforms and transaction hooks...
<DEBUG> 1-May-2019::16:37:11.604 QSNYDER-M-C5UP ncs[6319]: ncs commit progress db=running usid=6 thandle=27: validate: run transforms and transaction hooks done
<DEBUG> 1-May-2019::16:37:11.604 QSNYDER-M-C5UP ncs[6319]: ncs commit progress db=running usid=6 thandle=27: validate: mark inactive...
<DEBUG> 1-May-2019::16:37:11.604 QSNYDER-M-C5UP ncs[6319]: ncs commit progress db=running usid=6 thandle=27: validate: mark inactive ok
<DEBUG> 1-May-2019::16:37:11.604 QSNYDER-M-C5UP ncs[6319]: ncs commit progress db=running usid=6 thandle=27: validate: pre validate...
<DEBUG> 1-May-2019::16:37:11.605 QSNYDER-M-C5UP ncs[6319]: ncs commit progress db=running usid=6 thandle=27: validate: pre validate ok
<DEBUG> 1-May-2019::16:37:11.605 QSNYDER-M-C5UP ncs[6319]: ncs commit progress db=running usid=6 thandle=27: validate: run validation over the change set...
<DEBUG> 1-May-2019::16:37:11.605 QSNYDER-M-C5UP ncs[6319]: ncs commit progress db=running usid=6 thandle=27: validate: validation over the change set done
<DEBUG> 1-May-2019::16:37:11.605 QSNYDER-M-C5UP ncs[6319]: ncs commit progress db=running usid=6 thandle=27: validate: run dependency-triggered validation...
<DEBUG> 1-May-2019::16:37:11.605 QSNYDER-M-C5UP ncs[6319]: ncs commit progress db=running usid=6 thandle=27: validate: dependency-triggered validation done
<DEBUG> 1-May-2019::16:37:11.605 QSNYDER-M-C5UP ncs[6319]: ncs commit progress db=running usid=6 thandle=27: validate: check configuration policies...
<DEBUG> 1-May-2019::16:37:11.605 QSNYDER-M-C5UP ncs[6319]: ncs commit progress db=running usid=6 thandle=27: validate: configuration policies done
<DEBUG> 1-May-2019::16:37:11.606 QSNYDER-M-C5UP ncs[6319]: ncs commit progress db=running usid=6 thandle=27: entering write-start phase for running...
<DEBUG> 1-May-2019::16:37:11.606 QSNYDER-M-C5UP ncs[6319]: ncs commit progress db=running usid=6 thandle=27: cdb: write-start
<DEBUG> 1-May-2019::16:37:11.606 QSNYDER-M-C5UP ncs[6319]: ncs kicker: internal at /kicker:kickers changed; invoking {kicker_server,
                                               kicker_data_changed,[]}
<DEBUG> 1-May-2019::16:37:11.606 QSNYDER-M-C5UP ncs[6319]: ncs commit progress db=running usid=6 thandle=27: entering prepare phase for running...
<DEBUG> 1-May-2019::16:37:11.606 QSNYDER-M-C5UP ncs[6319]: ncs commit progress db=running usid=6 thandle=27: cdb: prepare
<DEBUG> 1-May-2019::16:37:11.607 QSNYDER-M-C5UP ncs[6319]: ncs commit progress db=running usid=6 thandle=27: ncs-internal-device-mgr: prepare
<DEBUG> 1-May-2019::16:37:11.607 QSNYDER-M-C5UP ncs[6319]: devel-c prepare request daemon id: 0 session id: 27
<DEBUG> 1-May-2019::16:37:11.607 QSNYDER-M-C5UP ncs[6319]: devel-c prepare succeeded daemon id: 0 session id: 27
<DEBUG> 1-May-2019::16:37:11.607 QSNYDER-M-C5UP ncs[6319]: ncs commit progress db=running usid=6 thandle=27: entering commit phase for running...
<DEBUG> 1-May-2019::16:37:11.607 QSNYDER-M-C5UP ncs[6319]: ncs commit progress db=running usid=6 thandle=27: cdb: commit
<DEBUG> 1-May-2019::16:37:11.608 QSNYDER-M-C5UP ncs[6319]: ncs commit progress db=running usid=6 thandle=27: ncs-internal-service-mux: commit
<DEBUG> 1-May-2019::16:37:11.608 QSNYDER-M-C5UP ncs[6319]: devel-c commit request daemon id: 4 session id: 27
<DEBUG> 1-May-2019::16:37:11.608 QSNYDER-M-C5UP ncs[6319]: ncs commit progress db=running usid=6 thandle=27: ncs-internal-device-mgr: commit
<DEBUG> 1-May-2019::16:37:11.608 QSNYDER-M-C5UP ncs[6319]: devel-c commit succeeded daemon id: 4 session id: 27
<DEBUG> 1-May-2019::16:37:11.608 QSNYDER-M-C5UP ncs[6319]: devel-c commit request daemon id: 0 session id: 27
<DEBUG> 1-May-2019::16:37:11.608 QSNYDER-M-C5UP ncs[6319]: ncs Unlock all devices held by process
<DEBUG> 1-May-2019::16:37:11.609 QSNYDER-M-C5UP ncs[6319]: devel-c commit succeeded daemon id: 0 session id: 27
<DEBUG> 1-May-2019::16:37:11.609 QSNYDER-M-C5UP ncs[6319]: devel-c close_trans request daemon id: 4 session id: 27
<DEBUG> 1-May-2019::16:37:11.610 QSNYDER-M-C5UP ncs[6319]: devel-c close_trans succeeded daemon id: 4 session id: 27
<DEBUG> 1-May-2019::16:37:11.610 QSNYDER-M-C5UP ncs[6319]: devel-c close_trans request daemon id: 0 session id: 27
<DEBUG> 1-May-2019::16:37:11.610 QSNYDER-M-C5UP ncs[6319]: devel-c close_trans succeeded daemon id: 0 session id: 27
<DEBUG> 1-May-2019::16:37:11.638 QSNYDER-M-C5UP ncs[6319]: devel-sls starting SLS server
<DEBUG> 1-May-2019::16:37:15.305 QSNYDER-M-C5UP ncs[6319]: devel-cdb Delaying CDB journal compaction
<DEBUG> 1-May-2019::16:37:18.406 QSNYDER-M-C5UP ncs[6319]: devel-cdb connect from econfd <0.746.0>
<DEBUG> 1-May-2019::16:37:18.406 QSNYDER-M-C5UP ncs[6319]: devel-cdb new subscriber session for econfd <0.746.0>
<DEBUG> 1-May-2019::16:37:18.427 QSNYDER-M-C5UP ncs[6319]: devel-cdb connect from econfd <0.749.0>
<DEBUG> 1-May-2019::16:37:18.427 QSNYDER-M-C5UP ncs[6319]: devel-cdb new subscriber session for econfd <0.749.0>
<DEBUG> 1-May-2019::16:37:18.427 QSNYDER-M-C5UP ncs[6319]: devel-sls request entitlement tag:<<"regid.2015-10.com.cisco.NSO-platform-production,1.0_d1445dab-9d96-4593-99f2-6f633b8a759c">> version:<<"1.0">> count:1
<DEBUG> 1-May-2019::16:37:19.648 QSNYDER-M-C5UP ncs[6319]: devel-sls request entitlement tag:<<"regid.2015-10.com.cisco.NSO-network-element,1.0_5d641fa0-757d-43b0-a926-166cb6e3cfdd">> version:<<"1.0">> count:0
<DEBUG> 1-May-2019::16:37:19.652 QSNYDER-M-C5UP ncs[6319]: devel-sls request entitlement tag:<<"regid.2015-10.com.cisco.NSO-platform-production-standby,1.0_c1a6183d-336a-4f35-af72-49a0d99b02b8">> version:<<"1.0">> count:0
<DEBUG> 1-May-2019::16:37:19.655 QSNYDER-M-C5UP ncs[6319]: devel-sls request entitlement tag:<<"regid.2015-10.com.cisco.cisco-ios-NED,1.0_d9eca34d-1f6a-4595-ad74-9c0c57e03c27">> version:<<"1.0">> count:1
<INFO> 1-May-2019::16:37:20.311 QSNYDER-M-C5UP ncs[6319]: devel-cdb Initiating CDB journal compaction
<INFO> 1-May-2019::16:37:20.312 QSNYDER-M-C5UP ncs[6319]: devel-cdb Compacted CDB journal file: 2 ms (341 nodes in memory, disk size 5.23 KiB -> 4.95 KiB)
<DEBUG> 1-May-2019::16:37:20.845 QSNYDER-M-C5UP ncs[6319]: devel-sls received global notification: notification_type = notify_enabled, enforce_mode = not_applicable
<DEBUG> 1-May-2019::16:37:21.005 QSNYDER-M-C5UP ncs[6319]: ncs commit progress db=running usid=38 thandle=37: entering validate phase for running...
<DEBUG> 1-May-2019::16:37:21.005 QSNYDER-M-C5UP ncs[6319]: ncs commit progress db=running usid=38 thandle=37: validate: run pre-trans-lock service callbacks...
<DEBUG> 1-May-2019::16:37:21.005 QSNYDER-M-C5UP ncs[6319]: ncs commit progress db=running usid=38 thandle=37: validate: run transforms and transaction hooks...
<DEBUG> 1-May-2019::16:37:21.005 QSNYDER-M-C5UP ncs[6319]: devel-c new_usess db request daemon id: 4
<DEBUG> 1-May-2019::16:37:21.005 QSNYDER-M-C5UP ncs[6319]: ncs commit progress db=running usid=38 thandle=37: validate: run transforms and transaction hooks done
<DEBUG> 1-May-2019::16:37:21.005 QSNYDER-M-C5UP ncs[6319]: devel-c db reply daemon id: 4
<DEBUG> 1-May-2019::16:37:21.005 QSNYDER-M-C5UP ncs[6319]: ncs commit progress db=running usid=38 thandle=37: validate: pre-trans-lock service callbacks done
<DEBUG> 1-May-2019::16:37:21.005 QSNYDER-M-C5UP ncs[6319]: devel-c new_trans request daemon id: 4 thandle: 37
<DEBUG> 1-May-2019::16:37:21.005 QSNYDER-M-C5UP ncs[6319]: ncs commit progress db=running usid=38 thandle=37: validate: grabbing transaction lock...
<DEBUG> 1-May-2019::16:37:21.005 QSNYDER-M-C5UP ncs[6319]: devel-c new_trans succeeded daemon id: 4 session id: 37 worker id: 1
<DEBUG> 1-May-2019::16:37:21.005 QSNYDER-M-C5UP ncs[6319]: devel-c new_usess db request daemon id: 0
<DEBUG> 1-May-2019::16:37:21.006 QSNYDER-M-C5UP ncs[6319]: devel-c db reply daemon id: 0
<DEBUG> 1-May-2019::16:37:21.006 QSNYDER-M-C5UP ncs[6319]: devel-c new_trans request daemon id: 0 thandle: 37
<DEBUG> 1-May-2019::16:37:21.006 QSNYDER-M-C5UP ncs[6319]: devel-c new_trans succeeded daemon id: 0 session id: 37 worker id: 1
<DEBUG> 1-May-2019::16:37:21.006 QSNYDER-M-C5UP ncs[6319]: devel-c trans_lock request daemon id: 4 session id: 37
<DEBUG> 1-May-2019::16:37:21.006 QSNYDER-M-C5UP ncs[6319]: devel-c trans_lock succeeded daemon id: 4 session id: 37
<DEBUG> 1-May-2019::16:37:21.006 QSNYDER-M-C5UP ncs[6319]: ncs commit progress db=running usid=38 thandle=37: validate: grabbing transaction lock ok
<DEBUG> 1-May-2019::16:37:21.006 QSNYDER-M-C5UP ncs[6319]: ncs commit progress db=running usid=38 thandle=37: validate: creating rollback file...
<DEBUG> 1-May-2019::16:37:21.008 QSNYDER-M-C5UP ncs[6319]: ncs commit progress db=running usid=38 thandle=37: validate: creating rollback file ok
<DEBUG> 1-May-2019::16:37:21.009 QSNYDER-M-C5UP ncs[6319]: ncs commit progress db=running usid=38 thandle=37: validate: run transforms and transaction hooks...
<DEBUG> 1-May-2019::16:37:21.009 QSNYDER-M-C5UP ncs[6319]: ncs commit progress db=running usid=38 thandle=37: validate: run transforms and transaction hooks done
<DEBUG> 1-May-2019::16:37:21.009 QSNYDER-M-C5UP ncs[6319]: ncs commit progress db=running usid=38 thandle=37: validate: mark inactive...
<DEBUG> 1-May-2019::16:37:21.010 QSNYDER-M-C5UP ncs[6319]: ncs commit progress db=running usid=38 thandle=37: validate: mark inactive ok
<DEBUG> 1-May-2019::16:37:21.010 QSNYDER-M-C5UP ncs[6319]: ncs commit progress db=running usid=38 thandle=37: validate: pre validate...
<DEBUG> 1-May-2019::16:37:21.011 QSNYDER-M-C5UP ncs[6319]: ncs commit progress db=running usid=38 thandle=37: validate: pre validate ok
<DEBUG> 1-May-2019::16:37:21.011 QSNYDER-M-C5UP ncs[6319]: ncs commit progress db=running usid=38 thandle=37: validate: run validation over the change set...
<DEBUG> 1-May-2019::16:37:21.022 QSNYDER-M-C5UP ncs[6319]: ncs commit progress db=running usid=38 thandle=37: validate: validation over the change set done
<DEBUG> 1-May-2019::16:37:21.022 QSNYDER-M-C5UP ncs[6319]: ncs commit progress db=running usid=38 thandle=37: validate: run dependency-triggered validation...
<DEBUG> 1-May-2019::16:37:21.023 QSNYDER-M-C5UP ncs[6319]: ncs commit progress db=running usid=38 thandle=37: validate: dependency-triggered validation done
<DEBUG> 1-May-2019::16:37:21.023 QSNYDER-M-C5UP ncs[6319]: ncs commit progress db=running usid=38 thandle=37: validate: check configuration policies...
<DEBUG> 1-May-2019::16:37:21.023 QSNYDER-M-C5UP ncs[6319]: ncs commit progress db=running usid=38 thandle=37: validate: configuration policies done
<DEBUG> 1-May-2019::16:37:21.023 QSNYDER-M-C5UP ncs[6319]: ncs commit progress db=running usid=38 thandle=37: entering write-start phase for running...
<DEBUG> 1-May-2019::16:37:21.023 QSNYDER-M-C5UP ncs[6319]: ncs commit progress db=running usid=38 thandle=37: cdb: write-start
<DEBUG> 1-May-2019::16:37:21.025 QSNYDER-M-C5UP ncs[6319]: ncs commit progress db=running usid=38 thandle=37: entering prepare phase for running...
<DEBUG> 1-May-2019::16:37:21.025 QSNYDER-M-C5UP ncs[6319]: devel-c prepare request daemon id: 0 session id: 37
<DEBUG> 1-May-2019::16:37:21.025 QSNYDER-M-C5UP ncs[6319]: ncs commit progress db=running usid=38 thandle=37: cdb: prepare
<DEBUG> 1-May-2019::16:37:21.025 QSNYDER-M-C5UP ncs[6319]: ncs commit progress db=running usid=38 thandle=37: ncs-internal-device-mgr: prepare
<DEBUG> 1-May-2019::16:37:21.026 QSNYDER-M-C5UP ncs[6319]: devel-c prepare succeeded daemon id: 0 session id: 37
<DEBUG> 1-May-2019::16:37:21.026 QSNYDER-M-C5UP ncs[6319]: ncs commit progress db=running usid=38 thandle=37: entering commit phase for running...
<DEBUG> 1-May-2019::16:37:21.026 QSNYDER-M-C5UP ncs[6319]: ncs commit progress db=running usid=38 thandle=37: cdb: commit
<DEBUG> 1-May-2019::16:37:21.032 QSNYDER-M-C5UP ncs[6319]: ncs commit progress db=running usid=38 thandle=37: cdb: delivering commit subscription notifications at prio 1
<DEBUG> 1-May-2019::16:37:21.032 QSNYDER-M-C5UP ncs[6319]: devel-sls request entitlement tag:<<"regid.2015-10.com.cisco.NSO-platform-production,1.0_d1445dab-9d96-4593-99f2-6f633b8a759c">> version:<<"1.0">> count:1
<DEBUG> 1-May-2019::16:37:21.032 QSNYDER-M-C5UP ncs[6319]: ncs commit progress db=running usid=38 thandle=37: cdb: delivering commit subscription notifications at prio 11
<DEBUG> 1-May-2019::16:37:21.033 QSNYDER-M-C5UP ncs[6319]: ncs commit progress db=running usid=38 thandle=37: cdb: delivering commit subscription notifications at prio 12
<DEBUG> 1-May-2019::16:37:21.033 QSNYDER-M-C5UP ncs[6319]: ncs commit progress db=running usid=38 thandle=37: cdb: all commit subscription notifications acknowledged
<DEBUG> 1-May-2019::16:37:21.033 QSNYDER-M-C5UP ncs[6319]: devel-c commit request daemon id: 4 session id: 37
<DEBUG> 1-May-2019::16:37:21.033 QSNYDER-M-C5UP ncs[6319]: ncs commit progress db=running usid=38 thandle=37: ncs-internal-service-mux: commit
<DEBUG> 1-May-2019::16:37:21.033 QSNYDER-M-C5UP ncs[6319]: devel-c commit succeeded daemon id: 4 session id: 37
<DEBUG> 1-May-2019::16:37:21.033 QSNYDER-M-C5UP ncs[6319]: ncs commit progress db=running usid=38 thandle=37: ncs-internal-device-mgr: commit
<DEBUG> 1-May-2019::16:37:21.033 QSNYDER-M-C5UP ncs[6319]: devel-c commit request daemon id: 0 session id: 37
<DEBUG> 1-May-2019::16:37:21.033 QSNYDER-M-C5UP ncs[6319]: ncs Unlock all devices held by process
<DEBUG> 1-May-2019::16:37:21.033 QSNYDER-M-C5UP ncs[6319]: devel-c commit succeeded daemon id: 0 session id: 37
<DEBUG> 1-May-2019::16:37:21.040 QSNYDER-M-C5UP ncs[6319]: devel-c close_trans request daemon id: 4 session id: 37
<DEBUG> 1-May-2019::16:37:21.041 QSNYDER-M-C5UP ncs[6319]: devel-c close_trans succeeded daemon id: 4 session id: 37
<DEBUG> 1-May-2019::16:37:21.041 QSNYDER-M-C5UP ncs[6319]: devel-c close_trans request daemon id: 0 session id: 37
<DEBUG> 1-May-2019::16:37:21.041 QSNYDER-M-C5UP ncs[6319]: devel-c close_trans succeeded daemon id: 0 session id: 37
<DEBUG> 1-May-2019::16:37:21.142 QSNYDER-M-C5UP ncs[6319]: devel-c close_usess db request daemon id: 4
<DEBUG> 1-May-2019::16:37:21.142 QSNYDER-M-C5UP ncs[6319]: devel-c db reply daemon id: 4
<DEBUG> 1-May-2019::16:37:21.143 QSNYDER-M-C5UP ncs[6319]: devel-c close_usess db request daemon id: 0
<DEBUG> 1-May-2019::16:37:21.143 QSNYDER-M-C5UP ncs[6319]: devel-c db reply daemon id: 0
<DEBUG> 1-May-2019::16:37:22.229 QSNYDER-M-C5UP ncs[6319]: devel-sls request entitlement tag:<<"regid.2015-10.com.cisco.NSO-network-element,1.0_5d641fa0-757d-43b0-a926-166cb6e3cfdd">> version:<<"1.0">> count:5
<DEBUG> 1-May-2019::16:37:23.405 QSNYDER-M-C5UP ncs[6319]: devel-sls request entitlement tag:<<"regid.2015-10.com.cisco.NSO-platform-production-standby,1.0_c1a6183d-336a-4f35-af72-49a0d99b02b8">> version:<<"1.0">> count:0
<DEBUG> 1-May-2019::16:37:23.408 QSNYDER-M-C5UP ncs[6319]: devel-sls request entitlement tag:<<"regid.2015-10.com.cisco.cisco-ios-NED,1.0_d9eca34d-1f6a-4595-ad74-9c0c57e03c27">> version:<<"1.0">> count:1
<DEBUG> 1-May-2019::16:37:24.586 QSNYDER-M-C5UP ncs[6319]: devel-sls received global notification: notification_type = notify_ready, enforce_mode = not_applicable
<DEBUG> 1-May-2019::16:37:24.587 QSNYDER-M-C5UP ncs[6319]: devel-sls received global notification: notification_type = notify_enforcement_mode, enforce_mode = eval
<DEBUG> 1-May-2019::16:37:24.592 QSNYDER-M-C5UP ncs[6319]: devel-sls received global notification: notification_type = notify_enforcement_mode, enforce_mode = eval
<DEBUG> 1-May-2019::16:37:28.436 QSNYDER-M-C5UP ncs[6319]: devel-sls received global notification: notification_type = notify_enforcement_mode, enforce_mode = eval
<DEBUG> 1-May-2019::16:37:28.441 QSNYDER-M-C5UP ncs[6319]: devel-sls received global notification: notification_type = notify_enforcement_mode, enforce_mode = eval
<DEBUG> 1-May-2019::16:37:31.196 QSNYDER-M-C5UP ncs[6319]: devel-c close_usess db request daemon id: 4
<DEBUG> 1-May-2019::16:37:31.196 QSNYDER-M-C5UP ncs[6319]: devel-c db reply daemon id: 4
<DEBUG> 1-May-2019::16:37:31.196 QSNYDER-M-C5UP ncs[6319]: devel-c close_usess db request daemon id: 0
<DEBUG> 1-May-2019::16:37:31.197 QSNYDER-M-C5UP ncs[6319]: devel-c db reply daemon id: 0
<DEBUG> 1-May-2019::16:37:33.445 QSNYDER-M-C5UP ncs[6319]: devel-sls received global notification: notification_type = notify_enforcement_mode, enforce_mode = eval
<INFO> 1-May-2019::16:41:48.174 QSNYDER-M-C5UP ncs[6319]: ncs device csr1000v-1: connect: device connect...
<DEBUG> 1-May-2019::16:41:48.181 QSNYDER-M-C5UP ncs[6319]: ncs device csr1000v-1: connect: send NED connect
<DEBUG> 1-May-2019::16:41:49.115 QSNYDER-M-C5UP ncs[6319]: ncs commit progress db=undefined usid=39 thandle=48: entering write-start phase for operational...
<DEBUG> 1-May-2019::16:41:49.115 QSNYDER-M-C5UP ncs[6319]: ncs commit progress db=undefined usid=39 thandle=48: cdb: write-start
<DEBUG> 1-May-2019::16:41:49.115 QSNYDER-M-C5UP ncs[6319]: ncs commit progress db=undefined usid=39 thandle=48: entering prepare phase for operational...
<DEBUG> 1-May-2019::16:41:49.115 QSNYDER-M-C5UP ncs[6319]: ncs commit progress db=undefined usid=39 thandle=48: cdb: prepare
<DEBUG> 1-May-2019::16:41:49.116 QSNYDER-M-C5UP ncs[6319]: ncs commit progress db=undefined usid=39 thandle=48: entering commit phase for operational...
<DEBUG> 1-May-2019::16:41:49.116 QSNYDER-M-C5UP ncs[6319]: ncs commit progress db=undefined usid=39 thandle=48: cdb: commit
<DEBUG> 1-May-2019::16:41:49.118 QSNYDER-M-C5UP ncs[6319]: ncs device csr1000v-1: connect: send NED is-alive
<INFO> 1-May-2019::16:41:49.119 QSNYDER-M-C5UP ncs[6319]: ncs device csr1000v-1: connect: device connect ok
<INFO> 1-May-2019::16:41:49.711 QSNYDER-M-C5UP ncs[6319]: ncs device csr1000v-2: connect: device connect...
<DEBUG> 1-May-2019::16:41:49.711 QSNYDER-M-C5UP ncs[6319]: ncs device csr1000v-2: connect: send NED connect
<DEBUG> 1-May-2019::16:41:50.758 QSNYDER-M-C5UP ncs[6319]: ncs commit progress db=undefined usid=39 thandle=56: entering write-start phase for operational...
<DEBUG> 1-May-2019::16:41:50.759 QSNYDER-M-C5UP ncs[6319]: ncs commit progress db=undefined usid=39 thandle=56: cdb: write-start
<DEBUG> 1-May-2019::16:41:50.759 QSNYDER-M-C5UP ncs[6319]: ncs commit progress db=undefined usid=39 thandle=56: entering prepare phase for operational...
<DEBUG> 1-May-2019::16:41:50.759 QSNYDER-M-C5UP ncs[6319]: ncs commit progress db=undefined usid=39 thandle=56: cdb: prepare
<DEBUG> 1-May-2019::16:41:50.760 QSNYDER-M-C5UP ncs[6319]: ncs commit progress db=undefined usid=39 thandle=56: entering commit phase for operational...
<DEBUG> 1-May-2019::16:41:50.760 QSNYDER-M-C5UP ncs[6319]: ncs commit progress db=undefined usid=39 thandle=56: cdb: commit
<DEBUG> 1-May-2019::16:41:50.762 QSNYDER-M-C5UP ncs[6319]: ncs device csr1000v-2: connect: send NED is-alive
<INFO> 1-May-2019::16:41:50.762 QSNYDER-M-C5UP ncs[6319]: ncs device csr1000v-2: connect: device connect ok
<INFO> 1-May-2019::16:41:51.322 QSNYDER-M-C5UP ncs[6319]: ncs device csr1000v-3: connect: device connect...
<DEBUG> 1-May-2019::16:41:51.322 QSNYDER-M-C5UP ncs[6319]: ncs device csr1000v-3: connect: send NED connect
<DEBUG> 1-May-2019::16:41:52.273 QSNYDER-M-C5UP ncs[6319]: ncs commit progress db=undefined usid=39 thandle=64: entering write-start phase for operational...
<DEBUG> 1-May-2019::16:41:52.273 QSNYDER-M-C5UP ncs[6319]: ncs commit progress db=undefined usid=39 thandle=64: cdb: write-start
<DEBUG> 1-May-2019::16:41:52.274 QSNYDER-M-C5UP ncs[6319]: ncs commit progress db=undefined usid=39 thandle=64: entering prepare phase for operational...
<DEBUG> 1-May-2019::16:41:52.274 QSNYDER-M-C5UP ncs[6319]: ncs commit progress db=undefined usid=39 thandle=64: cdb: prepare
<DEBUG> 1-May-2019::16:41:52.274 QSNYDER-M-C5UP ncs[6319]: ncs commit progress db=undefined usid=39 thandle=64: entering commit phase for operational...
<DEBUG> 1-May-2019::16:41:52.275 QSNYDER-M-C5UP ncs[6319]: ncs commit progress db=undefined usid=39 thandle=64: cdb: commit
<DEBUG> 1-May-2019::16:41:52.277 QSNYDER-M-C5UP ncs[6319]: ncs device csr1000v-3: connect: send NED is-alive
<INFO> 1-May-2019::16:41:52.277 QSNYDER-M-C5UP ncs[6319]: ncs device csr1000v-3: connect: device connect ok
<INFO> 1-May-2019::16:41:52.768 QSNYDER-M-C5UP ncs[6319]: ncs device csr1000v-4: connect: device connect...
<DEBUG> 1-May-2019::16:41:52.768 QSNYDER-M-C5UP ncs[6319]: ncs device csr1000v-4: connect: send NED connect
<DEBUG> 1-May-2019::16:41:53.654 QSNYDER-M-C5UP ncs[6319]: ncs commit progress db=undefined usid=39 thandle=72: entering write-start phase for operational...
<DEBUG> 1-May-2019::16:41:53.654 QSNYDER-M-C5UP ncs[6319]: ncs commit progress db=undefined usid=39 thandle=72: cdb: write-start
<DEBUG> 1-May-2019::16:41:53.655 QSNYDER-M-C5UP ncs[6319]: ncs commit progress db=undefined usid=39 thandle=72: entering prepare phase for operational...
<DEBUG> 1-May-2019::16:41:53.655 QSNYDER-M-C5UP ncs[6319]: ncs commit progress db=undefined usid=39 thandle=72: cdb: prepare
<DEBUG> 1-May-2019::16:41:53.655 QSNYDER-M-C5UP ncs[6319]: ncs commit progress db=undefined usid=39 thandle=72: entering commit phase for operational...
<DEBUG> 1-May-2019::16:41:53.655 QSNYDER-M-C5UP ncs[6319]: ncs commit progress db=undefined usid=39 thandle=72: cdb: commit
<DEBUG> 1-May-2019::16:41:53.656 QSNYDER-M-C5UP ncs[6319]: ncs device csr1000v-4: connect: send NED is-alive
<INFO> 1-May-2019::16:41:53.657 QSNYDER-M-C5UP ncs[6319]: ncs device csr1000v-4: connect: device connect ok
<INFO> 1-May-2019::16:41:54.144 QSNYDER-M-C5UP ncs[6319]: ncs device csr1000v-5: connect: device connect...
<DEBUG> 1-May-2019::16:41:54.145 QSNYDER-M-C5UP ncs[6319]: ncs device csr1000v-5: connect: send NED connect
<DEBUG> 1-May-2019::16:41:54.994 QSNYDER-M-C5UP ncs[6319]: ncs commit progress db=undefined usid=39 thandle=80: entering write-start phase for operational...
<DEBUG> 1-May-2019::16:41:54.994 QSNYDER-M-C5UP ncs[6319]: ncs commit progress db=undefined usid=39 thandle=80: cdb: write-start
<DEBUG> 1-May-2019::16:41:54.995 QSNYDER-M-C5UP ncs[6319]: ncs commit progress db=undefined usid=39 thandle=80: entering prepare phase for operational...
<DEBUG> 1-May-2019::16:41:54.995 QSNYDER-M-C5UP ncs[6319]: ncs commit progress db=undefined usid=39 thandle=80: cdb: prepare
<DEBUG> 1-May-2019::16:41:54.995 QSNYDER-M-C5UP ncs[6319]: ncs commit progress db=undefined usid=39 thandle=80: entering commit phase for operational...
<DEBUG> 1-May-2019::16:41:54.996 QSNYDER-M-C5UP ncs[6319]: ncs commit progress db=undefined usid=39 thandle=80: cdb: commit
<DEBUG> 1-May-2019::16:41:54.999 QSNYDER-M-C5UP ncs[6319]: ncs device csr1000v-5: connect: send NED is-alive
<INFO> 1-May-2019::16:41:54.999 QSNYDER-M-C5UP ncs[6319]: ncs device csr1000v-5: connect: device connect ok
<INFO> 1-May-2019::16:43:00.456 QSNYDER-M-C5UP ncs[6319]: ncs device csr1000v-2: close: device close...
<DEBUG> 1-May-2019::16:43:00.456 QSNYDER-M-C5UP ncs[6319]: ncs device csr1000v-2: close: send NED close
<INFO> 1-May-2019::16:43:00.458 QSNYDER-M-C5UP ncs[6319]: ncs device csr1000v-2: close: device close ok
<INFO> 1-May-2019::16:43:00.458 QSNYDER-M-C5UP ncs[6319]: ncs device csr1000v-3: close: device close...
<DEBUG> 1-May-2019::16:43:00.458 QSNYDER-M-C5UP ncs[6319]: ncs device csr1000v-3: close: send NED close
<INFO> 1-May-2019::16:43:00.459 QSNYDER-M-C5UP ncs[6319]: ncs device csr1000v-3: close: device close ok
<INFO> 1-May-2019::16:43:00.459 QSNYDER-M-C5UP ncs[6319]: ncs device csr1000v-4: close: device close...
<DEBUG> 1-May-2019::16:43:00.459 QSNYDER-M-C5UP ncs[6319]: ncs device csr1000v-4: close: send NED close
<INFO> 1-May-2019::16:43:00.460 QSNYDER-M-C5UP ncs[6319]: ncs device csr1000v-4: close: device close ok
<INFO> 1-May-2019::16:43:00.460 QSNYDER-M-C5UP ncs[6319]: ncs device csr1000v-5: close: device close...
<DEBUG> 1-May-2019::16:43:00.460 QSNYDER-M-C5UP ncs[6319]: ncs device csr1000v-5: close: send NED close
<INFO> 1-May-2019::16:43:00.461 QSNYDER-M-C5UP ncs[6319]: ncs device csr1000v-5: close: device close ok
<INFO> 1-May-2019::16:43:00.461 QSNYDER-M-C5UP ncs[6319]: ncs device csr1000v-1: close: device close...
<DEBUG> 1-May-2019::16:43:00.461 QSNYDER-M-C5UP ncs[6319]: ncs device csr1000v-1: close: send NED close
<INFO> 1-May-2019::16:43:00.462 QSNYDER-M-C5UP ncs[6319]: ncs device csr1000v-1: close: device close ok
<DEBUG> 1-May-2019::21:08:30.880 QSNYDER-M-C5UP ncs[6319]: devel-cdb inactive client ncsMain-alCdb closed
<DEBUG> 1-May-2019::21:08:30.882 QSNYDER-M-C5UP ncs[6319]: devel-cdb subscriber NCSLOGGER-subscr closed
<DEBUG> 1-May-2019::21:08:30.887 QSNYDER-M-C5UP ncs[6319]: devel-cdb subscriber econfd <0.746.0> closed
<DEBUG> 1-May-2019::21:08:30.887 QSNYDER-M-C5UP ncs[6319]: devel-cdb subscriber econfd <0.749.0> closed
<DEBUG> 1-May-2019::21:08:30.897 QSNYDER-M-C5UP ncs[6319]: devel-cdb subscriber econfd <0.659.0> closed
<DEBUG> 1-May-2019::21:08:35.023 QSNYDER-M-C5UP ncs[6319]: devel-c Daemon closed (name: ncs-internal-service-mux, daemon id: 4)
<DEBUG> 1-May-2019::21:08:35.024 QSNYDER-M-C5UP ncs[6319]: devel-c Daemon closed (name: ncs-internal-service-mux-completion, daemon id: 5)
<DEBUG> 1-May-2019::21:08:35.024 QSNYDER-M-C5UP ncs[6319]: devel-c Daemon closed (name: ncs-internal-template-variable, daemon id: 3)
<DEBUG> 1-May-2019::21:08:35.024 QSNYDER-M-C5UP ncs[6319]: devel-c Daemon closed (name: ncs-internal-device-mgr, daemon id: 0)
<INFO> 1-May-2019::21:08:35.025 QSNYDER-M-C5UP ncs[6319]: devel-c Worker closed daemon id: 2, worker id: 7, socket: {socket,<0.376.0>}
<INFO> 1-May-2019::21:08:35.025 QSNYDER-M-C5UP ncs[6319]: devel-c [stopping] Daemon closed (name: snmp-config-hook, daemon id: 2)
<INFO> 1-May-2019::21:08:35.025 QSNYDER-M-C5UP ncs[6319]: devel-c Worker closed daemon id: 1, worker id: 4, socket: {socket,<0.365.0>}
<INFO> 1-May-2019::21:08:35.025 QSNYDER-M-C5UP ncs[6319]: devel-c [stopping] Daemon closed (name: snmp-config-transform, daemon id: 1)
