6325
Starting java-vm with options:
' -classpath ./state/packages-in-use/1/cisco-ios/shared-jar/*:./state/packages-in-use/1/cisco-ios/private-jar/*:/Users/qsnyder/ncs-471/java/jar/* -Dport=4569 -Djava.awt.headless=true -Djava.security.egd=file:/dev/./urandom -Dfile.encoding=UTF-8'
log4j:WARN No appenders could be found for logger (com.tailf.cdb.Cdb).
log4j:WARN Please initialize the log4j system properly.
log4j:WARN See http://logging.apache.org/log4j/1.2/faq.html#noconfig for more info.
Starting java-vm with options:
' -classpath :/Users/qsnyder/ncs-471/java/jar/* -Dport=4569 -Djava.awt.headless=true -Djava.security.egd=file:/dev/./urandom -Dfile.encoding=UTF-8'
NCS JVM STARTING
NcsLogger applying Default configuration!
<INFO> 01-May-2019::16:37:10.962 NcsMain JVM-Launcher: - CONNECTED TO to NCS --> Socket[addr=/127.0.0.1,port=4569,localport=50463]
<INFO> 01-May-2019::16:37:10.980 NcsMain JVM-Launcher: - READ SOCKET =>
<INFO> 01-May-2019::16:37:10.985 NcsMain JVM-Launcher: -  <= GOT INIT_JVM
JMXURL : service:jmx:rmi://127.0.0.1:9901/jndi/rmi://127.0.0.1:9902/ncs
<INFO> 01-May-2019::16:37:11.551 NcsMain JVM-Launcher: - ALARM SERVICE STARTED
<INFO> 01-May-2019::16:37:11.551 NcsMain JVM-Launcher: - DONE COMMAND --> INIT_JVM
<INFO> 01-May-2019::16:37:11.551 NcsMain JVM-Launcher: - READ SOCKET =>
<INFO> 01-May-2019::16:37:11.552 NcsMain JVM-Launcher: -  <= GOT LOAD_SHARED_JARS
<INFO> 01-May-2019::16:37:11.552 NcsMain JVM-Launcher: - LOAD SHARED PACKAGE ["cisco-ios"] -->
<INFO> 01-May-2019::16:37:11.552 NcsMain JVM-Launcher: - loading shared jar: file:///Users/qsnyder/GitHub/virlfiles/5-csr-mesh-ank/state/packages-in-use/1/cisco-ios/shared-jar/ios-ns.jar
<INFO> 01-May-2019::16:37:11.552 NcsMain JVM-Launcher: - LOAD SHARED PACKAGE ["cisco-ios"] --> OK
<INFO> 01-May-2019::16:37:11.553 NcsMain JVM-Launcher: - DONE COMMAND --> LOAD_SHARED_JARS
<INFO> 01-May-2019::16:37:11.553 NcsMain JVM-Launcher: - READ SOCKET =>
<INFO> 01-May-2019::16:37:11.553 NcsMain JVM-Launcher: -  <= GOT LOAD_PACKAGE
<INFO> 01-May-2019::16:37:11.553 NcsMain JVM-Launcher: - FOUND TYPE: upgrade
<INFO> 01-May-2019::16:37:11.553 NcsMain JVM-Launcher: - FOUND TYPE: ned
<INFO> 01-May-2019::16:37:11.554 NcsMain JVM-Launcher: - LOADING PACKAGE ["cisco-ios"] -->
<WARN> 01-May-2019::16:37:11.568 ResourceManager JVM-Launcher: - Resource annotated field :IOSNedCli::mm already set, no resource injection performed
<INFO> 01-May-2019::16:37:11.568 NcsMain JVM-Launcher: - LOADING PACKAGE ["cisco-ios"] --> LOADED
<INFO> 01-May-2019::16:37:11.569 NcsMain JVM-Launcher: - DONE COMMAND --> LOAD_PACKAGE
<INFO> 01-May-2019::16:37:11.569 NcsMain JVM-Launcher: - READ SOCKET =>
<INFO> 01-May-2019::16:37:11.569 NcsMain JVM-Launcher: -  <= GOT INSTANTIATE_COMPONENT
<INFO> 01-May-2019::16:37:11.569 NcsMain JVM-Launcher: - INSTANTIATE COMPONENT ["cisco-ios:upgrade-ned-id"] -->
<INFO> 01-May-2019::16:37:11.569 NcsMain JVM-Launcher: - => Nothing to deploy for component cisco-ios:upgrade-ned-id
<INFO> 01-May-2019::16:37:11.569 NcsMain JVM-Launcher: - INSTANTIATE COMPONENT ["cisco-ios:upgrade-ned-id"] --> DONE
<INFO> 01-May-2019::16:37:11.569 NcsMain JVM-Launcher: - DONE COMMAND --> INSTANTIATE_COMPONENT
<INFO> 01-May-2019::16:37:11.569 NcsMain JVM-Launcher: - READ SOCKET =>
<INFO> 01-May-2019::16:37:11.569 NcsMain JVM-Launcher: -  <= GOT INSTANTIATE_COMPONENT
<INFO> 01-May-2019::16:37:11.570 NcsMain JVM-Launcher: - INSTANTIATE COMPONENT ["cisco-ios:cisco-ios"] -->
<INFO> 01-May-2019::16:37:11.570 NcsMain JVM-Launcher: - INSTANTIATE COMPONENT ["cisco-ios:cisco-ios"] --> DONE
<INFO> 01-May-2019::16:37:11.570 NcsMain JVM-Launcher: - DONE COMMAND --> INSTANTIATE_COMPONENT
<INFO> 01-May-2019::16:37:11.570 NcsMain JVM-Launcher: - READ SOCKET =>
<INFO> 01-May-2019::16:37:11.570 NcsMain JVM-Launcher: -  <= GOT DONE_LOADING
<INFO> 01-May-2019::16:37:11.571 NcsMain JVM-Launcher: - DONE LOADING  -->
<INFO> 01-May-2019::16:37:11.571 NcsMain JVM-Launcher: - DONE LOADING --> OK
<INFO> 01-May-2019::16:37:11.572 NcsMain JVM-Launcher: - DONE COMMAND --> DONE_LOADING
<INFO> 01-May-2019::16:37:11.572 NcsMain JVM-Launcher: - READ SOCKET =>
showStatsList() /ncs:devices/device{csr1000v-1}/live-status/ios-stats:interfaces
showStats() /ncs:devices/device{csr1000v-1}/live-status/ios-stats:interfaces{Loopback 0}/mac-address
showStatsList() /ncs:devices/device{csr1000v-2}/live-status/ios-stats:interfaces
showStats() /ncs:devices/device{csr1000v-2}/live-status/ios-stats:interfaces{Loopback 0}/mac-address
showStatsList() /ncs:devices/device{csr1000v-3}/live-status/ios-stats:interfaces
showStats() /ncs:devices/device{csr1000v-3}/live-status/ios-stats:interfaces{Loopback 0}/mac-address
showStatsList() /ncs:devices/device{csr1000v-4}/live-status/ios-stats:interfaces
showStats() /ncs:devices/device{csr1000v-4}/live-status/ios-stats:interfaces{Loopback 0}/mac-address
showStatsList() /ncs:devices/device{csr1000v-5}/live-status/ios-stats:interfaces
showStats() /ncs:devices/device{csr1000v-5}/live-status/ios-stats:interfaces{Loopback 0}/mac-address
showStats() /ncs:devices/device{csr1000v-1}/live-status/ios-stats:interfaces{GigabitEthernet 1}/ip-address
showStats() /ncs:devices/device{csr1000v-1}/live-status/ios-stats:interfaces{GigabitEthernet 1}/ip-address
showStats() /ncs:devices/device{csr1000v-1}/live-status/ios-stats:interfaces{GigabitEthernet 2}/ip-address
showStats() /ncs:devices/device{csr1000v-1}/live-status/ios-stats:interfaces{GigabitEthernet 3}/ip-address
showStats() /ncs:devices/device{csr1000v-1}/live-status/ios-stats:interfaces{GigabitEthernet 4}/ip-address
showStats() /ncs:devices/device{csr1000v-1}/live-status/ios-stats:interfaces{GigabitEthernet 5}/ip-address
showStats() /ncs:devices/device{csr1000v-1}/live-status/ios-stats:interfaces{Loopback 0}/ip-address
showStats() /ncs:devices/device{csr1000v-2}/live-status/ios-stats:interfaces{GigabitEthernet 1}/ip-address
showStats() /ncs:devices/device{csr1000v-2}/live-status/ios-stats:interfaces{GigabitEthernet 2}/ip-address
showStats() /ncs:devices/device{csr1000v-2}/live-status/ios-stats:interfaces{GigabitEthernet 3}/ip-address
showStats() /ncs:devices/device{csr1000v-2}/live-status/ios-stats:interfaces{GigabitEthernet 4}/ip-address
showStats() /ncs:devices/device{csr1000v-2}/live-status/ios-stats:interfaces{GigabitEthernet 5}/ip-address
showStats() /ncs:devices/device{csr1000v-2}/live-status/ios-stats:interfaces{Loopback 0}/ip-address
showStats() /ncs:devices/device{csr1000v-3}/live-status/ios-stats:interfaces{GigabitEthernet 1}/ip-address
showStats() /ncs:devices/device{csr1000v-3}/live-status/ios-stats:interfaces{GigabitEthernet 2}/ip-address
showStats() /ncs:devices/device{csr1000v-3}/live-status/ios-stats:interfaces{GigabitEthernet 3}/ip-address
showStats() /ncs:devices/device{csr1000v-3}/live-status/ios-stats:interfaces{GigabitEthernet 4}/ip-address
showStats() /ncs:devices/device{csr1000v-3}/live-status/ios-stats:interfaces{GigabitEthernet 5}/ip-address
showStats() /ncs:devices/device{csr1000v-3}/live-status/ios-stats:interfaces{Loopback 0}/ip-address
showStats() /ncs:devices/device{csr1000v-4}/live-status/ios-stats:interfaces{GigabitEthernet 1}/ip-address
showStats() /ncs:devices/device{csr1000v-4}/live-status/ios-stats:interfaces{GigabitEthernet 2}/ip-address
showStats() /ncs:devices/device{csr1000v-4}/live-status/ios-stats:interfaces{GigabitEthernet 3}/ip-address
showStats() /ncs:devices/device{csr1000v-4}/live-status/ios-stats:interfaces{GigabitEthernet 4}/ip-address
showStats() /ncs:devices/device{csr1000v-4}/live-status/ios-stats:interfaces{GigabitEthernet 5}/ip-address
showStats() /ncs:devices/device{csr1000v-4}/live-status/ios-stats:interfaces{Loopback 0}/ip-address
showStats() /ncs:devices/device{csr1000v-5}/live-status/ios-stats:interfaces{GigabitEthernet 1}/ip-address
showStats() /ncs:devices/device{csr1000v-5}/live-status/ios-stats:interfaces{GigabitEthernet 2}/ip-address
showStats() /ncs:devices/device{csr1000v-5}/live-status/ios-stats:interfaces{GigabitEthernet 3}/ip-address
showStats() /ncs:devices/device{csr1000v-5}/live-status/ios-stats:interfaces{GigabitEthernet 4}/ip-address
showStats() /ncs:devices/device{csr1000v-5}/live-status/ios-stats:interfaces{GigabitEthernet 5}/ip-address
showStats() /ncs:devices/device{csr1000v-5}/live-status/ios-stats:interfaces{Loopback 0}/ip-address
showStats() /ncs:devices/device{csr1000v-1}/live-status/ios-stats:interfaces{GigabitEthernet 1}/ip-address
showStats() /ncs:devices/device{csr1000v-1}/live-status/ios-stats:interfaces{GigabitEthernet 2}/ip-address
showStats() /ncs:devices/device{csr1000v-1}/live-status/ios-stats:interfaces{GigabitEthernet 3}/ip-address
showStats() /ncs:devices/device{csr1000v-1}/live-status/ios-stats:interfaces{GigabitEthernet 4}/ip-address
<INFO> 01-May-2019::21:08:30.510 NcsMain JVM-Launcher: -  <= GOT STOP_VM
<WARN> 01-May-2019::21:08:30.512 NcsMain JVM-Launcher: - STOPPING
<WARN> 01-May-2019::21:08:30.512 NcsMain JVM-Launcher: - Stopping by System.exit()
<WARN> 01-May-2019::21:08:30.512 NcsMain JVM-Launcher: -  NCS JVM STOPPED
