<INFO> 1-May-2019::16:37:08.362 QSNYDER-M-C5UP ncs[6319]: - Enabling error log
<INFO> 1-May-2019::16:37:08.369 QSNYDER-M-C5UP ncs[6319]: - Writing error log to ./logs/ncserr.log
<INFO> 1-May-2019::16:37:08.383 QSNYDER-M-C5UP ncs[6319]: - Writing daemon log to /Users/qsnyder/GitHub/virlfiles/5-csr-mesh-ank/logs/ncs.log
<INFO> 1-May-2019::16:37:08.383 QSNYDER-M-C5UP ncs[6319]: - Writing NETCONF log to /Users/qsnyder/GitHub/virlfiles/5-csr-mesh-ank/logs/netconf.log
<INFO> 1-May-2019::16:37:08.383 QSNYDER-M-C5UP ncs[6319]: - Writing SNMP log to /Users/qsnyder/GitHub/virlfiles/5-csr-mesh-ank/logs/snmp.log
<INFO> 1-May-2019::16:37:08.384 QSNYDER-M-C5UP ncs[6319]: - Writing audit log to /Users/qsnyder/GitHub/virlfiles/5-csr-mesh-ank/logs/audit.log
<INFO> 1-May-2019::16:37:08.384 QSNYDER-M-C5UP ncs[6319]: - Writing developer log to /Users/qsnyder/GitHub/virlfiles/5-csr-mesh-ank/logs/devel.log
<INFO> 1-May-2019::16:37:08.384 QSNYDER-M-C5UP ncs[6319]: - Writing XPath trace log to /Users/qsnyder/GitHub/virlfiles/5-csr-mesh-ank/logs/xpath.trace
<INFO> 1-May-2019::16:37:08.384 QSNYDER-M-C5UP ncs[6319]: - Daemon logging started
<DEBUG> 1-May-2019::16:37:08.442 QSNYDER-M-C5UP ncs[6319]: - Loading file /Users/qsnyder/ncs-471/etc/ncs/ietf-netconf-monitoring.fxs
<DEBUG> 1-May-2019::16:37:08.443 QSNYDER-M-C5UP ncs[6319]: - Loading file /Users/qsnyder/ncs-471/etc/ncs/tailf-common-monitoring.fxs
<DEBUG> 1-May-2019::16:37:08.443 QSNYDER-M-C5UP ncs[6319]: - Loading file /Users/qsnyder/ncs-471/etc/ncs/tailf-webui.fxs
<DEBUG> 1-May-2019::16:37:08.444 QSNYDER-M-C5UP ncs[6319]: - Loading file /Users/qsnyder/ncs-471/etc/ncs/tailf-progress.fxs
<DEBUG> 1-May-2019::16:37:08.445 QSNYDER-M-C5UP ncs[6319]: - Loading file /Users/qsnyder/ncs-471/etc/ncs/tailf-ncs-ned.fxs
<DEBUG> 1-May-2019::16:37:08.446 QSNYDER-M-C5UP ncs[6319]: - Loading file /Users/qsnyder/ncs-471/etc/ncs/ietf-yang-library.fxs
<DEBUG> 1-May-2019::16:37:08.446 QSNYDER-M-C5UP ncs[6319]: - Loading file /Users/qsnyder/ncs-471/etc/ncs/snmp/TAILF-ALARM-TC-MIB.fxs
<DEBUG> 1-May-2019::16:37:08.447 QSNYDER-M-C5UP ncs[6319]: - Loading file /Users/qsnyder/ncs-471/etc/ncs/snmp/ITU-ALARM-TC-MIB.fxs
<DEBUG> 1-May-2019::16:37:08.447 QSNYDER-M-C5UP ncs[6319]: - Loading file /Users/qsnyder/ncs-471/etc/ncs/snmp/IANA-ITU-ALARM-TC-MIB.fxs
<DEBUG> 1-May-2019::16:37:08.448 QSNYDER-M-C5UP ncs[6319]: - Loading file /Users/qsnyder/ncs-471/etc/ncs/snmp/SNMPv2-TC.fxs
<DEBUG> 1-May-2019::16:37:08.448 QSNYDER-M-C5UP ncs[6319]: - Loading file /Users/qsnyder/ncs-471/etc/ncs/snmp/SNMP-FRAMEWORK-MIB.fxs
<DEBUG> 1-May-2019::16:37:08.449 QSNYDER-M-C5UP ncs[6319]: - Loading file /Users/qsnyder/ncs-471/etc/ncs/ietf-netconf-acm.fxs
<DEBUG> 1-May-2019::16:37:08.450 QSNYDER-M-C5UP ncs[6319]: - Loading file /Users/qsnyder/ncs-471/etc/ncs/iana-crypt-hash.fxs
<DEBUG> 1-May-2019::16:37:08.450 QSNYDER-M-C5UP ncs[6319]: - Loading file /Users/qsnyder/ncs-471/etc/ncs/snmp/SNMP-USER-BASED-SM-MIB.fxs
<DEBUG> 1-May-2019::16:37:08.451 QSNYDER-M-C5UP ncs[6319]: - Loading file /Users/qsnyder/ncs-471/etc/ncs/tailf-ncs-monitoring.fxs
<DEBUG> 1-May-2019::16:37:08.453 QSNYDER-M-C5UP ncs[6319]: - Loading file /Users/qsnyder/ncs-471/etc/ncs/tailf-kicker.fxs
<DEBUG> 1-May-2019::16:37:08.454 QSNYDER-M-C5UP ncs[6319]: - Loading file /Users/qsnyder/ncs-471/etc/ncs/snmp/SNMP-TARGET-MIB.fxs
<DEBUG> 1-May-2019::16:37:08.455 QSNYDER-M-C5UP ncs[6319]: - Loading file /Users/qsnyder/ncs-471/etc/ncs/tailf-ncs.fxs
<DEBUG> 1-May-2019::16:37:08.469 QSNYDER-M-C5UP ncs[6319]: - Loading file ./state/packages-in-use/1/cisco-ios/load-dir/tailf-ned-cisco-ios-stats.fxs
<DEBUG> 1-May-2019::16:37:08.471 QSNYDER-M-C5UP ncs[6319]: - Loading file ./state/packages-in-use/1/cisco-ios/load-dir/tailf-ned-cisco-ios-id.fxs
<DEBUG> 1-May-2019::16:37:08.471 QSNYDER-M-C5UP ncs[6319]: - Loading file ./state/packages-in-use/1/cisco-ios/load-dir/tailf-ned-cisco-ios.fxs
<DEBUG> 1-May-2019::16:37:08.685 QSNYDER-M-C5UP ncs[6319]: - Loading file /Users/qsnyder/ncs-471/etc/ncs/snmp/ietf-yang-smiv2.fxs
<DEBUG> 1-May-2019::16:37:08.686 QSNYDER-M-C5UP ncs[6319]: - Loading file /Users/qsnyder/ncs-471/etc/ncs/ietf-restconf-monitoring.fxs
<DEBUG> 1-May-2019::16:37:08.687 QSNYDER-M-C5UP ncs[6319]: - Loading file /Users/qsnyder/ncs-471/etc/ncs/tailf-ncs-netmod-netconf.fxs
<DEBUG> 1-May-2019::16:37:08.687 QSNYDER-M-C5UP ncs[6319]: - Loading file /Users/qsnyder/ncs-471/etc/ncs/snmp/snmp.fxs
<DEBUG> 1-May-2019::16:37:08.690 QSNYDER-M-C5UP ncs[6319]: - Loading file /Users/qsnyder/ncs-471/etc/ncs/snmp/encryption-usm.fxs
<DEBUG> 1-May-2019::16:37:08.691 QSNYDER-M-C5UP ncs[6319]: - Loading file /Users/qsnyder/ncs-471/etc/ncs/tailf-xsd-types.fxs
<DEBUG> 1-May-2019::16:37:08.691 QSNYDER-M-C5UP ncs[6319]: - Loading file /Users/qsnyder/ncs-471/etc/ncs/tailf-netconf-monitoring.fxs
<DEBUG> 1-May-2019::16:37:08.692 QSNYDER-M-C5UP ncs[6319]: - Loading file /Users/qsnyder/ncs-471/etc/ncs/tailf-configuration-policy.fxs
<DEBUG> 1-May-2019::16:37:08.693 QSNYDER-M-C5UP ncs[6319]: - Loading file /Users/qsnyder/ncs-471/etc/ncs/tailf-common.fxs
<DEBUG> 1-May-2019::16:37:08.693 QSNYDER-M-C5UP ncs[6319]: - Loading file /Users/qsnyder/ncs-471/etc/ncs/tailf-acm.fxs
<DEBUG> 1-May-2019::16:37:08.694 QSNYDER-M-C5UP ncs[6319]: - Loading file /Users/qsnyder/ncs-471/etc/ncs/tailf-webui-one.fxs
<DEBUG> 1-May-2019::16:37:08.695 QSNYDER-M-C5UP ncs[6319]: - Loading file /Users/qsnyder/ncs-471/etc/ncs/tailf-rollback.fxs
<DEBUG> 1-May-2019::16:37:08.695 QSNYDER-M-C5UP ncs[6319]: - Loading file /Users/qsnyder/ncs-471/etc/ncs/tailf-ncs-webui.fxs
<DEBUG> 1-May-2019::16:37:08.697 QSNYDER-M-C5UP ncs[6319]: - Loading file /Users/qsnyder/ncs-471/etc/ncs/snmp/tailf-ncs-snmp.fxs
<DEBUG> 1-May-2019::16:37:08.698 QSNYDER-M-C5UP ncs[6319]: - Loading file /Users/qsnyder/ncs-471/etc/ncs/tailf-ncs-scheduler.fxs
<DEBUG> 1-May-2019::16:37:08.699 QSNYDER-M-C5UP ncs[6319]: - Loading file /Users/qsnyder/ncs-471/etc/ncs/tailf-ncs-progress.fxs
<DEBUG> 1-May-2019::16:37:08.700 QSNYDER-M-C5UP ncs[6319]: - Loading file /Users/qsnyder/ncs-471/etc/ncs/tailf-ncs-event-forwarding.fxs
<DEBUG> 1-May-2019::16:37:08.700 QSNYDER-M-C5UP ncs[6319]: - Loading file /Users/qsnyder/ncs-471/etc/ncs/tailf-ncs-alarms.fxs
<DEBUG> 1-May-2019::16:37:08.703 QSNYDER-M-C5UP ncs[6319]: - Loading file /Users/qsnyder/ncs-471/etc/ncs/snmp/TRANSPORT-ADDRESS-MIB.fxs
<DEBUG> 1-May-2019::16:37:08.703 QSNYDER-M-C5UP ncs[6319]: - Loading file /Users/qsnyder/ncs-471/etc/ncs/snmp/TAILF-TOP-MIB.fxs
<DEBUG> 1-May-2019::16:37:08.704 QSNYDER-M-C5UP ncs[6319]: - Loading file /Users/qsnyder/ncs-471/etc/ncs/snmp/TAILF-ALARM-MIB.fxs
<DEBUG> 1-May-2019::16:37:08.705 QSNYDER-M-C5UP ncs[6319]: - Loading file /Users/qsnyder/ncs-471/etc/ncs/snmp/SNMPv2-SMI.fxs
<DEBUG> 1-May-2019::16:37:08.705 QSNYDER-M-C5UP ncs[6319]: - Loading file /Users/qsnyder/ncs-471/etc/ncs/snmp/SNMPv2-MIB.fxs
<DEBUG> 1-May-2019::16:37:08.706 QSNYDER-M-C5UP ncs[6319]: - Loading file /Users/qsnyder/ncs-471/etc/ncs/snmp/SNMP-VIEW-BASED-ACM-MIB.fxs
<DEBUG> 1-May-2019::16:37:08.707 QSNYDER-M-C5UP ncs[6319]: - Loading file /Users/qsnyder/ncs-471/etc/ncs/snmp/SNMP-NOTIFICATION-MIB.fxs
<DEBUG> 1-May-2019::16:37:08.708 QSNYDER-M-C5UP ncs[6319]: - Loading file /Users/qsnyder/ncs-471/etc/ncs/snmp/SNMP-MPD-MIB.fxs
<DEBUG> 1-May-2019::16:37:08.708 QSNYDER-M-C5UP ncs[6319]: - Loading file /Users/qsnyder/ncs-471/etc/ncs/snmp/SNMP-COMMUNITY-MIB.fxs
<DEBUG> 1-May-2019::16:37:08.709 QSNYDER-M-C5UP ncs[6319]: - Loading file /Users/qsnyder/ncs-471/etc/ncs/snmp/IPV6-TC.fxs
<DEBUG> 1-May-2019::16:37:08.709 QSNYDER-M-C5UP ncs[6319]: - Loading file /Users/qsnyder/ncs-471/etc/ncs/tailf-common-query.fxs
<DEBUG> 1-May-2019::16:37:08.710 QSNYDER-M-C5UP ncs[6319]: - Loading file /Users/qsnyder/ncs-471/etc/ncs/tailf-aaa.fxs
<DEBUG> 1-May-2019::16:37:08.831 QSNYDER-M-C5UP ncs[6319]: - Loading file /Users/qsnyder/ncs-471/etc/ncs/ncs.ccl
<DEBUG> 1-May-2019::16:37:08.841 QSNYDER-M-C5UP ncs[6319]: - Loading file /Users/qsnyder/ncs-471/etc/ncs/smart-license.ccl
<DEBUG> 1-May-2019::16:37:08.843 QSNYDER-M-C5UP ncs[6319]: - Loading file /Users/qsnyder/ncs-471/scripts/command/device_save.sh
<INFO> 1-May-2019::16:37:08.912 QSNYDER-M-C5UP ncs[6319]: - Starting to listen for Internal IPC on 127.0.0.1:4569
<INFO> 1-May-2019::16:37:09.479 QSNYDER-M-C5UP ncs[6319]: - CDB load: processing file: /Users/qsnyder/ncs-471/var/ncs/cdb/aaa_init.xml
<INFO> 1-May-2019::16:37:09.515 QSNYDER-M-C5UP ncs[6319]: - CDB load: processing file: /Users/qsnyder/ncs-471/var/ncs/cdb/ncs_defaults.xml
<INFO> 1-May-2019::16:37:09.525 QSNYDER-M-C5UP ncs[6319]: - CDB load: processing file: /Users/qsnyder/ncs-471/var/ncs/cdb/sls_defaults.xml
<INFO> 1-May-2019::16:37:09.526 QSNYDER-M-C5UP ncs[6319]: - CDB load: processing file: /Users/qsnyder/ncs-471/var/ncs/cdb/tailf-ncs-alarms_init.xml
<INFO> 1-May-2019::16:37:10.508 QSNYDER-M-C5UP ncs[6319]: - Starting the NCS Java VM
<DEBUG> 1-May-2019::16:37:10.721 QSNYDER-M-C5UP ncs[6319]: - Loading file /Users/qsnyder/ncs-471/etc/ncs/snmp/snmp_init.xml
<INFO> 1-May-2019::16:37:10.900 QSNYDER-M-C5UP ncs[6319]: - Starting to listen for NETCONF SSH on 0.0.0.0:2022
<INFO> 1-May-2019::16:37:10.971 QSNYDER-M-C5UP ncs[6319]: - Starting to listen for WebUI TCP on 0.0.0.0:8080
<DEBUG> 1-May-2019::16:37:11.128 QSNYDER-M-C5UP ncs[6319]: - Loading MIB: /Users/qsnyder/ncs-471/lib/ncs/lib/snmp/snmp/priv/mibs/SNMPv2-MIB
<DEBUG> 1-May-2019::16:37:11.128 QSNYDER-M-C5UP ncs[6319]: - Loading MIB: /Users/qsnyder/ncs-471/lib/ncs/lib/snmp/snmp/priv/mibs/SNMP-FRAMEWORK-MIB
<DEBUG> 1-May-2019::16:37:11.129 QSNYDER-M-C5UP ncs[6319]: - Loading MIB: /Users/qsnyder/ncs-471/lib/ncs/lib/snmp/snmp/priv/mibs/SNMP-MPD-MIB
<INFO> 1-May-2019::16:37:11.227 QSNYDER-M-C5UP ncs[6319]: - Starting to listen for SNMP UDP on 0.0.0.0:4000
<DEBUG> 1-May-2019::16:37:11.247 QSNYDER-M-C5UP ncs[6319]: - Loading MIB: /Users/qsnyder/ncs-471/etc/ncs/snmp/IANA-ITU-ALARM-TC-MIB.bin
<DEBUG> 1-May-2019::16:37:11.248 QSNYDER-M-C5UP ncs[6319]: - Loading MIB: /Users/qsnyder/ncs-471/etc/ncs/snmp/ITU-ALARM-TC-MIB.bin
<DEBUG> 1-May-2019::16:37:11.254 QSNYDER-M-C5UP ncs[6319]: - Loading MIB: /Users/qsnyder/ncs-471/etc/ncs/snmp/TAILF-ALARM-MIB.bin
<DEBUG> 1-May-2019::16:37:11.255 QSNYDER-M-C5UP ncs[6319]: - Loading MIB: /Users/qsnyder/ncs-471/etc/ncs/snmp/TAILF-ALARM-TC-MIB.bin
<DEBUG> 1-May-2019::16:37:11.256 QSNYDER-M-C5UP ncs[6319]: - Loading MIB: /Users/qsnyder/ncs-471/etc/ncs/snmp/TAILF-TOP-MIB.bin
<DEBUG> 1-May-2019::16:37:11.256 QSNYDER-M-C5UP ncs[6319]: - Loading MIB: /Users/qsnyder/ncs-471/lib/ncs/lib/snmp/snmp/priv/mibs/SNMP-COMMUNITY-MIB.bin
<DEBUG> 1-May-2019::16:37:11.259 QSNYDER-M-C5UP ncs[6319]: - Loading MIB: /Users/qsnyder/ncs-471/lib/ncs/lib/snmp/snmp/priv/mibs/SNMP-TARGET-MIB.bin
<DEBUG> 1-May-2019::16:37:11.260 QSNYDER-M-C5UP ncs[6319]: - Loading MIB: /Users/qsnyder/ncs-471/lib/ncs/lib/snmp/snmp/priv/mibs/SNMP-NOTIFICATION-MIB.bin
<DEBUG> 1-May-2019::16:37:11.260 QSNYDER-M-C5UP ncs[6319]: - Loading MIB: /Users/qsnyder/ncs-471/lib/ncs/lib/snmp/snmp/priv/mibs/SNMP-USER-BASED-SM-MIB.bin
<DEBUG> 1-May-2019::16:37:11.261 QSNYDER-M-C5UP ncs[6319]: - Loading MIB: /Users/qsnyder/ncs-471/lib/ncs/lib/snmp/snmp/priv/mibs/SNMP-VIEW-BASED-ACM-MIB.bin
<INFO> 1-May-2019::16:37:11.355 QSNYDER-M-C5UP ncs[6319]: - Starting to listen for CLI SSH on 0.0.0.0:2024
<INFO> 1-May-2019::16:37:11.785 QSNYDER-M-C5UP ncs[6319]: - Starting the NCS Smart Licensing Java VM
<INFO> 1-May-2019::16:37:11.860 QSNYDER-M-C5UP ncs[6319]: - NCS started vsn: 4.7.1
<INFO> 1-May-2019::16:37:20.845 QSNYDER-M-C5UP ncs[6319]: - Smart Licensing Global Notification: type = "notifyEnabled", agentID = "sa1", enforceMode = "notApplicable", allowRestricted = false, failReasonCode = "success", failMessage = "Successful."
<INFO> 1-May-2019::16:37:24.587 QSNYDER-M-C5UP ncs[6319]: - Smart Licensing Global Notification: type = "notifyReady", agentID = "sa1", enforceMode = "notApplicable", allowRestricted = false, failReasonCode = "success", failMessage = "Successful."
<INFO> 1-May-2019::16:37:24.592 QSNYDER-M-C5UP ncs[6319]: - Smart Licensing Entitlement Notification: type = "notifyEnforcementMode", agentID = "sa1", notificationTime = "May 1 16:37:19 2019", version = "1.0", requestedDate = "May 1 16:37:21 2019", tag = "regid.2015-10.com.cisco.NSO-platform-production,1.0_d1445dab-9d96-4593-99f2-6f633b8a759c", enforceMode = "eval", daysLeft = 90, expiryDate = "Jul 30 16:37:19 2019", requestedCount = 1
<INFO> 1-May-2019::16:37:24.592 QSNYDER-M-C5UP ncs[6319]: - Smart Licensing Entitlement Notification: type = "notifyEnforcementMode", agentID = "sa1", notificationTime = "May 1 16:37:20 2019", version = "1.0", requestedDate = "May 1 16:37:23 2019", tag = "regid.2015-10.com.cisco.cisco-ios-NED,1.0_d9eca34d-1f6a-4595-ad74-9c0c57e03c27", enforceMode = "eval", daysLeft = 90, expiryDate = "Jul 30 16:37:19 2019", requestedCount = 1
<INFO> 1-May-2019::16:37:28.436 QSNYDER-M-C5UP ncs[6319]: - Smart Licensing Entitlement Notification: type = "notifyEnforcementMode", agentID = "sa1", notificationTime = "May 1 16:37:22 2019", version = "1.0", requestedDate = "May 1 16:37:21 2019", tag = "regid.2015-10.com.cisco.NSO-platform-production,1.0_d1445dab-9d96-4593-99f2-6f633b8a759c", enforceMode = "eval", daysLeft = 90, expiryDate = "Jul 30 16:37:19 2019", requestedCount = 1
<INFO> 1-May-2019::16:37:28.441 QSNYDER-M-C5UP ncs[6319]: - Smart Licensing Entitlement Notification: type = "notifyEnforcementMode", agentID = "sa1", notificationTime = "May 1 16:37:23 2019", version = "1.0", requestedDate = "May 1 16:37:22 2019", tag = "regid.2015-10.com.cisco.NSO-network-element,1.0_5d641fa0-757d-43b0-a926-166cb6e3cfdd", enforceMode = "eval", daysLeft = 90, expiryDate = "Jul 30 16:37:19 2019", requestedCount = 5
<INFO> 1-May-2019::16:37:33.446 QSNYDER-M-C5UP ncs[6319]: - Smart Licensing Entitlement Notification: type = "notifyEnforcementMode", agentID = "sa1", notificationTime = "May 1 16:37:24 2019", version = "1.0", requestedDate = "May 1 16:37:23 2019", tag = "regid.2015-10.com.cisco.cisco-ios-NED,1.0_d9eca34d-1f6a-4595-ad74-9c0c57e03c27", enforceMode = "eval", daysLeft = 90, expiryDate = "Jul 30 16:37:19 2019", requestedCount = 1
<INFO> 1-May-2019::18:06:39.685 QSNYDER-M-C5UP ncs[6319]: - Smart Licensing evaluation time remaining: 89d 23h 0m 55s
<INFO> 1-May-2019::19:06:04.822 QSNYDER-M-C5UP ncs[6319]: - Smart Licensing evaluation time remaining: 89d 22h 1m 55s
<INFO> 1-May-2019::21:08:30.508 QSNYDER-M-C5UP ncs[6319]: - NCS stopping (ncs --stop called by qsnyder in /Users/qsnyder/GitHub/virlfiles/5-csr-mesh-ank)
<INFO> 1-May-2019::21:08:30.882 QSNYDER-M-C5UP ncs[6319]: - The NCS Java VM closed japi socket
<INFO> 1-May-2019::21:08:30.882 QSNYDER-M-C5UP ncs[6319]: - The NCS Java VM terminated
<INFO> 1-May-2019::21:08:30.906 QSNYDER-M-C5UP ncs[6319]: - Stopping to listen for NETCONF SSH on 0.0.0.0:2022
<INFO> 1-May-2019::21:08:35.037 QSNYDER-M-C5UP ncs[6319]: - Daemon logging terminating, reason: shutdown
