1-May-2019::16:37:10.273 evaluating: /cluster/commit-queue/enabled:  . = 'false' or
not (/cluster/remote-node
       [not (username)]
       [deref(authgroup)/../default-map[same-user or same-pass]])
1-May-2019::16:37:10.281 get_elem(/cluster/commit-queue/enabled) = false
1-May-2019::16:37:10.282 result: /cluster/commit-queue/enabled: true
1-May-2019::16:37:10.282 evaluating: /cluster/device-notifications/enabled:  . = 'false' or ../../remote-node
1-May-2019::16:37:10.282 get_elem(/cluster/device-notifications/enabled) = false
1-May-2019::16:37:10.282 result: /cluster/device-notifications/enabled: true
1-May-2019::16:37:10.282 evaluating: /cluster/device-notifications/enabled:  . = 'false' or
not (/cluster/remote-node
       [not (username)]
       [deref(authgroup)/../default-map[same-user or same-pass]])
1-May-2019::16:37:10.282 get_elem(/cluster/device-notifications/enabled) = false
1-May-2019::16:37:10.282 result: /cluster/device-notifications/enabled: true
1-May-2019::16:37:10.283 evaluating: /devices/authgroups/snmp-group[name='default']/umap[local-user='admin']/usm/security-level: (. = 'auth-priv' and ../priv) or (. != 'auth-priv')
1-May-2019::16:37:10.283 get_elem(/devices/authgroups/snmp-group[name='default']/umap[local-user='admin']/usm/security-level) = auth-priv
1-May-2019::16:37:10.283 exists(/devices/authgroups/snmp-group[name='default']/umap[local-user='admin']/usm/priv) = true
1-May-2019::16:37:10.283 result: /devices/authgroups/snmp-group[name='default']/umap[local-user='admin']/usm/security-level: true
1-May-2019::16:37:10.283 evaluating: /devices/authgroups/snmp-group[name='default']/umap[local-user='admin']/usm/security-level: . = 'no-auth-no-priv' or ../auth
1-May-2019::16:37:10.283 get_elem(/devices/authgroups/snmp-group[name='default']/umap[local-user='admin']/usm/security-level) = auth-priv
1-May-2019::16:37:10.284 exists(/devices/authgroups/snmp-group[name='default']/umap[local-user='admin']/usm/auth) = true
1-May-2019::16:37:10.284 result: /devices/authgroups/snmp-group[name='default']/umap[local-user='admin']/usm/security-level: true
1-May-2019::16:37:10.284 evaluating: /devices/authgroups/snmp-group[name='default']/umap[local-user='admin']/usm/priv: ../auth
1-May-2019::16:37:10.284 exists(/devices/authgroups/snmp-group[name='default']/umap[local-user='admin']/usm/auth) = true
1-May-2019::16:37:10.284 result: /devices/authgroups/snmp-group[name='default']/umap[local-user='admin']/usm/priv: true
1-May-2019::16:37:10.292 evaluating: /cluster/commit-queue/enabled:  . = 'false' or ../../remote-node
1-May-2019::16:37:10.292 get_elem(/cluster/commit-queue/enabled) = false
1-May-2019::16:37:10.292 result: /cluster/commit-queue/enabled: true
1-May-2019::16:37:10.292 evaluating: /cluster/commit-queue/enabled:  . = 'false' or
not (/cluster/remote-node
       [not (username)]
       [deref(authgroup)/../default-map[same-user or same-pass]])
1-May-2019::16:37:10.293 get_elem(/cluster/commit-queue/enabled) = false
1-May-2019::16:37:10.293 result: /cluster/commit-queue/enabled: true
1-May-2019::16:37:10.293 evaluating: /cluster/device-notifications/enabled:  . = 'false' or ../../remote-node
1-May-2019::16:37:10.293 get_elem(/cluster/device-notifications/enabled) = false
1-May-2019::16:37:10.293 result: /cluster/device-notifications/enabled: true
1-May-2019::16:37:10.293 evaluating: /cluster/device-notifications/enabled:  . = 'false' or
not (/cluster/remote-node
       [not (username)]
       [deref(authgroup)/../default-map[same-user or same-pass]])
1-May-2019::16:37:10.293 get_elem(/cluster/device-notifications/enabled) = false
1-May-2019::16:37:10.293 result: /cluster/device-notifications/enabled: true
1-May-2019::16:37:10.858 evaluating: /snmp/agent/version/v3: ../../engine-id
1-May-2019::16:37:10.859 exists(/snmp/agent/engine-id) = true
1-May-2019::16:37:10.859 result: /snmp/agent/version/v3: true
1-May-2019::16:37:10.860 evaluating: /snmp/vacm/group[name='initial']/access[sec-model='usm'][sec-level='no-auth-no-priv']/notify-view: /snmp/vacm/view/name
1-May-2019::16:37:10.860 get_elem(/snmp/vacm/group[name='initial']/access[sec-model='usm'][sec-level='no-auth-no-priv']/notify-view) = internet
1-May-2019::16:37:10.860 exists(/snmp/vacm/view[name='internet']) = true
1-May-2019::16:37:10.860 get_elem(/snmp/vacm/group[name='initial']/access[sec-model='usm'][sec-level='no-auth-no-priv']/notify-view) = internet
1-May-2019::16:37:10.860 result: /snmp/vacm/group[name='initial']/access[sec-model='usm'][sec-level='no-auth-no-priv']/notify-view: true
1-May-2019::16:37:10.861 evaluating: /snmp/vacm/group[name='initial']/access[sec-model='usm'][sec-level='no-auth-no-priv']/read-view: /snmp/vacm/view/name
1-May-2019::16:37:10.861 get_elem(/snmp/vacm/group[name='initial']/access[sec-model='usm'][sec-level='no-auth-no-priv']/read-view) = internet
1-May-2019::16:37:10.861 exists(/snmp/vacm/view[name='internet']) = true
1-May-2019::16:37:10.861 get_elem(/snmp/vacm/group[name='initial']/access[sec-model='usm'][sec-level='no-auth-no-priv']/read-view) = internet
1-May-2019::16:37:10.861 result: /snmp/vacm/group[name='initial']/access[sec-model='usm'][sec-level='no-auth-no-priv']/read-view: true
1-May-2019::16:37:10.861 evaluating: /snmp/vacm/group[name='initial']/access[sec-model='usm'][sec-level='auth-no-priv']/notify-view: /snmp/vacm/view/name
1-May-2019::16:37:10.861 get_elem(/snmp/vacm/group[name='initial']/access[sec-model='usm'][sec-level='auth-no-priv']/notify-view) = internet
1-May-2019::16:37:10.862 exists(/snmp/vacm/view[name='internet']) = true
1-May-2019::16:37:10.862 get_elem(/snmp/vacm/group[name='initial']/access[sec-model='usm'][sec-level='auth-no-priv']/notify-view) = internet
1-May-2019::16:37:10.862 result: /snmp/vacm/group[name='initial']/access[sec-model='usm'][sec-level='auth-no-priv']/notify-view: true
1-May-2019::16:37:10.862 evaluating: /snmp/vacm/group[name='initial']/access[sec-model='usm'][sec-level='auth-no-priv']/read-view: /snmp/vacm/view/name
1-May-2019::16:37:10.862 get_elem(/snmp/vacm/group[name='initial']/access[sec-model='usm'][sec-level='auth-no-priv']/read-view) = internet
1-May-2019::16:37:10.862 exists(/snmp/vacm/view[name='internet']) = true
1-May-2019::16:37:10.862 get_elem(/snmp/vacm/group[name='initial']/access[sec-model='usm'][sec-level='auth-no-priv']/read-view) = internet
1-May-2019::16:37:10.862 result: /snmp/vacm/group[name='initial']/access[sec-model='usm'][sec-level='auth-no-priv']/read-view: true
1-May-2019::16:37:10.863 evaluating: /snmp/vacm/group[name='initial']/access[sec-model='usm'][sec-level='auth-priv']/notify-view: /snmp/vacm/view/name
1-May-2019::16:37:10.863 get_elem(/snmp/vacm/group[name='initial']/access[sec-model='usm'][sec-level='auth-priv']/notify-view) = internet
1-May-2019::16:37:10.863 exists(/snmp/vacm/view[name='internet']) = true
1-May-2019::16:37:10.863 get_elem(/snmp/vacm/group[name='initial']/access[sec-model='usm'][sec-level='auth-priv']/notify-view) = internet
1-May-2019::16:37:10.863 result: /snmp/vacm/group[name='initial']/access[sec-model='usm'][sec-level='auth-priv']/notify-view: true
1-May-2019::16:37:10.863 evaluating: /snmp/vacm/group[name='initial']/access[sec-model='usm'][sec-level='auth-priv']/read-view: /snmp/vacm/view/name
1-May-2019::16:37:10.863 get_elem(/snmp/vacm/group[name='initial']/access[sec-model='usm'][sec-level='auth-priv']/read-view) = internet
1-May-2019::16:37:10.863 exists(/snmp/vacm/view[name='internet']) = true
1-May-2019::16:37:10.864 get_elem(/snmp/vacm/group[name='initial']/access[sec-model='usm'][sec-level='auth-priv']/read-view) = internet
1-May-2019::16:37:10.864 result: /snmp/vacm/group[name='initial']/access[sec-model='usm'][sec-level='auth-priv']/read-view: true
1-May-2019::16:37:10.864 evaluating: /snmp/vacm/group[name='public']/access[sec-model='any'][sec-level='no-auth-no-priv']/notify-view: /snmp/vacm/view/name
1-May-2019::16:37:10.864 get_elem(/snmp/vacm/group[name='public']/access[sec-model='any'][sec-level='no-auth-no-priv']/notify-view) = internet
1-May-2019::16:37:10.864 exists(/snmp/vacm/view[name='internet']) = true
1-May-2019::16:37:10.864 get_elem(/snmp/vacm/group[name='public']/access[sec-model='any'][sec-level='no-auth-no-priv']/notify-view) = internet
1-May-2019::16:37:10.864 result: /snmp/vacm/group[name='public']/access[sec-model='any'][sec-level='no-auth-no-priv']/notify-view: true
1-May-2019::16:37:10.864 evaluating: /snmp/vacm/group[name='public']/access[sec-model='any'][sec-level='no-auth-no-priv']/read-view: /snmp/vacm/view/name
1-May-2019::16:37:10.865 get_elem(/snmp/vacm/group[name='public']/access[sec-model='any'][sec-level='no-auth-no-priv']/read-view) = internet
1-May-2019::16:37:10.865 exists(/snmp/vacm/view[name='internet']) = true
1-May-2019::16:37:10.865 get_elem(/snmp/vacm/group[name='public']/access[sec-model='any'][sec-level='no-auth-no-priv']/read-view) = internet
1-May-2019::16:37:10.865 result: /snmp/vacm/group[name='public']/access[sec-model='any'][sec-level='no-auth-no-priv']/read-view: true
1-May-2019::16:37:10.865 evaluating: /snmp/notify[name='foo']/type: . != 'inform' or
count(
  /snmp/target[tag = current()/../tag]/../usm[../agent/engine-id])
= count(
  /snmp/target[tag = current()/../tag]/../usm)
1-May-2019::16:37:10.865 get_elem(/snmp/notify[name='foo']/type) = trap
1-May-2019::16:37:10.865 result: /snmp/notify[name='foo']/type: true
1-May-2019::16:37:10.865 evaluating: /snmp/usm/local/user[name='initial']/priv: ../auth
1-May-2019::16:37:10.866 exists(/snmp/usm/local/user[name='initial']/auth) = true
1-May-2019::16:37:10.866 result: /snmp/usm/local/user[name='initial']/priv: true
1-May-2019::16:37:10.866 evaluating: /snmp/target[name='monitor']/v2c/sec-name: /snmp/community/sec-name
1-May-2019::16:37:10.867 get_next(/snmp/community) = {public}
1-May-2019::16:37:10.867 get_elem(/snmp/community[index='public']/sec-name) = public
1-May-2019::16:37:10.867 get_elem(/snmp/target[name='monitor']/v2c/sec-name) = public
1-May-2019::16:37:10.867 result: /snmp/target[name='monitor']/v2c/sec-name: true
1-May-2019::16:37:11.651 maapi_xpath_eval_expr(): evaluating: string(count(/devices/device))
1-May-2019::16:37:11.651 num_instances(/devices/device) = 0
1-May-2019::16:37:11.652 maapi_xpath_eval_expr(): result: 0
1-May-2019::16:37:11.652 maapi_xpath_eval_expr(): evaluating: string(count(/devices/device/remote-node))
1-May-2019::16:37:11.652 get_next(/devices/device) = false
1-May-2019::16:37:11.653 maapi_xpath_eval_expr(): result: 0
1-May-2019::16:37:21.011 evaluating: /devices/device[name='csr1000v-1']: remote-node or address or lsa-remote-node
1-May-2019::16:37:21.011 get_elem(/devices/device[name='csr1000v-1']/remote-node) = not_found
1-May-2019::16:37:21.011 get_elem(/devices/device[name='csr1000v-1']/address) = 10.95.44.216
1-May-2019::16:37:21.011 result: /devices/device[name='csr1000v-1']: true
1-May-2019::16:37:21.012 evaluating: /devices/device[name='csr1000v-1']/authgroup: /devices/authgroups/group/name
1-May-2019::16:37:21.012 get_elem(/devices/device[name='csr1000v-1']/authgroup) = virl
1-May-2019::16:37:21.012 exists(/devices/authgroups/group[name='virl']) = true
1-May-2019::16:37:21.012 get_elem(/devices/device[name='csr1000v-1']/authgroup) = virl
1-May-2019::16:37:21.012 result: /devices/device[name='csr1000v-1']/authgroup: true
1-May-2019::16:37:21.012 evaluating: /devices/device[name='csr1000v-1']/device-type: ../remote-node or netconf or generic or cli or snmp
1-May-2019::16:37:21.012 get_elem(/devices/device[name='csr1000v-1']/remote-node) = not_found
1-May-2019::16:37:21.013 exists(/devices/device[name='csr1000v-1']/device-type/netconf) = false
1-May-2019::16:37:21.013 exists(/devices/device[name='csr1000v-1']/device-type/generic) = false
1-May-2019::16:37:21.013 exists(/devices/device[name='csr1000v-1']/device-type/cli) = true
1-May-2019::16:37:21.013 result: /devices/device[name='csr1000v-1']/device-type: true
1-May-2019::16:37:21.013 evaluating: /devices/device[name='csr1000v-1']/device-type/cli: ../../authgroup
1-May-2019::16:37:21.013 get_elem(/devices/device[name='csr1000v-1']/authgroup) = virl
1-May-2019::16:37:21.013 result: /devices/device[name='csr1000v-1']/device-type/cli: true
1-May-2019::16:37:21.014 evaluating: /devices/device[name='csr1000v-2']: remote-node or address or lsa-remote-node
1-May-2019::16:37:21.014 get_elem(/devices/device[name='csr1000v-2']/remote-node) = not_found
1-May-2019::16:37:21.014 get_elem(/devices/device[name='csr1000v-2']/address) = 10.95.44.217
1-May-2019::16:37:21.014 result: /devices/device[name='csr1000v-2']: true
1-May-2019::16:37:21.014 evaluating: /devices/device[name='csr1000v-2']/authgroup: /devices/authgroups/group/name
1-May-2019::16:37:21.014 get_elem(/devices/device[name='csr1000v-2']/authgroup) = virl
1-May-2019::16:37:21.015 exists(/devices/authgroups/group[name='virl']) = true
1-May-2019::16:37:21.015 get_elem(/devices/device[name='csr1000v-2']/authgroup) = virl
1-May-2019::16:37:21.015 result: /devices/device[name='csr1000v-2']/authgroup: true
1-May-2019::16:37:21.015 evaluating: /devices/device[name='csr1000v-2']/device-type: ../remote-node or netconf or generic or cli or snmp
1-May-2019::16:37:21.015 get_elem(/devices/device[name='csr1000v-2']/remote-node) = not_found
1-May-2019::16:37:21.015 exists(/devices/device[name='csr1000v-2']/device-type/netconf) = false
1-May-2019::16:37:21.015 exists(/devices/device[name='csr1000v-2']/device-type/generic) = false
1-May-2019::16:37:21.015 exists(/devices/device[name='csr1000v-2']/device-type/cli) = true
1-May-2019::16:37:21.015 result: /devices/device[name='csr1000v-2']/device-type: true
1-May-2019::16:37:21.016 evaluating: /devices/device[name='csr1000v-2']/device-type/cli: ../../authgroup
1-May-2019::16:37:21.016 get_elem(/devices/device[name='csr1000v-2']/authgroup) = virl
1-May-2019::16:37:21.016 result: /devices/device[name='csr1000v-2']/device-type/cli: true
1-May-2019::16:37:21.016 evaluating: /devices/device[name='csr1000v-3']: remote-node or address or lsa-remote-node
1-May-2019::16:37:21.016 get_elem(/devices/device[name='csr1000v-3']/remote-node) = not_found
1-May-2019::16:37:21.016 get_elem(/devices/device[name='csr1000v-3']/address) = 10.95.44.218
1-May-2019::16:37:21.016 result: /devices/device[name='csr1000v-3']: true
1-May-2019::16:37:21.016 evaluating: /devices/device[name='csr1000v-3']/authgroup: /devices/authgroups/group/name
1-May-2019::16:37:21.017 get_elem(/devices/device[name='csr1000v-3']/authgroup) = virl
1-May-2019::16:37:21.017 exists(/devices/authgroups/group[name='virl']) = true
1-May-2019::16:37:21.017 get_elem(/devices/device[name='csr1000v-3']/authgroup) = virl
1-May-2019::16:37:21.017 result: /devices/device[name='csr1000v-3']/authgroup: true
1-May-2019::16:37:21.017 evaluating: /devices/device[name='csr1000v-3']/device-type: ../remote-node or netconf or generic or cli or snmp
1-May-2019::16:37:21.017 get_elem(/devices/device[name='csr1000v-3']/remote-node) = not_found
1-May-2019::16:37:21.017 exists(/devices/device[name='csr1000v-3']/device-type/netconf) = false
1-May-2019::16:37:21.017 exists(/devices/device[name='csr1000v-3']/device-type/generic) = false
1-May-2019::16:37:21.018 exists(/devices/device[name='csr1000v-3']/device-type/cli) = true
1-May-2019::16:37:21.018 result: /devices/device[name='csr1000v-3']/device-type: true
1-May-2019::16:37:21.018 evaluating: /devices/device[name='csr1000v-3']/device-type/cli: ../../authgroup
1-May-2019::16:37:21.018 get_elem(/devices/device[name='csr1000v-3']/authgroup) = virl
1-May-2019::16:37:21.018 result: /devices/device[name='csr1000v-3']/device-type/cli: true
1-May-2019::16:37:21.018 evaluating: /devices/device[name='csr1000v-4']: remote-node or address or lsa-remote-node
1-May-2019::16:37:21.018 get_elem(/devices/device[name='csr1000v-4']/remote-node) = not_found
1-May-2019::16:37:21.018 get_elem(/devices/device[name='csr1000v-4']/address) = 10.95.44.219
1-May-2019::16:37:21.018 result: /devices/device[name='csr1000v-4']: true
1-May-2019::16:37:21.019 evaluating: /devices/device[name='csr1000v-4']/authgroup: /devices/authgroups/group/name
1-May-2019::16:37:21.019 get_elem(/devices/device[name='csr1000v-4']/authgroup) = virl
1-May-2019::16:37:21.019 exists(/devices/authgroups/group[name='virl']) = true
1-May-2019::16:37:21.019 get_elem(/devices/device[name='csr1000v-4']/authgroup) = virl
1-May-2019::16:37:21.019 result: /devices/device[name='csr1000v-4']/authgroup: true
1-May-2019::16:37:21.019 evaluating: /devices/device[name='csr1000v-4']/device-type: ../remote-node or netconf or generic or cli or snmp
1-May-2019::16:37:21.019 get_elem(/devices/device[name='csr1000v-4']/remote-node) = not_found
1-May-2019::16:37:21.019 exists(/devices/device[name='csr1000v-4']/device-type/netconf) = false
1-May-2019::16:37:21.020 exists(/devices/device[name='csr1000v-4']/device-type/generic) = false
1-May-2019::16:37:21.020 exists(/devices/device[name='csr1000v-4']/device-type/cli) = true
1-May-2019::16:37:21.020 result: /devices/device[name='csr1000v-4']/device-type: true
1-May-2019::16:37:21.020 evaluating: /devices/device[name='csr1000v-4']/device-type/cli: ../../authgroup
1-May-2019::16:37:21.020 get_elem(/devices/device[name='csr1000v-4']/authgroup) = virl
1-May-2019::16:37:21.020 result: /devices/device[name='csr1000v-4']/device-type/cli: true
1-May-2019::16:37:21.020 evaluating: /devices/device[name='csr1000v-5']: remote-node or address or lsa-remote-node
1-May-2019::16:37:21.020 get_elem(/devices/device[name='csr1000v-5']/remote-node) = not_found
1-May-2019::16:37:21.020 get_elem(/devices/device[name='csr1000v-5']/address) = 10.95.44.220
1-May-2019::16:37:21.020 result: /devices/device[name='csr1000v-5']: true
1-May-2019::16:37:21.021 evaluating: /devices/device[name='csr1000v-5']/authgroup: /devices/authgroups/group/name
1-May-2019::16:37:21.021 get_elem(/devices/device[name='csr1000v-5']/authgroup) = virl
1-May-2019::16:37:21.021 exists(/devices/authgroups/group[name='virl']) = true
1-May-2019::16:37:21.021 get_elem(/devices/device[name='csr1000v-5']/authgroup) = virl
1-May-2019::16:37:21.021 result: /devices/device[name='csr1000v-5']/authgroup: true
1-May-2019::16:37:21.021 evaluating: /devices/device[name='csr1000v-5']/device-type: ../remote-node or netconf or generic or cli or snmp
1-May-2019::16:37:21.021 get_elem(/devices/device[name='csr1000v-5']/remote-node) = not_found
1-May-2019::16:37:21.021 exists(/devices/device[name='csr1000v-5']/device-type/netconf) = false
1-May-2019::16:37:21.022 exists(/devices/device[name='csr1000v-5']/device-type/generic) = false
1-May-2019::16:37:21.022 exists(/devices/device[name='csr1000v-5']/device-type/cli) = true
1-May-2019::16:37:21.022 result: /devices/device[name='csr1000v-5']/device-type: true
1-May-2019::16:37:21.022 evaluating: /devices/device[name='csr1000v-5']/device-type/cli: ../../authgroup
1-May-2019::16:37:21.022 get_elem(/devices/device[name='csr1000v-5']/authgroup) = virl
1-May-2019::16:37:21.022 result: /devices/device[name='csr1000v-5']/device-type/cli: true
1-May-2019::16:41:48.162 evaluating: /devices/device[name='csr1000v-1']/live-status: ../ncs:device-type/ncs:netconf
1-May-2019::16:41:48.163 exists(/devices/device[name='csr1000v-1']/device-type/netconf) = false
1-May-2019::16:41:48.163 result: /devices/device[name='csr1000v-1']/live-status: false
1-May-2019::16:41:48.163 evaluating: /devices/device[name='csr1000v-1']/live-status: not(../ncs:module) or ../ncs:module[ncs:name='tailf-ned-cisco-ios-stats'] or (../ncs:live-status-protocol[not(ncs:capability)]) or (../ncs:live-status-protocol/ncs:capability/ncs:module[.='tailf-ned-cisco-ios-stats'])
1-May-2019::16:41:48.163 get_next(/devices/device[name='csr1000v-1']/module) = false
1-May-2019::16:41:48.163 result: /devices/device[name='csr1000v-1']/live-status: true
1-May-2019::16:41:48.165 evaluating: /devices/device[name='csr1000v-1']/lsa-remote-node: ../device-type/netconf/ned-id = 'ned:lsa-netconf'
1-May-2019::16:41:48.165 exists(/devices/device[name='csr1000v-1']/device-type/netconf) = false
1-May-2019::16:41:48.166 result: /devices/device[name='csr1000v-1']/lsa-remote-node: false
1-May-2019::16:41:49.701 evaluating: /devices/device[name='csr1000v-1']/lsa-remote-node: ../device-type/netconf/ned-id = 'ned:lsa-netconf'
1-May-2019::16:41:49.702 exists(/devices/device[name='csr1000v-1']/device-type/netconf) = false
1-May-2019::16:41:49.702 result: /devices/device[name='csr1000v-1']/lsa-remote-node: false
1-May-2019::16:41:49.707 evaluating: /devices/device[name='csr1000v-2']/live-status: ../ncs:device-type/ncs:netconf
1-May-2019::16:41:49.707 exists(/devices/device[name='csr1000v-2']/device-type/netconf) = false
1-May-2019::16:41:49.707 result: /devices/device[name='csr1000v-2']/live-status: false
1-May-2019::16:41:49.707 evaluating: /devices/device[name='csr1000v-2']/live-status: not(../ncs:module) or ../ncs:module[ncs:name='tailf-ned-cisco-ios-stats'] or (../ncs:live-status-protocol[not(ncs:capability)]) or (../ncs:live-status-protocol/ncs:capability/ncs:module[.='tailf-ned-cisco-ios-stats'])
1-May-2019::16:41:49.708 get_next(/devices/device[name='csr1000v-2']/module) = false
1-May-2019::16:41:49.708 result: /devices/device[name='csr1000v-2']/live-status: true
1-May-2019::16:41:49.709 evaluating: /devices/device[name='csr1000v-2']/lsa-remote-node: ../device-type/netconf/ned-id = 'ned:lsa-netconf'
1-May-2019::16:41:49.710 exists(/devices/device[name='csr1000v-2']/device-type/netconf) = false
1-May-2019::16:41:49.710 result: /devices/device[name='csr1000v-2']/lsa-remote-node: false
1-May-2019::16:41:51.313 evaluating: /devices/device[name='csr1000v-2']/lsa-remote-node: ../device-type/netconf/ned-id = 'ned:lsa-netconf'
1-May-2019::16:41:51.313 exists(/devices/device[name='csr1000v-2']/device-type/netconf) = false
1-May-2019::16:41:51.314 result: /devices/device[name='csr1000v-2']/lsa-remote-node: false
1-May-2019::16:41:51.318 evaluating: /devices/device[name='csr1000v-3']/live-status: ../ncs:device-type/ncs:netconf
1-May-2019::16:41:51.319 exists(/devices/device[name='csr1000v-3']/device-type/netconf) = false
1-May-2019::16:41:51.319 result: /devices/device[name='csr1000v-3']/live-status: false
1-May-2019::16:41:51.319 evaluating: /devices/device[name='csr1000v-3']/live-status: not(../ncs:module) or ../ncs:module[ncs:name='tailf-ned-cisco-ios-stats'] or (../ncs:live-status-protocol[not(ncs:capability)]) or (../ncs:live-status-protocol/ncs:capability/ncs:module[.='tailf-ned-cisco-ios-stats'])
1-May-2019::16:41:51.319 get_next(/devices/device[name='csr1000v-3']/module) = false
1-May-2019::16:41:51.319 result: /devices/device[name='csr1000v-3']/live-status: true
1-May-2019::16:41:51.321 evaluating: /devices/device[name='csr1000v-3']/lsa-remote-node: ../device-type/netconf/ned-id = 'ned:lsa-netconf'
1-May-2019::16:41:51.321 exists(/devices/device[name='csr1000v-3']/device-type/netconf) = false
1-May-2019::16:41:51.321 result: /devices/device[name='csr1000v-3']/lsa-remote-node: false
1-May-2019::16:41:52.759 evaluating: /devices/device[name='csr1000v-3']/lsa-remote-node: ../device-type/netconf/ned-id = 'ned:lsa-netconf'
1-May-2019::16:41:52.759 exists(/devices/device[name='csr1000v-3']/device-type/netconf) = false
1-May-2019::16:41:52.760 result: /devices/device[name='csr1000v-3']/lsa-remote-node: false
1-May-2019::16:41:52.764 evaluating: /devices/device[name='csr1000v-4']/live-status: ../ncs:device-type/ncs:netconf
1-May-2019::16:41:52.764 exists(/devices/device[name='csr1000v-4']/device-type/netconf) = false
1-May-2019::16:41:52.765 result: /devices/device[name='csr1000v-4']/live-status: false
1-May-2019::16:41:52.765 evaluating: /devices/device[name='csr1000v-4']/live-status: not(../ncs:module) or ../ncs:module[ncs:name='tailf-ned-cisco-ios-stats'] or (../ncs:live-status-protocol[not(ncs:capability)]) or (../ncs:live-status-protocol/ncs:capability/ncs:module[.='tailf-ned-cisco-ios-stats'])
1-May-2019::16:41:52.765 get_next(/devices/device[name='csr1000v-4']/module) = false
1-May-2019::16:41:52.765 result: /devices/device[name='csr1000v-4']/live-status: true
1-May-2019::16:41:52.767 evaluating: /devices/device[name='csr1000v-4']/lsa-remote-node: ../device-type/netconf/ned-id = 'ned:lsa-netconf'
1-May-2019::16:41:52.767 exists(/devices/device[name='csr1000v-4']/device-type/netconf) = false
1-May-2019::16:41:52.767 result: /devices/device[name='csr1000v-4']/lsa-remote-node: false
1-May-2019::16:41:54.135 evaluating: /devices/device[name='csr1000v-4']/lsa-remote-node: ../device-type/netconf/ned-id = 'ned:lsa-netconf'
1-May-2019::16:41:54.135 exists(/devices/device[name='csr1000v-4']/device-type/netconf) = false
1-May-2019::16:41:54.135 result: /devices/device[name='csr1000v-4']/lsa-remote-node: false
1-May-2019::16:41:54.140 evaluating: /devices/device[name='csr1000v-5']/live-status: ../ncs:device-type/ncs:netconf
1-May-2019::16:41:54.141 exists(/devices/device[name='csr1000v-5']/device-type/netconf) = false
1-May-2019::16:41:54.141 result: /devices/device[name='csr1000v-5']/live-status: false
1-May-2019::16:41:54.141 evaluating: /devices/device[name='csr1000v-5']/live-status: not(../ncs:module) or ../ncs:module[ncs:name='tailf-ned-cisco-ios-stats'] or (../ncs:live-status-protocol[not(ncs:capability)]) or (../ncs:live-status-protocol/ncs:capability/ncs:module[.='tailf-ned-cisco-ios-stats'])
1-May-2019::16:41:54.141 get_next(/devices/device[name='csr1000v-5']/module) = false
1-May-2019::16:41:54.141 result: /devices/device[name='csr1000v-5']/live-status: true
1-May-2019::16:41:54.143 evaluating: /devices/device[name='csr1000v-5']/lsa-remote-node: ../device-type/netconf/ned-id = 'ned:lsa-netconf'
1-May-2019::16:41:54.143 exists(/devices/device[name='csr1000v-5']/device-type/netconf) = false
1-May-2019::16:41:54.144 result: /devices/device[name='csr1000v-5']/lsa-remote-node: false
1-May-2019::16:41:55.482 evaluating: /devices/device[name='csr1000v-5']/lsa-remote-node: ../device-type/netconf/ned-id = 'ned:lsa-netconf'
1-May-2019::16:41:55.482 exists(/devices/device[name='csr1000v-5']/device-type/netconf) = false
1-May-2019::16:41:55.482 result: /devices/device[name='csr1000v-5']/lsa-remote-node: false
1-May-2019::16:41:55.485 evaluating: /devices/device[name='csr1000v-1']/lsa-remote-node: ../device-type/netconf/ned-id = 'ned:lsa-netconf'
1-May-2019::16:41:55.485 exists(/devices/device[name='csr1000v-1']/device-type/netconf) = false
1-May-2019::16:41:55.485 result: /devices/device[name='csr1000v-1']/lsa-remote-node: false
1-May-2019::16:41:55.496 evaluating: /devices/device[name='csr1000v-1']/live-status: ../ncs:device-type/ncs:netconf
1-May-2019::16:41:55.497 exists(/devices/device[name='csr1000v-1']/device-type/netconf) = false
1-May-2019::16:41:55.497 result: /devices/device[name='csr1000v-1']/live-status: false
1-May-2019::16:41:55.497 evaluating: /devices/device[name='csr1000v-1']/live-status/ios-stats:commands: not(../../ncs:module) or ../../ncs:module[ncs:name='tailf-ned-cisco-ios-stats'] or (../../ncs:live-status-protocol[not(ncs:capability)]) or (../../ncs:live-status-protocol/ncs:capability/ncs:module[.='tailf-ned-cisco-ios-stats'])
1-May-2019::16:41:55.497 get_next(/devices/device[name='csr1000v-1']/module) = {tailf-ned-cisco-ios}
1-May-2019::16:41:55.498 exists(/devices/device[name='csr1000v-1']/module[name='tailf-ned-cisco-ios-stats']) = true
1-May-2019::16:41:55.498 result: /devices/device[name='csr1000v-1']/live-status/ios-stats:commands: true
1-May-2019::16:41:55.498 evaluating: /devices/device[name='csr1000v-1']/live-status: not(../ncs:module) or ../ncs:module[ncs:name='tailf-ned-cisco-ios-stats'] or (../ncs:live-status-protocol[not(ncs:capability)]) or (../ncs:live-status-protocol/ncs:capability/ncs:module[.='tailf-ned-cisco-ios-stats'])
1-May-2019::16:41:55.498 get_next(/devices/device[name='csr1000v-1']/module) = {tailf-ned-cisco-ios}
1-May-2019::16:41:55.499 exists(/devices/device[name='csr1000v-1']/module[name='tailf-ned-cisco-ios-stats']) = true
1-May-2019::16:41:55.499 result: /devices/device[name='csr1000v-1']/live-status: true
1-May-2019::16:42:02.854 evaluating: /devices/device[name='csr1000v-1']/lsa-remote-node: ../device-type/netconf/ned-id = 'ned:lsa-netconf'
1-May-2019::16:42:02.855 exists(/devices/device[name='csr1000v-1']/device-type/netconf) = false
1-May-2019::16:42:02.855 result: /devices/device[name='csr1000v-1']/lsa-remote-node: false
1-May-2019::16:42:02.855 evaluating: /devices/device[name='csr1000v-2']/lsa-remote-node: ../device-type/netconf/ned-id = 'ned:lsa-netconf'
1-May-2019::16:42:02.856 exists(/devices/device[name='csr1000v-2']/device-type/netconf) = false
1-May-2019::16:42:02.856 result: /devices/device[name='csr1000v-2']/lsa-remote-node: false
1-May-2019::16:42:02.856 evaluating: /devices/device[name='csr1000v-3']/lsa-remote-node: ../device-type/netconf/ned-id = 'ned:lsa-netconf'
1-May-2019::16:42:02.857 exists(/devices/device[name='csr1000v-3']/device-type/netconf) = false
1-May-2019::16:42:02.857 result: /devices/device[name='csr1000v-3']/lsa-remote-node: false
1-May-2019::16:42:02.857 evaluating: /devices/device[name='csr1000v-4']/lsa-remote-node: ../device-type/netconf/ned-id = 'ned:lsa-netconf'
1-May-2019::16:42:02.857 exists(/devices/device[name='csr1000v-4']/device-type/netconf) = false
1-May-2019::16:42:02.857 result: /devices/device[name='csr1000v-4']/lsa-remote-node: false
1-May-2019::16:42:02.858 evaluating: /devices/device[name='csr1000v-5']/lsa-remote-node: ../device-type/netconf/ned-id = 'ned:lsa-netconf'
1-May-2019::16:42:02.858 exists(/devices/device[name='csr1000v-5']/device-type/netconf) = false
1-May-2019::16:42:02.858 result: /devices/device[name='csr1000v-5']/lsa-remote-node: false
1-May-2019::16:42:11.642 evaluating: /devices/device[name='csr1000v-1']/live-status: ../ncs:device-type/ncs:netconf
1-May-2019::16:42:11.642 exists(/devices/device[name='csr1000v-1']/device-type/netconf) = false
1-May-2019::16:42:11.642 result: /devices/device[name='csr1000v-1']/live-status: false
1-May-2019::16:42:11.643 evaluating: /devices/device[name='csr1000v-1']/live-status: not(../ncs:module) or ../ncs:module[ncs:name='tailf-ned-cisco-ios-stats'] or (../ncs:live-status-protocol[not(ncs:capability)]) or (../ncs:live-status-protocol/ncs:capability/ncs:module[.='tailf-ned-cisco-ios-stats'])
1-May-2019::16:42:11.643 get_next(/devices/device[name='csr1000v-1']/module) = {tailf-ned-cisco-ios}
1-May-2019::16:42:11.643 exists(/devices/device[name='csr1000v-1']/module[name='tailf-ned-cisco-ios-stats']) = true
1-May-2019::16:42:11.643 result: /devices/device[name='csr1000v-1']/live-status: true
1-May-2019::16:42:14.686 evaluating: /devices/device[name='csr1000v-1']/lsa-remote-node: ../device-type/netconf/ned-id = 'ned:lsa-netconf'
1-May-2019::16:42:14.686 exists(/devices/device[name='csr1000v-1']/device-type/netconf) = false
1-May-2019::16:42:14.686 result: /devices/device[name='csr1000v-1']/lsa-remote-node: false
1-May-2019::16:42:14.692 evaluating: /devices/device[name='csr1000v-2']/live-status: ../ncs:device-type/ncs:netconf
1-May-2019::16:42:14.692 exists(/devices/device[name='csr1000v-2']/device-type/netconf) = false
1-May-2019::16:42:14.692 result: /devices/device[name='csr1000v-2']/live-status: false
1-May-2019::16:42:14.692 evaluating: /devices/device[name='csr1000v-2']/live-status: not(../ncs:module) or ../ncs:module[ncs:name='tailf-ned-cisco-ios-stats'] or (../ncs:live-status-protocol[not(ncs:capability)]) or (../ncs:live-status-protocol/ncs:capability/ncs:module[.='tailf-ned-cisco-ios-stats'])
1-May-2019::16:42:14.693 get_next(/devices/device[name='csr1000v-2']/module) = {tailf-ned-cisco-ios}
1-May-2019::16:42:14.693 exists(/devices/device[name='csr1000v-2']/module[name='tailf-ned-cisco-ios-stats']) = true
1-May-2019::16:42:14.693 result: /devices/device[name='csr1000v-2']/live-status: true
1-May-2019::16:42:16.832 evaluating: /devices/device[name='csr1000v-2']/lsa-remote-node: ../device-type/netconf/ned-id = 'ned:lsa-netconf'
1-May-2019::16:42:16.833 exists(/devices/device[name='csr1000v-2']/device-type/netconf) = false
1-May-2019::16:42:16.833 result: /devices/device[name='csr1000v-2']/lsa-remote-node: false
1-May-2019::16:42:16.838 evaluating: /devices/device[name='csr1000v-3']/live-status: ../ncs:device-type/ncs:netconf
1-May-2019::16:42:16.839 exists(/devices/device[name='csr1000v-3']/device-type/netconf) = false
1-May-2019::16:42:16.839 result: /devices/device[name='csr1000v-3']/live-status: false
1-May-2019::16:42:16.839 evaluating: /devices/device[name='csr1000v-3']/live-status: not(../ncs:module) or ../ncs:module[ncs:name='tailf-ned-cisco-ios-stats'] or (../ncs:live-status-protocol[not(ncs:capability)]) or (../ncs:live-status-protocol/ncs:capability/ncs:module[.='tailf-ned-cisco-ios-stats'])
1-May-2019::16:42:16.840 get_next(/devices/device[name='csr1000v-3']/module) = {tailf-ned-cisco-ios}
1-May-2019::16:42:16.840 exists(/devices/device[name='csr1000v-3']/module[name='tailf-ned-cisco-ios-stats']) = true
1-May-2019::16:42:16.840 result: /devices/device[name='csr1000v-3']/live-status: true
1-May-2019::16:42:18.981 evaluating: /devices/device[name='csr1000v-3']/lsa-remote-node: ../device-type/netconf/ned-id = 'ned:lsa-netconf'
1-May-2019::16:42:18.981 exists(/devices/device[name='csr1000v-3']/device-type/netconf) = false
1-May-2019::16:42:18.981 result: /devices/device[name='csr1000v-3']/lsa-remote-node: false
1-May-2019::16:42:18.986 evaluating: /devices/device[name='csr1000v-4']/live-status: ../ncs:device-type/ncs:netconf
1-May-2019::16:42:18.987 exists(/devices/device[name='csr1000v-4']/device-type/netconf) = false
1-May-2019::16:42:18.987 result: /devices/device[name='csr1000v-4']/live-status: false
1-May-2019::16:42:18.987 evaluating: /devices/device[name='csr1000v-4']/live-status: not(../ncs:module) or ../ncs:module[ncs:name='tailf-ned-cisco-ios-stats'] or (../ncs:live-status-protocol[not(ncs:capability)]) or (../ncs:live-status-protocol/ncs:capability/ncs:module[.='tailf-ned-cisco-ios-stats'])
1-May-2019::16:42:18.987 get_next(/devices/device[name='csr1000v-4']/module) = {tailf-ned-cisco-ios}
1-May-2019::16:42:18.988 exists(/devices/device[name='csr1000v-4']/module[name='tailf-ned-cisco-ios-stats']) = true
1-May-2019::16:42:18.988 result: /devices/device[name='csr1000v-4']/live-status: true
1-May-2019::16:42:21.944 evaluating: /devices/device[name='csr1000v-4']/lsa-remote-node: ../device-type/netconf/ned-id = 'ned:lsa-netconf'
1-May-2019::16:42:21.944 exists(/devices/device[name='csr1000v-4']/device-type/netconf) = false
1-May-2019::16:42:21.945 result: /devices/device[name='csr1000v-4']/lsa-remote-node: false
1-May-2019::16:42:21.950 evaluating: /devices/device[name='csr1000v-5']/live-status: ../ncs:device-type/ncs:netconf
1-May-2019::16:42:21.951 exists(/devices/device[name='csr1000v-5']/device-type/netconf) = false
1-May-2019::16:42:21.951 result: /devices/device[name='csr1000v-5']/live-status: false
1-May-2019::16:42:21.951 evaluating: /devices/device[name='csr1000v-5']/live-status: not(../ncs:module) or ../ncs:module[ncs:name='tailf-ned-cisco-ios-stats'] or (../ncs:live-status-protocol[not(ncs:capability)]) or (../ncs:live-status-protocol/ncs:capability/ncs:module[.='tailf-ned-cisco-ios-stats'])
1-May-2019::16:42:21.951 get_next(/devices/device[name='csr1000v-5']/module) = {tailf-ned-cisco-ios}
1-May-2019::16:42:21.951 exists(/devices/device[name='csr1000v-5']/module[name='tailf-ned-cisco-ios-stats']) = true
1-May-2019::16:42:21.952 result: /devices/device[name='csr1000v-5']/live-status: true
1-May-2019::16:42:23.866 evaluating: /devices/device[name='csr1000v-5']/lsa-remote-node: ../device-type/netconf/ned-id = 'ned:lsa-netconf'
1-May-2019::16:42:23.866 exists(/devices/device[name='csr1000v-5']/device-type/netconf) = false
1-May-2019::16:42:23.866 result: /devices/device[name='csr1000v-5']/lsa-remote-node: false
1-May-2019::16:42:23.868 evaluating: /devices/device[name='csr1000v-1']/lsa-remote-node: ../device-type/netconf/ned-id = 'ned:lsa-netconf'
1-May-2019::16:42:23.869 exists(/devices/device[name='csr1000v-1']/device-type/netconf) = false
1-May-2019::16:42:23.869 result: /devices/device[name='csr1000v-1']/lsa-remote-node: false
1-May-2019::16:42:23.877 evaluating: /devices/device[name='csr1000v-1']/live-status: ../ncs:device-type/ncs:netconf
1-May-2019::16:42:23.877 exists(/devices/device[name='csr1000v-1']/device-type/netconf) = false
1-May-2019::16:42:23.877 result: /devices/device[name='csr1000v-1']/live-status: false
1-May-2019::16:42:23.877 evaluating: /devices/device[name='csr1000v-1']/live-status/ios-stats:commands: not(../../ncs:module) or ../../ncs:module[ncs:name='tailf-ned-cisco-ios-stats'] or (../../ncs:live-status-protocol[not(ncs:capability)]) or (../../ncs:live-status-protocol/ncs:capability/ncs:module[.='tailf-ned-cisco-ios-stats'])
1-May-2019::16:42:23.877 get_next(/devices/device[name='csr1000v-1']/module) = {tailf-ned-cisco-ios}
1-May-2019::16:42:23.878 exists(/devices/device[name='csr1000v-1']/module[name='tailf-ned-cisco-ios-stats']) = true
1-May-2019::16:42:23.878 result: /devices/device[name='csr1000v-1']/live-status/ios-stats:commands: true
1-May-2019::16:42:23.878 evaluating: /devices/device[name='csr1000v-1']/live-status: not(../ncs:module) or ../ncs:module[ncs:name='tailf-ned-cisco-ios-stats'] or (../ncs:live-status-protocol[not(ncs:capability)]) or (../ncs:live-status-protocol/ncs:capability/ncs:module[.='tailf-ned-cisco-ios-stats'])
1-May-2019::16:42:23.878 get_next(/devices/device[name='csr1000v-1']/module) = {tailf-ned-cisco-ios}
1-May-2019::16:42:23.878 exists(/devices/device[name='csr1000v-1']/module[name='tailf-ned-cisco-ios-stats']) = true
1-May-2019::16:42:23.878 result: /devices/device[name='csr1000v-1']/live-status: true
