Starting java-vm with options:
' -classpath :/Users/qsnyder/ncs-510/java/jar/* -Dport=4569 -Djava.awt.headless=true -Djava.security.egd=file:/dev/./urandom -Dfile.encoding=UTF-8'
NCS JVM STARTING
NcsLogger applying Default configuration!
<INFO> 01-May-2019::16:34:38.556 NcsMain JVM-Launcher: - CONNECTED TO to NCS --> Socket[addr=/127.0.0.1,port=4569,localport=50343]
<INFO> 01-May-2019::16:34:38.574 NcsMain JVM-Launcher: - READ SOCKET =>
<INFO> 01-May-2019::16:34:38.581 NcsMain JVM-Launcher: -  <= GOT INIT_JVM
JMXURL : service:jmx:rmi://127.0.0.1:9901/jndi/rmi://127.0.0.1:9902/ncs
<INFO> 01-May-2019::16:34:39.518 NcsMain JVM-Launcher: - ALARM SERVICE STARTED
<INFO> 01-May-2019::16:34:39.518 NcsMain JVM-Launcher: - DONE COMMAND --> INIT_JVM
<INFO> 01-May-2019::16:34:39.519 NcsMain JVM-Launcher: - READ SOCKET =>
<INFO> 01-May-2019::16:34:39.519 NcsMain JVM-Launcher: -  <= GOT LOAD_SHARED_JARS
<INFO> 01-May-2019::16:34:39.519 NcsMain JVM-Launcher: - LOAD SHARED PACKAGE ["cisco-ios-cli-3.8"] -->
<INFO> 01-May-2019::16:34:39.519 NcsMain JVM-Launcher: - loading shared jar: file:///Users/qsnyder/GitHub/virlfiles/5-csr-mesh-ank/packages/state/packages-in-use/1/cisco-ios-cli-3.8/shared-jar/ios-ns.jar
<INFO> 01-May-2019::16:34:39.520 NcsMain JVM-Launcher: - LOAD SHARED PACKAGE ["cisco-ios-cli-3.8"] --> OK
<INFO> 01-May-2019::16:34:39.520 NcsMain JVM-Launcher: - DONE COMMAND --> LOAD_SHARED_JARS
<INFO> 01-May-2019::16:34:39.520 NcsMain JVM-Launcher: - READ SOCKET =>
<INFO> 01-May-2019::16:34:39.520 NcsMain JVM-Launcher: -  <= GOT LOAD_PACKAGE
<INFO> 01-May-2019::16:34:39.520 NcsMain JVM-Launcher: - FOUND TYPE: callback
<INFO> 01-May-2019::16:34:39.521 NcsMain JVM-Launcher: - FOUND TYPE: callback
<INFO> 01-May-2019::16:34:39.521 NcsMain JVM-Launcher: - FOUND TYPE: ned
<INFO> 01-May-2019::16:34:39.522 NcsMain JVM-Launcher: - LOADING PACKAGE ["cisco-ios-cli-3.8"] -->
<WARN> 01-May-2019::16:34:39.542 ResourceManager JVM-Launcher: - Resource annotated field :IOSNedCli::mm already set, no resource injection performed
<INFO> 01-May-2019::16:34:39.542 NcsMain JVM-Launcher: - LOADING PACKAGE ["cisco-ios-cli-3.8"] --> LOADED
<INFO> 01-May-2019::16:34:39.542 NcsMain JVM-Launcher: - DONE COMMAND --> LOAD_PACKAGE
<INFO> 01-May-2019::16:34:39.543 NcsMain JVM-Launcher: - READ SOCKET =>
<INFO> 01-May-2019::16:34:39.543 NcsMain JVM-Launcher: -  <= GOT INSTANTIATE_COMPONENT
<INFO> 01-May-2019::16:34:39.543 NcsMain JVM-Launcher: - INSTANTIATE COMPONENT ["cisco-ios-cli-3.8:IOSDp2"] -->
<INFO> 01-May-2019::16:34:39.582 NcsMain JVM-Launcher: - INSTANTIATE COMPONENT ["cisco-ios-cli-3.8:IOSDp2"] --> DONE
<INFO> 01-May-2019::16:34:39.583 NcsMain JVM-Launcher: - DONE COMMAND --> INSTANTIATE_COMPONENT
<INFO> 01-May-2019::16:34:39.583 NcsMain JVM-Launcher: - READ SOCKET =>
<INFO> 01-May-2019::16:34:39.583 NcsMain JVM-Launcher: -  <= GOT INSTANTIATE_COMPONENT
<INFO> 01-May-2019::16:34:39.583 NcsMain JVM-Launcher: - INSTANTIATE COMPONENT ["cisco-ios-cli-3.8:IOSDp"] -->
<INFO> 01-May-2019::16:34:39.588 NcsMain JVM-Launcher: - INSTANTIATE COMPONENT ["cisco-ios-cli-3.8:IOSDp"] --> DONE
<INFO> 01-May-2019::16:34:39.589 NcsMain JVM-Launcher: - DONE COMMAND --> INSTANTIATE_COMPONENT
<INFO> 01-May-2019::16:34:39.589 NcsMain JVM-Launcher: - READ SOCKET =>
<INFO> 01-May-2019::16:34:39.589 NcsMain JVM-Launcher: -  <= GOT INSTANTIATE_COMPONENT
<INFO> 01-May-2019::16:34:39.589 NcsMain JVM-Launcher: - INSTANTIATE COMPONENT ["cisco-ios-cli-3.8:cisco-ios"] -->
<INFO> 01-May-2019::16:34:39.591 NcsMain JVM-Launcher: - INSTANTIATE COMPONENT ["cisco-ios-cli-3.8:cisco-ios"] --> DONE
<INFO> 01-May-2019::16:34:39.591 NcsMain JVM-Launcher: - DONE COMMAND --> INSTANTIATE_COMPONENT
<INFO> 01-May-2019::16:34:39.591 NcsMain JVM-Launcher: - READ SOCKET =>
<INFO> 01-May-2019::16:34:39.603 NcsMain JVM-Launcher: -  <= GOT DONE_LOADING
<INFO> 01-May-2019::16:34:39.604 NcsMain JVM-Launcher: - DONE LOADING  -->
<INFO> 01-May-2019::16:34:39.607 NcsMain JVM-Launcher: - DONE LOADING --> OK
<INFO> 01-May-2019::16:34:39.607 NcsMain JVM-Launcher: - DONE COMMAND --> DONE_LOADING
<INFO> 01-May-2019::16:34:39.607 NcsMain JVM-Launcher: - READ SOCKET =>
<INFO> 01-May-2019::16:35:26.003 NcsMain JVM-Launcher: -  <= GOT STOP_VM
<WARN> 01-May-2019::16:35:26.004 NcsMain JVM-Launcher: - STOPPING
<WARN> 01-May-2019::16:35:26.004 NcsMain JVM-Launcher: - Stopping by System.exit()
<WARN> 01-May-2019::16:35:26.004 NcsMain JVM-Launcher: -  NCS JVM STOPPED
