1-May-2019::16:34:37.906 evaluating: /cluster/commit-queue/enabled:  . = 'false' or
not (/cluster/remote-node
       [not (username)]
       [deref(authgroup)/../default-map[same-user or same-pass]])
1-May-2019::16:34:37.913 get_elem(/cluster/commit-queue/enabled) = false
1-May-2019::16:34:37.914 result: /cluster/commit-queue/enabled: true
1-May-2019::16:34:37.914 evaluating: /cluster/device-notifications/enabled:  . = 'false' or ../../remote-node
1-May-2019::16:34:37.914 get_elem(/cluster/device-notifications/enabled) = false
1-May-2019::16:34:37.914 result: /cluster/device-notifications/enabled: true
1-May-2019::16:34:37.914 evaluating: /cluster/device-notifications/enabled:  . = 'false' or
not (/cluster/remote-node
       [not (username)]
       [deref(authgroup)/../default-map[same-user or same-pass]])
1-May-2019::16:34:37.914 get_elem(/cluster/device-notifications/enabled) = false
1-May-2019::16:34:37.914 result: /cluster/device-notifications/enabled: true
1-May-2019::16:34:37.915 evaluating: /devices/authgroups/snmp-group[name='default']/umap[local-user='admin']/usm/security-level: (. = 'auth-priv' and ../priv) or (. != 'auth-priv')
1-May-2019::16:34:37.915 get_elem(/devices/authgroups/snmp-group[name='default']/umap[local-user='admin']/usm/security-level) = auth-priv
1-May-2019::16:34:37.915 exists(/devices/authgroups/snmp-group[name='default']/umap[local-user='admin']/usm/priv) = true
1-May-2019::16:34:37.915 result: /devices/authgroups/snmp-group[name='default']/umap[local-user='admin']/usm/security-level: true
1-May-2019::16:34:37.915 evaluating: /devices/authgroups/snmp-group[name='default']/umap[local-user='admin']/usm/security-level: . = 'no-auth-no-priv' or ../auth
1-May-2019::16:34:37.915 get_elem(/devices/authgroups/snmp-group[name='default']/umap[local-user='admin']/usm/security-level) = auth-priv
1-May-2019::16:34:37.916 exists(/devices/authgroups/snmp-group[name='default']/umap[local-user='admin']/usm/auth) = true
1-May-2019::16:34:37.916 result: /devices/authgroups/snmp-group[name='default']/umap[local-user='admin']/usm/security-level: true
1-May-2019::16:34:37.916 evaluating: /devices/authgroups/snmp-group[name='default']/umap[local-user='admin']/usm/priv: ../auth
1-May-2019::16:34:37.916 exists(/devices/authgroups/snmp-group[name='default']/umap[local-user='admin']/usm/auth) = true
1-May-2019::16:34:37.916 result: /devices/authgroups/snmp-group[name='default']/umap[local-user='admin']/usm/priv: true
1-May-2019::16:34:37.926 evaluating: /cluster/commit-queue/enabled:  . = 'false' or ../../remote-node
1-May-2019::16:34:37.926 get_elem(/cluster/commit-queue/enabled) = false
1-May-2019::16:34:37.926 result: /cluster/commit-queue/enabled: true
1-May-2019::16:34:37.927 evaluating: /cluster/commit-queue/enabled:  . = 'false' or
not (/cluster/remote-node
       [not (username)]
       [deref(authgroup)/../default-map[same-user or same-pass]])
1-May-2019::16:34:37.927 get_elem(/cluster/commit-queue/enabled) = false
1-May-2019::16:34:37.927 result: /cluster/commit-queue/enabled: true
1-May-2019::16:34:37.927 evaluating: /cluster/device-notifications/enabled:  . = 'false' or ../../remote-node
1-May-2019::16:34:37.927 get_elem(/cluster/device-notifications/enabled) = false
1-May-2019::16:34:37.927 result: /cluster/device-notifications/enabled: true
1-May-2019::16:34:37.928 evaluating: /cluster/device-notifications/enabled:  . = 'false' or
not (/cluster/remote-node
       [not (username)]
       [deref(authgroup)/../default-map[same-user or same-pass]])
1-May-2019::16:34:37.928 get_elem(/cluster/device-notifications/enabled) = false
1-May-2019::16:34:37.928 result: /cluster/device-notifications/enabled: true
1-May-2019::16:34:38.459 evaluating: /SNMP-USER-BASED-SM-MIB/usmUserTable/usmUserEntry[usmUserEngineID='80:00:7e:d9:04:74:65:73:74:69:6e:67'][usmUserName='initial']: usmUserPrivProtocol != '1.3.6.1.6.3.10.1.2.2'
1-May-2019::16:34:38.460 get_elem(/SNMP-USER-BASED-SM-MIB/usmUserTable/usmUserEntry[usmUserEngineID='80:00:7e:d9:04:74:65:73:74:69:6e:67'][usmUserName='initial']/usmUserPrivProtocol) = 1.3.6.1.6.3.10.1.2.4
1-May-2019::16:34:38.460 result: /SNMP-USER-BASED-SM-MIB/usmUserTable/usmUserEntry[usmUserEngineID='80:00:7e:d9:04:74:65:73:74:69:6e:67'][usmUserName='initial']: true
1-May-2019::16:34:38.460 evaluating: /SNMP-USER-BASED-SM-MIB/usmUserTable/usmUserEntry[usmUserEngineID='80:00:7e:d9:04:74:65:73:74:69:6e:67'][usmUserName='initial']: usmUserAuthProtocol != '1.3.6.1.6.3.10.1.1.2'
1-May-2019::16:34:38.460 get_elem(/SNMP-USER-BASED-SM-MIB/usmUserTable/usmUserEntry[usmUserEngineID='80:00:7e:d9:04:74:65:73:74:69:6e:67'][usmUserName='initial']/usmUserAuthProtocol) = 1.3.6.1.6.3.10.1.1.3
1-May-2019::16:34:38.460 result: /SNMP-USER-BASED-SM-MIB/usmUserTable/usmUserEntry[usmUserEngineID='80:00:7e:d9:04:74:65:73:74:69:6e:67'][usmUserName='initial']: true
1-May-2019::16:34:38.461 evaluating: /snmp/agent/version/v3: ../../engine-id
1-May-2019::16:34:38.461 exists(/snmp/agent/engine-id) = true
1-May-2019::16:34:38.461 result: /snmp/agent/version/v3: true
1-May-2019::16:34:38.462 evaluating: /snmp/vacm/group[name='initial']/access[sec-model='usm'][sec-level='no-auth-no-priv']/notify-view: /snmp/vacm/view/name
1-May-2019::16:34:38.462 get_elem(/snmp/vacm/group[name='initial']/access[sec-model='usm'][sec-level='no-auth-no-priv']/notify-view) = internet
1-May-2019::16:34:38.462 exists(/snmp/vacm/view[name='internet']) = true
1-May-2019::16:34:38.463 get_elem(/snmp/vacm/group[name='initial']/access[sec-model='usm'][sec-level='no-auth-no-priv']/notify-view) = internet
1-May-2019::16:34:38.463 result: /snmp/vacm/group[name='initial']/access[sec-model='usm'][sec-level='no-auth-no-priv']/notify-view: true
1-May-2019::16:34:38.463 evaluating: /snmp/vacm/group[name='initial']/access[sec-model='usm'][sec-level='no-auth-no-priv']/read-view: /snmp/vacm/view/name
1-May-2019::16:34:38.463 get_elem(/snmp/vacm/group[name='initial']/access[sec-model='usm'][sec-level='no-auth-no-priv']/read-view) = internet
1-May-2019::16:34:38.463 exists(/snmp/vacm/view[name='internet']) = true
1-May-2019::16:34:38.464 get_elem(/snmp/vacm/group[name='initial']/access[sec-model='usm'][sec-level='no-auth-no-priv']/read-view) = internet
1-May-2019::16:34:38.464 result: /snmp/vacm/group[name='initial']/access[sec-model='usm'][sec-level='no-auth-no-priv']/read-view: true
1-May-2019::16:34:38.464 evaluating: /snmp/vacm/group[name='initial']/access[sec-model='usm'][sec-level='auth-no-priv']/notify-view: /snmp/vacm/view/name
1-May-2019::16:34:38.464 get_elem(/snmp/vacm/group[name='initial']/access[sec-model='usm'][sec-level='auth-no-priv']/notify-view) = internet
1-May-2019::16:34:38.464 exists(/snmp/vacm/view[name='internet']) = true
1-May-2019::16:34:38.464 get_elem(/snmp/vacm/group[name='initial']/access[sec-model='usm'][sec-level='auth-no-priv']/notify-view) = internet
1-May-2019::16:34:38.464 result: /snmp/vacm/group[name='initial']/access[sec-model='usm'][sec-level='auth-no-priv']/notify-view: true
1-May-2019::16:34:38.465 evaluating: /snmp/vacm/group[name='initial']/access[sec-model='usm'][sec-level='auth-no-priv']/read-view: /snmp/vacm/view/name
1-May-2019::16:34:38.465 get_elem(/snmp/vacm/group[name='initial']/access[sec-model='usm'][sec-level='auth-no-priv']/read-view) = internet
1-May-2019::16:34:38.465 exists(/snmp/vacm/view[name='internet']) = true
1-May-2019::16:34:38.465 get_elem(/snmp/vacm/group[name='initial']/access[sec-model='usm'][sec-level='auth-no-priv']/read-view) = internet
1-May-2019::16:34:38.465 result: /snmp/vacm/group[name='initial']/access[sec-model='usm'][sec-level='auth-no-priv']/read-view: true
1-May-2019::16:34:38.466 evaluating: /snmp/vacm/group[name='initial']/access[sec-model='usm'][sec-level='auth-priv']/notify-view: /snmp/vacm/view/name
1-May-2019::16:34:38.466 get_elem(/snmp/vacm/group[name='initial']/access[sec-model='usm'][sec-level='auth-priv']/notify-view) = internet
1-May-2019::16:34:38.466 exists(/snmp/vacm/view[name='internet']) = true
1-May-2019::16:34:38.466 get_elem(/snmp/vacm/group[name='initial']/access[sec-model='usm'][sec-level='auth-priv']/notify-view) = internet
1-May-2019::16:34:38.466 result: /snmp/vacm/group[name='initial']/access[sec-model='usm'][sec-level='auth-priv']/notify-view: true
1-May-2019::16:34:38.466 evaluating: /snmp/vacm/group[name='initial']/access[sec-model='usm'][sec-level='auth-priv']/read-view: /snmp/vacm/view/name
1-May-2019::16:34:38.467 get_elem(/snmp/vacm/group[name='initial']/access[sec-model='usm'][sec-level='auth-priv']/read-view) = internet
1-May-2019::16:34:38.467 exists(/snmp/vacm/view[name='internet']) = true
1-May-2019::16:34:38.467 get_elem(/snmp/vacm/group[name='initial']/access[sec-model='usm'][sec-level='auth-priv']/read-view) = internet
1-May-2019::16:34:38.467 result: /snmp/vacm/group[name='initial']/access[sec-model='usm'][sec-level='auth-priv']/read-view: true
1-May-2019::16:34:38.467 evaluating: /snmp/vacm/group[name='public']/access[sec-model='any'][sec-level='no-auth-no-priv']/notify-view: /snmp/vacm/view/name
1-May-2019::16:34:38.468 get_elem(/snmp/vacm/group[name='public']/access[sec-model='any'][sec-level='no-auth-no-priv']/notify-view) = internet
1-May-2019::16:34:38.468 exists(/snmp/vacm/view[name='internet']) = true
1-May-2019::16:34:38.468 get_elem(/snmp/vacm/group[name='public']/access[sec-model='any'][sec-level='no-auth-no-priv']/notify-view) = internet
1-May-2019::16:34:38.468 result: /snmp/vacm/group[name='public']/access[sec-model='any'][sec-level='no-auth-no-priv']/notify-view: true
1-May-2019::16:34:38.468 evaluating: /snmp/vacm/group[name='public']/access[sec-model='any'][sec-level='no-auth-no-priv']/read-view: /snmp/vacm/view/name
1-May-2019::16:34:38.468 get_elem(/snmp/vacm/group[name='public']/access[sec-model='any'][sec-level='no-auth-no-priv']/read-view) = internet
1-May-2019::16:34:38.469 exists(/snmp/vacm/view[name='internet']) = true
1-May-2019::16:34:38.469 get_elem(/snmp/vacm/group[name='public']/access[sec-model='any'][sec-level='no-auth-no-priv']/read-view) = internet
1-May-2019::16:34:38.469 result: /snmp/vacm/group[name='public']/access[sec-model='any'][sec-level='no-auth-no-priv']/read-view: true
1-May-2019::16:34:38.469 evaluating: /snmp/notify[name='foo']/type: . != 'inform' or
count(
  /snmp/target[tag = current()/../tag]/../usm[../agent/engine-id])
= count(
  /snmp/target[tag = current()/../tag]/../usm)
1-May-2019::16:34:38.469 get_elem(/snmp/notify[name='foo']/type) = trap
1-May-2019::16:34:38.469 result: /snmp/notify[name='foo']/type: true
1-May-2019::16:34:38.470 evaluating: /snmp/usm/local/user[name='initial']/priv: ../auth
1-May-2019::16:34:38.470 exists(/snmp/usm/local/user[name='initial']/auth) = true
1-May-2019::16:34:38.470 result: /snmp/usm/local/user[name='initial']/priv: true
1-May-2019::16:34:38.470 evaluating: /snmp/target[name='monitor']/v2c/sec-name: /snmp/community/sec-name
1-May-2019::16:34:38.471 get_next(/snmp/community) = {public}
1-May-2019::16:34:38.471 get_elem(/snmp/community[index='public']/sec-name) = public
1-May-2019::16:34:38.471 get_elem(/snmp/target[name='monitor']/v2c/sec-name) = public
1-May-2019::16:34:38.471 result: /snmp/target[name='monitor']/v2c/sec-name: true
1-May-2019::16:34:39.746 maapi_xpath_eval_expr(): evaluating: string(count(/devices/device))
1-May-2019::16:34:39.747 num_instances(/devices/device) = 0
1-May-2019::16:34:39.747 maapi_xpath_eval_expr(): result: 0
1-May-2019::16:34:39.748 maapi_xpath_eval_expr(): evaluating: string(count(/devices/device/remote-node))
1-May-2019::16:34:39.749 get_next(/devices/device) = false
1-May-2019::16:34:39.749 maapi_xpath_eval_expr(): result: 0
